{"/Users/mohamedamir/Desktop/autoreparis_app1/app.d.ts": {"path":"/Users/mohamedamir/Desktop/autoreparis_app1/app.d.ts","statementMap":{},"fnMap":{},"branchMap":{},"s":{},"f":{},"b":{}}
,"/Users/mohamedamir/Desktop/autoreparis_app1/nativewind-env.d.ts": {"path":"/Users/mohamedamir/Desktop/autoreparis_app1/nativewind-env.d.ts","statementMap":{},"fnMap":{},"branchMap":{},"s":{},"f":{},"b":{}}
,"/Users/mohamedamir/Desktop/autoreparis_app1/app/+html.tsx": {"path":"/Users/mohamedamir/Desktop/autoreparis_app1/app/+html.tsx","statementMap":{"0":{"start":{"line":8,"column":2},"end":{"line":27,"column":4}},"1":{"start":{"line":30,"column":29},"end":{"line":38,"column":2}}},"fnMap":{"0":{"name":"Root","decl":{"start":{"line":7,"column":24},"end":{"line":7,"column":28}},"loc":{"start":{"line":7,"column":74},"end":{"line":28,"column":1}},"line":7}},"branchMap":{},"s":{"0":0,"1":0},"f":{"0":0},"b":{}}
,"/Users/mohamedamir/Desktop/autoreparis_app1/app/+not-found.tsx": {"path":"/Users/mohamedamir/Desktop/autoreparis_app1/app/+not-found.tsx","statementMap":{"0":{"start":{"line":5,"column":2},"end":{"line":16,"column":4}},"1":{"start":{"line":19,"column":15},"end":{"line":40,"column":2}}},"fnMap":{"0":{"name":"NotFoundScreen","decl":{"start":{"line":4,"column":24},"end":{"line":4,"column":38}},"loc":{"start":{"line":4,"column":41},"end":{"line":17,"column":1}},"line":4}},"branchMap":{},"s":{"0":0,"1":0},"f":{"0":0},"b":{}}
,"/Users/mohamedamir/Desktop/autoreparis_app1/app/_layout.tsx": {"path":"/Users/mohamedamir/Desktop/autoreparis_app1/app/_layout.tsx","statementMap":{"0":{"start":{"line":19,"column":33},"end":{"line":22,"column":1}},"1":{"start":{"line":25,"column":0},"end":{"line":25,"column":36}},"2":{"start":{"line":28,"column":26},"end":{"line":31,"column":4}},"3":{"start":{"line":34,"column":2},"end":{"line":36,"column":14}},"4":{"start":{"line":35,"column":4},"end":{"line":35,"column":27}},"5":{"start":{"line":35,"column":15},"end":{"line":35,"column":27}},"6":{"start":{"line":38,"column":2},"end":{"line":42,"column":15}},"7":{"start":{"line":39,"column":4},"end":{"line":41,"column":5}},"8":{"start":{"line":40,"column":6},"end":{"line":40,"column":31}},"9":{"start":{"line":44,"column":2},"end":{"line":46,"column":3}},"10":{"start":{"line":45,"column":4},"end":{"line":45,"column":16}},"11":{"start":{"line":48,"column":2},"end":{"line":48,"column":27}},"12":{"start":{"line":58,"column":22},"end":{"line":58,"column":38}},"13":{"start":{"line":60,"column":2},"end":{"line":79,"column":9}},"14":{"start":{"line":61,"column":4},"end":{"line":63,"column":7}},"15":{"start":{"line":65,"column":25},"end":{"line":76,"column":18}},"16":{"start":{"line":68,"column":21},"end":{"line":68,"column":32}},"17":{"start":{"line":69,"column":8},"end":{"line":74,"column":9}},"18":{"start":{"line":70,"column":10},"end":{"line":73,"column":12}},"19":{"start":{"line":78,"column":4},"end":{"line":78,"column":49}},"20":{"start":{"line":78,"column":19},"end":{"line":78,"column":46}},"21":{"start":{"line":81,"column":2},"end":{"line":91,"column":4}},"22":{"start":{"line":95,"column":2},"end":{"line":95,"column":22}},"23":{"start":{"line":97,"column":2},"end":{"line":108,"column":4}}},"fnMap":{"0":{"name":"RootLayout","decl":{"start":{"line":27,"column":24},"end":{"line":27,"column":34}},"loc":{"start":{"line":27,"column":37},"end":{"line":49,"column":1}},"line":27},"1":{"name":"(anonymous_1)","decl":{"start":{"line":34,"column":12},"end":{"line":34,"column":13}},"loc":{"start":{"line":34,"column":18},"end":{"line":36,"column":3}},"line":34},"2":{"name":"(anonymous_2)","decl":{"start":{"line":38,"column":12},"end":{"line":38,"column":13}},"loc":{"start":{"line":38,"column":18},"end":{"line":42,"column":3}},"line":38},"3":{"name":"RootLayoutNav","decl":{"start":{"line":57,"column":9},"end":{"line":57,"column":22}},"loc":{"start":{"line":57,"column":25},"end":{"line":92,"column":1}},"line":57},"4":{"name":"(anonymous_4)","decl":{"start":{"line":60,"column":12},"end":{"line":60,"column":13}},"loc":{"start":{"line":60,"column":18},"end":{"line":79,"column":3}},"line":60},"5":{"name":"(anonymous_5)","decl":{"start":{"line":61,"column":45},"end":{"line":61,"column":46}},"loc":{"start":{"line":61,"column":55},"end":{"line":63,"column":5}},"line":61},"6":{"name":"(anonymous_6)","decl":{"start":{"line":67,"column":90},"end":{"line":67,"column":91}},"loc":{"start":{"line":67,"column":103},"end":{"line":75,"column":7}},"line":67},"7":{"name":"(anonymous_7)","decl":{"start":{"line":78,"column":11},"end":{"line":78,"column":12}},"loc":{"start":{"line":78,"column":17},"end":{"line":78,"column":48}},"line":78},"8":{"name":"ProtectedLayout","decl":{"start":{"line":94,"column":9},"end":{"line":94,"column":24}},"loc":{"start":{"line":94,"column":27},"end":{"line":109,"column":1}},"line":94}},"branchMap":{"0":{"loc":{"start":{"line":35,"column":4},"end":{"line":35,"column":27}},"type":"if","locations":[{"start":{"line":35,"column":4},"end":{"line":35,"column":27}},{"start":{},"end":{}}],"line":35},"1":{"loc":{"start":{"line":39,"column":4},"end":{"line":41,"column":5}},"type":"if","locations":[{"start":{"line":39,"column":4},"end":{"line":41,"column":5}},{"start":{},"end":{}}],"line":39},"2":{"loc":{"start":{"line":44,"column":2},"end":{"line":46,"column":3}},"type":"if","locations":[{"start":{"line":44,"column":2},"end":{"line":46,"column":3}},{"start":{},"end":{}}],"line":44},"3":{"loc":{"start":{"line":69,"column":8},"end":{"line":74,"column":9}},"type":"if","locations":[{"start":{"line":69,"column":8},"end":{"line":74,"column":9}},{"start":{},"end":{}}],"line":69},"4":{"loc":{"start":{"line":72,"column":23},"end":{"line":72,"column":69}},"type":"binary-expr","locations":[{"start":{"line":72,"column":23},"end":{"line":72,"column":41}},{"start":{"line":72,"column":45},"end":{"line":72,"column":56}},{"start":{"line":72,"column":60},"end":{"line":72,"column":69}}],"line":72},"5":{"loc":{"start":{"line":84,"column":30},"end":{"line":84,"column":79}},"type":"cond-expr","locations":[{"start":{"line":84,"column":55},"end":{"line":84,"column":64}},{"start":{"line":84,"column":67},"end":{"line":84,"column":79}}],"line":84}},"s":{"0":0,"1":0,"2":0,"3":0,"4":0,"5":0,"6":0,"7":0,"8":0,"9":0,"10":0,"11":0,"12":0,"13":0,"14":0,"15":0,"16":0,"17":0,"18":0,"19":0,"20":0,"21":0,"22":0,"23":0},"f":{"0":0,"1":0,"2":0,"3":0,"4":0,"5":0,"6":0,"7":0,"8":0},"b":{"0":[0,0],"1":[0,0],"2":[0,0],"3":[0,0],"4":[0,0,0],"5":[0,0]}}
,"/Users/mohamedamir/Desktop/autoreparis_app1/app/index.tsx": {"path":"/Users/mohamedamir/Desktop/autoreparis_app1/app/index.tsx","statementMap":{"0":{"start":{"line":8,"column":19},"end":{"line":8,"column":30}},"1":{"start":{"line":10,"column":4},"end":{"line":152,"column":6}},"2":{"start":{"line":30,"column":43},"end":{"line":30,"column":71}},"3":{"start":{"line":60,"column":47},"end":{"line":60,"column":76}},"4":{"start":{"line":110,"column":43},"end":{"line":110,"column":76}},"5":{"start":{"line":132,"column":39},"end":{"line":132,"column":67}},"6":{"start":{"line":140,"column":57},"end":{"line":140,"column":145}},"7":{"start":{"line":144,"column":57},"end":{"line":144,"column":139}}},"fnMap":{"0":{"name":"PublicHomeScreen","decl":{"start":{"line":7,"column":24},"end":{"line":7,"column":40}},"loc":{"start":{"line":7,"column":43},"end":{"line":153,"column":1}},"line":7},"1":{"name":"(anonymous_1)","decl":{"start":{"line":30,"column":37},"end":{"line":30,"column":38}},"loc":{"start":{"line":30,"column":43},"end":{"line":30,"column":71}},"line":30},"2":{"name":"(anonymous_2)","decl":{"start":{"line":60,"column":41},"end":{"line":60,"column":42}},"loc":{"start":{"line":60,"column":47},"end":{"line":60,"column":76}},"line":60},"3":{"name":"(anonymous_3)","decl":{"start":{"line":110,"column":37},"end":{"line":110,"column":38}},"loc":{"start":{"line":110,"column":43},"end":{"line":110,"column":76}},"line":110},"4":{"name":"(anonymous_4)","decl":{"start":{"line":132,"column":33},"end":{"line":132,"column":34}},"loc":{"start":{"line":132,"column":39},"end":{"line":132,"column":67}},"line":132},"5":{"name":"(anonymous_5)","decl":{"start":{"line":140,"column":51},"end":{"line":140,"column":52}},"loc":{"start":{"line":140,"column":57},"end":{"line":140,"column":145}},"line":140},"6":{"name":"(anonymous_6)","decl":{"start":{"line":144,"column":51},"end":{"line":144,"column":52}},"loc":{"start":{"line":144,"column":57},"end":{"line":144,"column":139}},"line":144}},"branchMap":{},"s":{"0":0,"1":0,"2":0,"3":0,"4":0,"5":0,"6":0,"7":0},"f":{"0":0,"1":0,"2":0,"3":0,"4":0,"5":0,"6":0},"b":{}}
,"/Users/mohamedamir/Desktop/autoreparis_app1/app/modal.tsx": {"path":"/Users/mohamedamir/Desktop/autoreparis_app1/app/modal.tsx","statementMap":{"0":{"start":{"line":6,"column":2},"end":{"line":18,"column":4}}},"fnMap":{"0":{"name":"ModalScreen","decl":{"start":{"line":5,"column":24},"end":{"line":5,"column":35}},"loc":{"start":{"line":5,"column":38},"end":{"line":19,"column":1}},"line":5}},"branchMap":{"0":{"loc":{"start":{"line":16,"column":24},"end":{"line":16,"column":64}},"type":"cond-expr","locations":[{"start":{"line":16,"column":48},"end":{"line":16,"column":55}},{"start":{"line":16,"column":58},"end":{"line":16,"column":64}}],"line":16}},"s":{"0":0},"f":{"0":0},"b":{"0":[0,0]}}
,"/Users/mohamedamir/Desktop/autoreparis_app1/app/profile.tsx": {"path":"/Users/mohamedamir/Desktop/autoreparis_app1/app/profile.tsx","statementMap":{"0":{"start":{"line":14,"column":19},"end":{"line":14,"column":30}},"1":{"start":{"line":15,"column":34},"end":{"line":15,"column":43}},"2":{"start":{"line":18,"column":52},"end":{"line":18,"column":68}},"3":{"start":{"line":19,"column":25},"end":{"line":19,"column":46}},"4":{"start":{"line":20,"column":25},"end":{"line":20,"column":46}},"5":{"start":{"line":23,"column":44},"end":{"line":23,"column":59}},"6":{"start":{"line":24,"column":34},"end":{"line":24,"column":87}},"7":{"start":{"line":26,"column":54},"end":{"line":26,"column":69}},"8":{"start":{"line":27,"column":44},"end":{"line":27,"column":78}},"9":{"start":{"line":29,"column":33},"end":{"line":49,"column":5}},"10":{"start":{"line":30,"column":23},"end":{"line":33,"column":10}},"11":{"start":{"line":34,"column":32},"end":{"line":34,"column":58}},"12":{"start":{"line":35,"column":8},"end":{"line":38,"column":9}},"13":{"start":{"line":36,"column":12},"end":{"line":36,"column":51}},"14":{"start":{"line":37,"column":12},"end":{"line":37,"column":19}},"15":{"start":{"line":40,"column":26},"end":{"line":40,"column":88}},"16":{"start":{"line":42,"column":8},"end":{"line":48,"column":9}},"17":{"start":{"line":43,"column":12},"end":{"line":43,"column":49}},"18":{"start":{"line":45,"column":12},"end":{"line":45,"column":63}},"19":{"start":{"line":46,"column":12},"end":{"line":46,"column":40}},"20":{"start":{"line":47,"column":12},"end":{"line":47,"column":54}},"21":{"start":{"line":51,"column":26},"end":{"line":75,"column":5}},"22":{"start":{"line":52,"column":23},"end":{"line":56,"column":10}},"23":{"start":{"line":57,"column":32},"end":{"line":57,"column":58}},"24":{"start":{"line":58,"column":8},"end":{"line":61,"column":9}},"25":{"start":{"line":59,"column":12},"end":{"line":59,"column":51}},"26":{"start":{"line":60,"column":12},"end":{"line":60,"column":19}},"27":{"start":{"line":63,"column":8},"end":{"line":74,"column":9}},"28":{"start":{"line":64,"column":12},"end":{"line":68,"column":15}},"29":{"start":{"line":69,"column":12},"end":{"line":69,"column":64}},"30":{"start":{"line":70,"column":12},"end":{"line":70,"column":35}},"31":{"start":{"line":71,"column":12},"end":{"line":71,"column":68}},"32":{"start":{"line":73,"column":12},"end":{"line":73,"column":111}},"33":{"start":{"line":77,"column":31},"end":{"line":98,"column":5}},"34":{"start":{"line":78,"column":8},"end":{"line":97,"column":10}},"35":{"start":{"line":86,"column":24},"end":{"line":93,"column":27}},"36":{"start":{"line":88,"column":32},"end":{"line":88,"column":74}},"37":{"start":{"line":91,"column":32},"end":{"line":91,"column":69}},"38":{"start":{"line":101,"column":31},"end":{"line":110,"column":5}},"39":{"start":{"line":102,"column":8},"end":{"line":109,"column":10}},"40":{"start":{"line":104,"column":31},"end":{"line":104,"column":57}},"41":{"start":{"line":112,"column":25},"end":{"line":128,"column":5}},"42":{"start":{"line":113,"column":8},"end":{"line":127,"column":10}},"43":{"start":{"line":122,"column":24},"end":{"line":122,"column":54}},"44":{"start":{"line":123,"column":24},"end":{"line":123,"column":50}},"45":{"start":{"line":132,"column":22},"end":{"line":132,"column":31}},"46":{"start":{"line":134,"column":4},"end":{"line":406,"column":6}},"47":{"start":{"line":142,"column":43},"end":{"line":142,"column":56}},"48":{"start":{"line":181,"column":55},"end":{"line":181,"column":81}},"49":{"start":{"line":196,"column":47},"end":{"line":196,"column":68}},"50":{"start":{"line":209,"column":32},"end":{"line":226,"column":39}},"51":{"start":{"line":210,"column":77},"end":{"line":210,"column":109}},"52":{"start":{"line":242,"column":47},"end":{"line":242,"column":125}},"53":{"start":{"line":249,"column":47},"end":{"line":249,"column":101}},"54":{"start":{"line":268,"column":28},"end":{"line":288,"column":30}},"55":{"start":{"line":277,"column":44},"end":{"line":284,"column":45}},"56":{"start":{"line":278,"column":66},"end":{"line":278,"column":145}},"57":{"start":{"line":279,"column":48},"end":{"line":279,"column":71}},"58":{"start":{"line":279,"column":59},"end":{"line":279,"column":71}},"59":{"start":{"line":280,"column":48},"end":{"line":280,"column":78}},"60":{"start":{"line":281,"column":48},"end":{"line":281,"column":80}},"61":{"start":{"line":283,"column":48},"end":{"line":283,"column":81}},"62":{"start":{"line":303,"column":116},"end":{"line":303,"column":138}},"63":{"start":{"line":315,"column":59},"end":{"line":315,"column":96}},"64":{"start":{"line":325,"column":59},"end":{"line":325,"column":93}},"65":{"start":{"line":336,"column":40},"end":{"line":342,"column":59}},"66":{"start":{"line":338,"column":59},"end":{"line":338,"column":91}},"67":{"start":{"line":366,"column":116},"end":{"line":366,"column":143}},"68":{"start":{"line":377,"column":55},"end":{"line":377,"column":99}},"69":{"start":{"line":388,"column":55},"end":{"line":388,"column":103}}},"fnMap":{"0":{"name":"GarageProfileScreen","decl":{"start":{"line":13,"column":24},"end":{"line":13,"column":43}},"loc":{"start":{"line":13,"column":46},"end":{"line":407,"column":1}},"line":13},"1":{"name":"(anonymous_1)","decl":{"start":{"line":29,"column":33},"end":{"line":29,"column":34}},"loc":{"start":{"line":29,"column":45},"end":{"line":49,"column":5}},"line":29},"2":{"name":"(anonymous_2)","decl":{"start":{"line":51,"column":26},"end":{"line":51,"column":27}},"loc":{"start":{"line":51,"column":38},"end":{"line":75,"column":5}},"line":51},"3":{"name":"(anonymous_3)","decl":{"start":{"line":77,"column":31},"end":{"line":77,"column":32}},"loc":{"start":{"line":77,"column":49},"end":{"line":98,"column":5}},"line":77},"4":{"name":"(anonymous_4)","decl":{"start":{"line":85,"column":29},"end":{"line":85,"column":30}},"loc":{"start":{"line":85,"column":35},"end":{"line":94,"column":21}},"line":85},"5":{"name":"(anonymous_5)","decl":{"start":{"line":87,"column":39},"end":{"line":87,"column":40}},"loc":{"start":{"line":87,"column":45},"end":{"line":89,"column":29}},"line":87},"6":{"name":"(anonymous_6)","decl":{"start":{"line":90,"column":37},"end":{"line":90,"column":38}},"loc":{"start":{"line":90,"column":48},"end":{"line":92,"column":29}},"line":90},"7":{"name":"(anonymous_7)","decl":{"start":{"line":101,"column":31},"end":{"line":101,"column":32}},"loc":{"start":{"line":101,"column":78},"end":{"line":110,"column":5}},"line":101},"8":{"name":"(anonymous_8)","decl":{"start":{"line":104,"column":25},"end":{"line":104,"column":26}},"loc":{"start":{"line":104,"column":31},"end":{"line":104,"column":57}},"line":104},"9":{"name":"(anonymous_9)","decl":{"start":{"line":112,"column":25},"end":{"line":112,"column":26}},"loc":{"start":{"line":112,"column":37},"end":{"line":128,"column":5}},"line":112},"10":{"name":"(anonymous_10)","decl":{"start":{"line":121,"column":29},"end":{"line":121,"column":30}},"loc":{"start":{"line":121,"column":41},"end":{"line":124,"column":21}},"line":121},"11":{"name":"(anonymous_11)","decl":{"start":{"line":142,"column":37},"end":{"line":142,"column":38}},"loc":{"start":{"line":142,"column":43},"end":{"line":142,"column":56}},"line":142},"12":{"name":"(anonymous_12)","decl":{"start":{"line":181,"column":49},"end":{"line":181,"column":50}},"loc":{"start":{"line":181,"column":55},"end":{"line":181,"column":81}},"line":181},"13":{"name":"(anonymous_13)","decl":{"start":{"line":196,"column":41},"end":{"line":196,"column":42}},"loc":{"start":{"line":196,"column":47},"end":{"line":196,"column":68}},"line":196},"14":{"name":"(anonymous_14)","decl":{"start":{"line":208,"column":38},"end":{"line":208,"column":39}},"loc":{"start":{"line":209,"column":32},"end":{"line":226,"column":39}},"line":209},"15":{"name":"(anonymous_15)","decl":{"start":{"line":210,"column":67},"end":{"line":210,"column":68}},"loc":{"start":{"line":210,"column":77},"end":{"line":210,"column":109}},"line":210},"16":{"name":"(anonymous_16)","decl":{"start":{"line":242,"column":41},"end":{"line":242,"column":42}},"loc":{"start":{"line":242,"column":47},"end":{"line":242,"column":125}},"line":242},"17":{"name":"(anonymous_17)","decl":{"start":{"line":249,"column":41},"end":{"line":249,"column":42}},"loc":{"start":{"line":249,"column":47},"end":{"line":249,"column":101}},"line":249},"18":{"name":"(anonymous_18)","decl":{"start":{"line":267,"column":33},"end":{"line":267,"column":34}},"loc":{"start":{"line":267,"column":39},"end":{"line":289,"column":25}},"line":267},"19":{"name":"(anonymous_19)","decl":{"start":{"line":276,"column":49},"end":{"line":276,"column":50}},"loc":{"start":{"line":276,"column":61},"end":{"line":285,"column":41}},"line":276},"20":{"name":"(anonymous_20)","decl":{"start":{"line":303,"column":110},"end":{"line":303,"column":111}},"loc":{"start":{"line":303,"column":116},"end":{"line":303,"column":138}},"line":303},"21":{"name":"(anonymous_21)","decl":{"start":{"line":315,"column":54},"end":{"line":315,"column":55}},"loc":{"start":{"line":315,"column":59},"end":{"line":315,"column":96}},"line":315},"22":{"name":"(anonymous_22)","decl":{"start":{"line":325,"column":54},"end":{"line":325,"column":55}},"loc":{"start":{"line":325,"column":59},"end":{"line":325,"column":93}},"line":325},"23":{"name":"(anonymous_23)","decl":{"start":{"line":335,"column":89},"end":{"line":335,"column":90}},"loc":{"start":{"line":336,"column":40},"end":{"line":342,"column":59}},"line":336},"24":{"name":"(anonymous_24)","decl":{"start":{"line":338,"column":53},"end":{"line":338,"column":54}},"loc":{"start":{"line":338,"column":59},"end":{"line":338,"column":91}},"line":338},"25":{"name":"(anonymous_25)","decl":{"start":{"line":366,"column":110},"end":{"line":366,"column":111}},"loc":{"start":{"line":366,"column":116},"end":{"line":366,"column":143}},"line":366},"26":{"name":"(anonymous_26)","decl":{"start":{"line":377,"column":50},"end":{"line":377,"column":51}},"loc":{"start":{"line":377,"column":55},"end":{"line":377,"column":99}},"line":377},"27":{"name":"(anonymous_27)","decl":{"start":{"line":388,"column":50},"end":{"line":388,"column":51}},"loc":{"start":{"line":388,"column":55},"end":{"line":388,"column":103}},"line":388}},"branchMap":{"0":{"loc":{"start":{"line":18,"column":18},"end":{"line":18,"column":27}},"type":"default-arg","locations":[{"start":{"line":18,"column":25},"end":{"line":18,"column":27}}],"line":18},"1":{"loc":{"start":{"line":35,"column":8},"end":{"line":38,"column":9}},"type":"if","locations":[{"start":{"line":35,"column":8},"end":{"line":38,"column":9}},{"start":{},"end":{}}],"line":35},"2":{"loc":{"start":{"line":42,"column":8},"end":{"line":48,"column":9}},"type":"if","locations":[{"start":{"line":42,"column":8},"end":{"line":48,"column":9}},{"start":{"line":44,"column":15},"end":{"line":48,"column":9}}],"line":42},"3":{"loc":{"start":{"line":58,"column":8},"end":{"line":61,"column":9}},"type":"if","locations":[{"start":{"line":58,"column":8},"end":{"line":61,"column":9}},{"start":{},"end":{}}],"line":58},"4":{"loc":{"start":{"line":169,"column":101},"end":{"line":169,"column":146}},"type":"binary-expr","locations":[{"start":{"line":169,"column":101},"end":{"line":169,"column":119}},{"start":{"line":169,"column":123},"end":{"line":169,"column":146}}],"line":169},"5":{"loc":{"start":{"line":205,"column":29},"end":{"line":207,"column":29}},"type":"binary-expr","locations":[{"start":{"line":205,"column":29},"end":{"line":205,"column":36}},{"start":{"line":206,"column":32},"end":{"line":206,"column":83}}],"line":205},"6":{"loc":{"start":{"line":209,"column":43},"end":{"line":209,"column":59}},"type":"binary-expr","locations":[{"start":{"line":209,"column":43},"end":{"line":209,"column":52}},{"start":{"line":209,"column":56},"end":{"line":209,"column":59}}],"line":209},"7":{"loc":{"start":{"line":223,"column":85},"end":{"line":223,"column":170}},"type":"cond-expr","locations":[{"start":{"line":223,"column":100},"end":{"line":223,"column":155}},{"start":{"line":223,"column":158},"end":{"line":223,"column":170}}],"line":223},"8":{"loc":{"start":{"line":228,"column":29},"end":{"line":233,"column":29}},"type":"binary-expr","locations":[{"start":{"line":228,"column":29},"end":{"line":228,"column":46}},{"start":{"line":228,"column":50},"end":{"line":228,"column":58}},{"start":{"line":229,"column":32},"end":{"line":232,"column":39}}],"line":228},"9":{"loc":{"start":{"line":279,"column":48},"end":{"line":279,"column":71}},"type":"if","locations":[{"start":{"line":279,"column":48},"end":{"line":279,"column":71}},{"start":{},"end":{}}],"line":279},"10":{"loc":{"start":{"line":339,"column":94},"end":{"line":339,"column":239}},"type":"cond-expr","locations":[{"start":{"line":339,"column":118},"end":{"line":339,"column":181}},{"start":{"line":339,"column":184},"end":{"line":339,"column":239}}],"line":339},"11":{"loc":{"start":{"line":341,"column":95},"end":{"line":341,"column":170}},"type":"cond-expr","locations":[{"start":{"line":341,"column":119},"end":{"line":341,"column":151}},{"start":{"line":341,"column":154},"end":{"line":341,"column":170}}],"line":341},"12":{"loc":{"start":{"line":351,"column":144},"end":{"line":351,"column":198}},"type":"cond-expr","locations":[{"start":{"line":351,"column":169},"end":{"line":351,"column":182}},{"start":{"line":351,"column":185},"end":{"line":351,"column":198}}],"line":351},"13":{"loc":{"start":{"line":353,"column":29},"end":{"line":357,"column":29}},"type":"cond-expr","locations":[{"start":{"line":354,"column":32},"end":{"line":354,"column":67}},{"start":{"line":356,"column":32},"end":{"line":356,"column":101}}],"line":353}},"s":{"0":0,"1":0,"2":0,"3":0,"4":0,"5":0,"6":0,"7":0,"8":0,"9":0,"10":0,"11":0,"12":0,"13":0,"14":0,"15":0,"16":0,"17":0,"18":0,"19":0,"20":0,"21":0,"22":0,"23":0,"24":0,"25":0,"26":0,"27":0,"28":0,"29":0,"30":0,"31":0,"32":0,"33":0,"34":0,"35":0,"36":0,"37":0,"38":0,"39":0,"40":0,"41":0,"42":0,"43":0,"44":0,"45":0,"46":0,"47":0,"48":0,"49":0,"50":0,"51":0,"52":0,"53":0,"54":0,"55":0,"56":0,"57":0,"58":0,"59":0,"60":0,"61":0,"62":0,"63":0,"64":0,"65":0,"66":0,"67":0,"68":0,"69":0},"f":{"0":0,"1":0,"2":0,"3":0,"4":0,"5":0,"6":0,"7":0,"8":0,"9":0,"10":0,"11":0,"12":0,"13":0,"14":0,"15":0,"16":0,"17":0,"18":0,"19":0,"20":0,"21":0,"22":0,"23":0,"24":0,"25":0,"26":0,"27":0},"b":{"0":[0],"1":[0,0],"2":[0,0],"3":[0,0],"4":[0,0],"5":[0,0],"6":[0,0],"7":[0,0],"8":[0,0,0],"9":[0,0],"10":[0,0],"11":[0,0],"12":[0,0],"13":[0,0]}}
,"/Users/mohamedamir/Desktop/autoreparis_app1/app/scan.tsx": {"path":"/Users/mohamedamir/Desktop/autoreparis_app1/app/scan.tsx","statementMap":{"0":{"start":{"line":16,"column":44},"end":{"line":16,"column":66}},"1":{"start":{"line":17,"column":34},"end":{"line":17,"column":49}},"2":{"start":{"line":18,"column":40},"end":{"line":18,"column":73}},"3":{"start":{"line":19,"column":42},"end":{"line":19,"column":81}},"4":{"start":{"line":20,"column":19},"end":{"line":20,"column":30}},"5":{"start":{"line":22,"column":61},"end":{"line":22,"column":93}},"6":{"start":{"line":23,"column":24},"end":{"line":23,"column":40}},"7":{"start":{"line":26,"column":33},"end":{"line":30,"column":17}},"8":{"start":{"line":27,"column":8},"end":{"line":27,"column":28}},"9":{"start":{"line":27,"column":21},"end":{"line":27,"column":28}},"10":{"start":{"line":28,"column":8},"end":{"line":28,"column":25}},"11":{"start":{"line":29,"column":8},"end":{"line":29,"column":29}},"12":{"start":{"line":34,"column":25},"end":{"line":34,"column":68}},"13":{"start":{"line":35,"column":4},"end":{"line":41,"column":5}},"14":{"start":{"line":36,"column":8},"end":{"line":40,"column":9}},"15":{"start":{"line":37,"column":12},"end":{"line":37,"column":88}},"16":{"start":{"line":39,"column":12},"end":{"line":39,"column":82}},"17":{"start":{"line":43,"column":24},"end":{"line":47,"column":5}},"18":{"start":{"line":44,"column":8},"end":{"line":44,"column":28}},"19":{"start":{"line":45,"column":8},"end":{"line":45,"column":26}},"20":{"start":{"line":46,"column":8},"end":{"line":46,"column":34}},"21":{"start":{"line":49,"column":33},"end":{"line":75,"column":5}},"22":{"start":{"line":50,"column":8},"end":{"line":50,"column":41}},"23":{"start":{"line":50,"column":34},"end":{"line":50,"column":41}},"24":{"start":{"line":52,"column":24},"end":{"line":52,"column":42}},"25":{"start":{"line":53,"column":25},"end":{"line":53,"column":56}},"26":{"start":{"line":55,"column":8},"end":{"line":74,"column":9}},"27":{"start":{"line":56,"column":12},"end":{"line":61,"column":15}},"28":{"start":{"line":64,"column":12},"end":{"line":67,"column":15}},"29":{"start":{"line":69,"column":12},"end":{"line":71,"column":15}},"30":{"start":{"line":73,"column":12},"end":{"line":73,"column":57}},"31":{"start":{"line":77,"column":4},"end":{"line":77,"column":37}},"32":{"start":{"line":77,"column":21},"end":{"line":77,"column":37}},"33":{"start":{"line":78,"column":4},"end":{"line":87,"column":5}},"34":{"start":{"line":79,"column":8},"end":{"line":86,"column":10}},"35":{"start":{"line":89,"column":20},"end":{"line":89,"column":58}},"36":{"start":{"line":91,"column":4},"end":{"line":201,"column":6}},"37":{"start":{"line":103,"column":49},"end":{"line":103,"column":62}},"38":{"start":{"line":157,"column":51},"end":{"line":157,"column":134}},"39":{"start":{"line":185,"column":51},"end":{"line":185,"column":128}}},"fnMap":{"0":{"name":"CameraScreen","decl":{"start":{"line":15,"column":24},"end":{"line":15,"column":36}},"loc":{"start":{"line":15,"column":39},"end":{"line":202,"column":1}},"line":15},"1":{"name":"(anonymous_1)","decl":{"start":{"line":26,"column":45},"end":{"line":26,"column":46}},"loc":{"start":{"line":26,"column":77},"end":{"line":30,"column":5}},"line":26},"2":{"name":"(anonymous_2)","decl":{"start":{"line":43,"column":24},"end":{"line":43,"column":25}},"loc":{"start":{"line":43,"column":30},"end":{"line":47,"column":5}},"line":43},"3":{"name":"(anonymous_3)","decl":{"start":{"line":49,"column":33},"end":{"line":49,"column":34}},"loc":{"start":{"line":49,"column":45},"end":{"line":75,"column":5}},"line":49},"4":{"name":"(anonymous_4)","decl":{"start":{"line":103,"column":43},"end":{"line":103,"column":44}},"loc":{"start":{"line":103,"column":49},"end":{"line":103,"column":62}},"line":103},"5":{"name":"(anonymous_5)","decl":{"start":{"line":157,"column":45},"end":{"line":157,"column":46}},"loc":{"start":{"line":157,"column":51},"end":{"line":157,"column":134}},"line":157},"6":{"name":"(anonymous_6)","decl":{"start":{"line":185,"column":45},"end":{"line":185,"column":46}},"loc":{"start":{"line":185,"column":51},"end":{"line":185,"column":128}},"line":185}},"branchMap":{"0":{"loc":{"start":{"line":27,"column":8},"end":{"line":27,"column":28}},"type":"if","locations":[{"start":{"line":27,"column":8},"end":{"line":27,"column":28}},{"start":{},"end":{}}],"line":27},"1":{"loc":{"start":{"line":34,"column":25},"end":{"line":34,"column":68}},"type":"binary-expr","locations":[{"start":{"line":34,"column":25},"end":{"line":34,"column":50}},{"start":{"line":34,"column":54},"end":{"line":34,"column":68}}],"line":34},"2":{"loc":{"start":{"line":35,"column":4},"end":{"line":41,"column":5}},"type":"if","locations":[{"start":{"line":35,"column":4},"end":{"line":41,"column":5}},{"start":{},"end":{}}],"line":35},"3":{"loc":{"start":{"line":35,"column":8},"end":{"line":35,"column":35}},"type":"binary-expr","locations":[{"start":{"line":35,"column":8},"end":{"line":35,"column":20}},{"start":{"line":35,"column":24},"end":{"line":35,"column":35}}],"line":35},"4":{"loc":{"start":{"line":36,"column":8},"end":{"line":40,"column":9}},"type":"if","locations":[{"start":{"line":36,"column":8},"end":{"line":40,"column":9}},{"start":{"line":38,"column":15},"end":{"line":40,"column":9}}],"line":36},"5":{"loc":{"start":{"line":50,"column":8},"end":{"line":50,"column":41}},"type":"if","locations":[{"start":{"line":50,"column":8},"end":{"line":50,"column":41}},{"start":{},"end":{}}],"line":50},"6":{"loc":{"start":{"line":53,"column":26},"end":{"line":53,"column":51}},"type":"binary-expr","locations":[{"start":{"line":53,"column":26},"end":{"line":53,"column":46}},{"start":{"line":53,"column":50},"end":{"line":53,"column":51}}],"line":53},"7":{"loc":{"start":{"line":77,"column":4},"end":{"line":77,"column":37}},"type":"if","locations":[{"start":{"line":77,"column":4},"end":{"line":77,"column":37}},{"start":{},"end":{}}],"line":77},"8":{"loc":{"start":{"line":78,"column":4},"end":{"line":87,"column":5}},"type":"if","locations":[{"start":{"line":78,"column":4},"end":{"line":87,"column":5}},{"start":{},"end":{}}],"line":78},"9":{"loc":{"start":{"line":89,"column":20},"end":{"line":89,"column":58}},"type":"binary-expr","locations":[{"start":{"line":89,"column":20},"end":{"line":89,"column":33}},{"start":{"line":89,"column":37},"end":{"line":89,"column":58}}],"line":89},"10":{"loc":{"start":{"line":95,"column":34},"end":{"line":95,"column":76}},"type":"cond-expr","locations":[{"start":{"line":95,"column":44},"end":{"line":95,"column":53}},{"start":{"line":95,"column":56},"end":{"line":95,"column":76}}],"line":95},"11":{"loc":{"start":{"line":109,"column":13},"end":{"line":118,"column":13}},"type":"binary-expr","locations":[{"start":{"line":109,"column":13},"end":{"line":109,"column":24}},{"start":{"line":109,"column":28},"end":{"line":109,"column":36}},{"start":{"line":110,"column":16},"end":{"line":117,"column":23}}],"line":109},"12":{"loc":{"start":{"line":121,"column":13},"end":{"line":125,"column":13}},"type":"binary-expr","locations":[{"start":{"line":121,"column":13},"end":{"line":121,"column":20}},{"start":{"line":122,"column":16},"end":{"line":124,"column":23}}],"line":121},"13":{"loc":{"start":{"line":128,"column":13},"end":{"line":199,"column":13}},"type":"binary-expr","locations":[{"start":{"line":128,"column":13},"end":{"line":128,"column":23}},{"start":{"line":128,"column":27},"end":{"line":128,"column":35}},{"start":{"line":129,"column":16},"end":{"line":198,"column":23}}],"line":128},"14":{"loc":{"start":{"line":130,"column":21},"end":{"line":197,"column":21}},"type":"cond-expr","locations":[{"start":{"line":131,"column":24},"end":{"line":168,"column":31}},{"start":{"line":170,"column":24},"end":{"line":196,"column":31}}],"line":130}},"s":{"0":0,"1":0,"2":0,"3":0,"4":0,"5":0,"6":0,"7":0,"8":0,"9":0,"10":0,"11":0,"12":0,"13":0,"14":0,"15":0,"16":0,"17":0,"18":0,"19":0,"20":0,"21":0,"22":0,"23":0,"24":0,"25":0,"26":0,"27":0,"28":0,"29":0,"30":0,"31":0,"32":0,"33":0,"34":0,"35":0,"36":0,"37":0,"38":0,"39":0},"f":{"0":0,"1":0,"2":0,"3":0,"4":0,"5":0,"6":0},"b":{"0":[0,0],"1":[0,0],"2":[0,0],"3":[0,0],"4":[0,0],"5":[0,0],"6":[0,0],"7":[0,0],"8":[0,0],"9":[0,0],"10":[0,0],"11":[0,0,0],"12":[0,0],"13":[0,0,0],"14":[0,0]}}
,"/Users/mohamedamir/Desktop/autoreparis_app1/app/tracking.tsx": {"path":"/Users/mohamedamir/Desktop/autoreparis_app1/app/tracking.tsx","statementMap":{"0":{"start":{"line":10,"column":18},"end":{"line":10,"column":42}},"1":{"start":{"line":14,"column":49},"end":{"line":24,"column":17}},"2":{"start":{"line":26,"column":4},"end":{"line":28,"column":5}},"3":{"start":{"line":27,"column":8},"end":{"line":27,"column":24}},"4":{"start":{"line":32,"column":47},"end":{"line":33,"column":78}},"5":{"start":{"line":35,"column":4},"end":{"line":35,"column":33}},"6":{"start":{"line":35,"column":18},"end":{"line":35,"column":33}},"7":{"start":{"line":36,"column":4},"end":{"line":36,"column":19}},"8":{"start":{"line":40,"column":26},"end":{"line":40,"column":28}},"9":{"start":{"line":43,"column":4},"end":{"line":50,"column":7}},"10":{"start":{"line":53,"column":4},"end":{"line":65,"column":5}},"11":{"start":{"line":54,"column":8},"end":{"line":64,"column":11}},"12":{"start":{"line":55,"column":12},"end":{"line":63,"column":15}},"13":{"start":{"line":68,"column":4},"end":{"line":78,"column":5}},"14":{"start":{"line":69,"column":8},"end":{"line":77,"column":11}},"15":{"start":{"line":81,"column":4},"end":{"line":81,"column":28}},"16":{"start":{"line":85,"column":26},"end":{"line":85,"column":64}},"17":{"start":{"line":86,"column":19},"end":{"line":86,"column":30}},"18":{"start":{"line":87,"column":15},"end":{"line":87,"column":31}},"19":{"start":{"line":89,"column":15},"end":{"line":89,"column":54}},"20":{"start":{"line":91,"column":46},"end":{"line":91,"column":75}},"21":{"start":{"line":94,"column":46},"end":{"line":98,"column":6}},"22":{"start":{"line":96,"column":23},"end":{"line":96,"column":49}},"23":{"start":{"line":101,"column":27},"end":{"line":104,"column":22}},"24":{"start":{"line":102,"column":8},"end":{"line":102,"column":37}},"25":{"start":{"line":102,"column":27},"end":{"line":102,"column":37}},"26":{"start":{"line":103,"column":8},"end":{"line":103,"column":46}},"27":{"start":{"line":107,"column":4},"end":{"line":127,"column":17}},"28":{"start":{"line":108,"column":8},"end":{"line":108,"column":24}},"29":{"start":{"line":108,"column":17},"end":{"line":108,"column":24}},"30":{"start":{"line":110,"column":24},"end":{"line":121,"column":24}},"31":{"start":{"line":113,"column":16},"end":{"line":113,"column":69}},"32":{"start":{"line":116,"column":16},"end":{"line":116,"column":69}},"33":{"start":{"line":119,"column":16},"end":{"line":119,"column":69}},"34":{"start":{"line":123,"column":8},"end":{"line":126,"column":10}},"35":{"start":{"line":124,"column":12},"end":{"line":124,"column":34}},"36":{"start":{"line":125,"column":12},"end":{"line":125,"column":44}},"37":{"start":{"line":130,"column":19},"end":{"line":132,"column":5}},"38":{"start":{"line":131,"column":8},"end":{"line":131,"column":22}},"39":{"start":{"line":134,"column":4},"end":{"line":134,"column":137}},"40":{"start":{"line":134,"column":19},"end":{"line":134,"column":137}},"41":{"start":{"line":135,"column":4},"end":{"line":143,"column":6}},"42":{"start":{"line":135,"column":23},"end":{"line":143,"column":6}},"43":{"start":{"line":145,"column":18},"end":{"line":145,"column":94}},"44":{"start":{"line":145,"column":60},"end":{"line":145,"column":87}},"45":{"start":{"line":146,"column":18},"end":{"line":146,"column":100}},"46":{"start":{"line":146,"column":60},"end":{"line":146,"column":93}},"47":{"start":{"line":147,"column":19},"end":{"line":147,"column":44}},"48":{"start":{"line":149,"column":4},"end":{"line":356,"column":6}},"49":{"start":{"line":216,"column":41},"end":{"line":216,"column":51}},"50":{"start":{"line":217,"column":43},"end":{"line":217,"column":78}},"51":{"start":{"line":219,"column":28},"end":{"line":243,"column":30}},"52":{"start":{"line":263,"column":28},"end":{"line":274,"column":35}},"53":{"start":{"line":282,"column":28},"end":{"line":293,"column":35}},"54":{"start":{"line":316,"column":36},"end":{"line":329,"column":55}},"55":{"start":{"line":318,"column":55},"end":{"line":318,"column":88}},"56":{"start":{"line":338,"column":107},"end":{"line":338,"column":129}},"57":{"start":{"line":341,"column":39},"end":{"line":341,"column":61}}},"fnMap":{"0":{"name":"fetchInterventionData","decl":{"start":{"line":12,"column":15},"end":{"line":12,"column":36}},"loc":{"start":{"line":12,"column":55},"end":{"line":37,"column":1}},"line":12},"1":{"name":"generateTimeline","decl":{"start":{"line":39,"column":9},"end":{"line":39,"column":25}},"loc":{"start":{"line":39,"column":37},"end":{"line":82,"column":1}},"line":39},"2":{"name":"(anonymous_2)","decl":{"start":{"line":54,"column":27},"end":{"line":54,"column":28}},"loc":{"start":{"line":54,"column":42},"end":{"line":64,"column":9}},"line":54},"3":{"name":"TrackingScreen","decl":{"start":{"line":84,"column":24},"end":{"line":84,"column":38}},"loc":{"start":{"line":84,"column":41},"end":{"line":357,"column":1}},"line":84},"4":{"name":"(anonymous_4)","decl":{"start":{"line":96,"column":17},"end":{"line":96,"column":18}},"loc":{"start":{"line":96,"column":23},"end":{"line":96,"column":49}},"line":96},"5":{"name":"(anonymous_5)","decl":{"start":{"line":101,"column":35},"end":{"line":101,"column":36}},"loc":{"start":{"line":101,"column":41},"end":{"line":104,"column":5}},"line":101},"6":{"name":"(anonymous_6)","decl":{"start":{"line":107,"column":14},"end":{"line":107,"column":15}},"loc":{"start":{"line":107,"column":20},"end":{"line":127,"column":5}},"line":107},"7":{"name":"(anonymous_7)","decl":{"start":{"line":112,"column":117},"end":{"line":112,"column":118}},"loc":{"start":{"line":112,"column":123},"end":{"line":114,"column":13}},"line":112},"8":{"name":"(anonymous_8)","decl":{"start":{"line":115,"column":135},"end":{"line":115,"column":136}},"loc":{"start":{"line":115,"column":141},"end":{"line":117,"column":13}},"line":115},"9":{"name":"(anonymous_9)","decl":{"start":{"line":118,"column":131},"end":{"line":118,"column":132}},"loc":{"start":{"line":118,"column":137},"end":{"line":120,"column":13}},"line":118},"10":{"name":"(anonymous_10)","decl":{"start":{"line":123,"column":15},"end":{"line":123,"column":16}},"loc":{"start":{"line":123,"column":21},"end":{"line":126,"column":9}},"line":123},"11":{"name":"(anonymous_11)","decl":{"start":{"line":130,"column":19},"end":{"line":130,"column":20}},"loc":{"start":{"line":130,"column":25},"end":{"line":132,"column":5}},"line":130},"12":{"name":"(anonymous_12)","decl":{"start":{"line":145,"column":45},"end":{"line":145,"column":46}},"loc":{"start":{"line":145,"column":60},"end":{"line":145,"column":87}},"line":145},"13":{"name":"(anonymous_13)","decl":{"start":{"line":146,"column":45},"end":{"line":146,"column":46}},"loc":{"start":{"line":146,"column":60},"end":{"line":146,"column":93}},"line":146},"14":{"name":"(anonymous_14)","decl":{"start":{"line":215,"column":44},"end":{"line":215,"column":45}},"loc":{"start":{"line":215,"column":62},"end":{"line":244,"column":25}},"line":215},"15":{"name":"(anonymous_15)","decl":{"start":{"line":262,"column":54},"end":{"line":262,"column":55}},"loc":{"start":{"line":263,"column":28},"end":{"line":274,"column":35}},"line":263},"16":{"name":"(anonymous_16)","decl":{"start":{"line":281,"column":54},"end":{"line":281,"column":55}},"loc":{"start":{"line":282,"column":28},"end":{"line":293,"column":35}},"line":282},"17":{"name":"(anonymous_17)","decl":{"start":{"line":315,"column":44},"end":{"line":315,"column":45}},"loc":{"start":{"line":316,"column":36},"end":{"line":329,"column":55}},"line":316},"18":{"name":"(anonymous_18)","decl":{"start":{"line":318,"column":49},"end":{"line":318,"column":50}},"loc":{"start":{"line":318,"column":55},"end":{"line":318,"column":88}},"line":318},"19":{"name":"(anonymous_19)","decl":{"start":{"line":338,"column":101},"end":{"line":338,"column":102}},"loc":{"start":{"line":338,"column":107},"end":{"line":338,"column":129}},"line":338},"20":{"name":"(anonymous_20)","decl":{"start":{"line":341,"column":33},"end":{"line":341,"column":34}},"loc":{"start":{"line":341,"column":39},"end":{"line":341,"column":61}},"line":341}},"branchMap":{"0":{"loc":{"start":{"line":26,"column":4},"end":{"line":28,"column":5}},"type":"if","locations":[{"start":{"line":26,"column":4},"end":{"line":28,"column":5}},{"start":{},"end":{}}],"line":26},"1":{"loc":{"start":{"line":26,"column":8},"end":{"line":26,"column":30}},"type":"binary-expr","locations":[{"start":{"line":26,"column":8},"end":{"line":26,"column":18}},{"start":{"line":26,"column":22},"end":{"line":26,"column":30}}],"line":26},"2":{"loc":{"start":{"line":35,"column":4},"end":{"line":35,"column":33}},"type":"if","locations":[{"start":{"line":35,"column":4},"end":{"line":35,"column":33}},{"start":{},"end":{}}],"line":35},"3":{"loc":{"start":{"line":53,"column":4},"end":{"line":65,"column":5}},"type":"if","locations":[{"start":{"line":53,"column":4},"end":{"line":65,"column":5}},{"start":{},"end":{}}],"line":53},"4":{"loc":{"start":{"line":58,"column":23},"end":{"line":58,"column":109}},"type":"binary-expr","locations":[{"start":{"line":58,"column":23},"end":{"line":58,"column":39}},{"start":{"line":58,"column":44},"end":{"line":58,"column":108}}],"line":58},"5":{"loc":{"start":{"line":58,"column":44},"end":{"line":58,"column":108}},"type":"cond-expr","locations":[{"start":{"line":58,"column":74},"end":{"line":58,"column":89}},{"start":{"line":58,"column":92},"end":{"line":58,"column":108}}],"line":58},"6":{"loc":{"start":{"line":59,"column":26},"end":{"line":59,"column":117}},"type":"cond-expr","locations":[{"start":{"line":59,"column":46},"end":{"line":59,"column":90}},{"start":{"line":59,"column":93},"end":{"line":59,"column":117}}],"line":59},"7":{"loc":{"start":{"line":60,"column":22},"end":{"line":60,"column":56}},"type":"binary-expr","locations":[{"start":{"line":60,"column":22},"end":{"line":60,"column":37}},{"start":{"line":60,"column":41},"end":{"line":60,"column":56}}],"line":60},"8":{"loc":{"start":{"line":61,"column":22},"end":{"line":61,"column":67}},"type":"cond-expr","locations":[{"start":{"line":61,"column":52},"end":{"line":61,"column":58}},{"start":{"line":61,"column":61},"end":{"line":61,"column":67}}],"line":61},"9":{"loc":{"start":{"line":62,"column":23},"end":{"line":62,"column":86}},"type":"cond-expr","locations":[{"start":{"line":62,"column":53},"end":{"line":62,"column":68}},{"start":{"line":62,"column":71},"end":{"line":62,"column":86}}],"line":62},"10":{"loc":{"start":{"line":68,"column":4},"end":{"line":78,"column":5}},"type":"if","locations":[{"start":{"line":68,"column":4},"end":{"line":78,"column":5}},{"start":{},"end":{}}],"line":68},"11":{"loc":{"start":{"line":89,"column":15},"end":{"line":89,"column":54}},"type":"cond-expr","locations":[{"start":{"line":89,"column":38},"end":{"line":89,"column":46}},{"start":{"line":89,"column":49},"end":{"line":89,"column":54}}],"line":89},"12":{"loc":{"start":{"line":102,"column":8},"end":{"line":102,"column":37}},"type":"if","locations":[{"start":{"line":102,"column":8},"end":{"line":102,"column":37}},{"start":{},"end":{}}],"line":102},"13":{"loc":{"start":{"line":108,"column":8},"end":{"line":108,"column":24}},"type":"if","locations":[{"start":{"line":108,"column":8},"end":{"line":108,"column":24}},{"start":{},"end":{}}],"line":108},"14":{"loc":{"start":{"line":134,"column":4},"end":{"line":134,"column":137}},"type":"if","locations":[{"start":{"line":134,"column":4},"end":{"line":134,"column":137}},{"start":{},"end":{}}],"line":134},"15":{"loc":{"start":{"line":135,"column":4},"end":{"line":143,"column":6}},"type":"if","locations":[{"start":{"line":135,"column":4},"end":{"line":143,"column":6}},{"start":{},"end":{}}],"line":135},"16":{"loc":{"start":{"line":145,"column":18},"end":{"line":145,"column":94}},"type":"binary-expr","locations":[{"start":{"line":145,"column":18},"end":{"line":145,"column":88}},{"start":{"line":145,"column":92},"end":{"line":145,"column":94}}],"line":145},"17":{"loc":{"start":{"line":146,"column":18},"end":{"line":146,"column":100}},"type":"binary-expr","locations":[{"start":{"line":146,"column":18},"end":{"line":146,"column":94}},{"start":{"line":146,"column":98},"end":{"line":146,"column":100}}],"line":146},"18":{"loc":{"start":{"line":147,"column":19},"end":{"line":147,"column":44}},"type":"binary-expr","locations":[{"start":{"line":147,"column":19},"end":{"line":147,"column":38}},{"start":{"line":147,"column":42},"end":{"line":147,"column":44}}],"line":147},"19":{"loc":{"start":{"line":156,"column":59},"end":{"line":156,"column":131}},"type":"cond-expr","locations":[{"start":{"line":156,"column":96},"end":{"line":156,"column":114}},{"start":{"line":156,"column":117},"end":{"line":156,"column":131}}],"line":156},"20":{"loc":{"start":{"line":157,"column":68},"end":{"line":157,"column":141}},"type":"cond-expr","locations":[{"start":{"line":157,"column":105},"end":{"line":157,"column":122}},{"start":{"line":157,"column":125},"end":{"line":157,"column":141}}],"line":157},"21":{"loc":{"start":{"line":174,"column":62},"end":{"line":174,"column":131}},"type":"cond-expr","locations":[{"start":{"line":174,"column":99},"end":{"line":174,"column":113}},{"start":{"line":174,"column":116},"end":{"line":174,"column":131}}],"line":174},"22":{"loc":{"start":{"line":175,"column":44},"end":{"line":175,"column":95}},"type":"cond-expr","locations":[{"start":{"line":175,"column":81},"end":{"line":175,"column":87}},{"start":{"line":175,"column":90},"end":{"line":175,"column":95}}],"line":175},"23":{"loc":{"start":{"line":182,"column":25},"end":{"line":202,"column":25}},"type":"binary-expr","locations":[{"start":{"line":182,"column":25},"end":{"line":182,"column":59}},{"start":{"line":183,"column":28},"end":{"line":201,"column":35}}],"line":182},"24":{"loc":{"start":{"line":189,"column":37},"end":{"line":191,"column":55}},"type":"cond-expr","locations":[{"start":{"line":190,"column":42},"end":{"line":190,"column":128}},{"start":{"line":191,"column":42},"end":{"line":191,"column":55}}],"line":189},"25":{"loc":{"start":{"line":193,"column":33},"end":{"line":200,"column":33}},"type":"binary-expr","locations":[{"start":{"line":193,"column":33},"end":{"line":193,"column":56}},{"start":{"line":194,"column":36},"end":{"line":199,"column":43}}],"line":193},"26":{"loc":{"start":{"line":204,"column":25},"end":{"line":212,"column":25}},"type":"binary-expr","locations":[{"start":{"line":204,"column":25},"end":{"line":204,"column":49}},{"start":{"line":205,"column":28},"end":{"line":211,"column":35}}],"line":204},"27":{"loc":{"start":{"line":225,"column":41},"end":{"line":225,"column":103}},"type":"binary-expr","locations":[{"start":{"line":225,"column":41},"end":{"line":225,"column":48}},{"start":{"line":225,"column":52},"end":{"line":225,"column":103}}],"line":225},"28":{"loc":{"start":{"line":228,"column":99},"end":{"line":228,"column":177}},"type":"cond-expr","locations":[{"start":{"line":228,"column":119},"end":{"line":228,"column":156}},{"start":{"line":228,"column":159},"end":{"line":228,"column":177}}],"line":228},"29":{"loc":{"start":{"line":230,"column":100},"end":{"line":230,"column":151}},"type":"cond-expr","locations":[{"start":{"line":230,"column":120},"end":{"line":230,"column":136}},{"start":{"line":230,"column":139},"end":{"line":230,"column":151}}],"line":230},"30":{"loc":{"start":{"line":234,"column":53},"end":{"line":234,"column":108}},"type":"cond-expr","locations":[{"start":{"line":234,"column":66},"end":{"line":234,"column":103}},{"start":{"line":234,"column":106},"end":{"line":234,"column":108}}],"line":234},"31":{"loc":{"start":{"line":237,"column":45},"end":{"line":239,"column":45}},"type":"binary-expr","locations":[{"start":{"line":237,"column":45},"end":{"line":237,"column":59}},{"start":{"line":238,"column":48},"end":{"line":238,"column":112}}],"line":237},"32":{"loc":{"start":{"line":255,"column":82},"end":{"line":255,"column":114}},"type":"binary-expr","locations":[{"start":{"line":255,"column":82},"end":{"line":255,"column":104}},{"start":{"line":255,"column":108},"end":{"line":255,"column":114}}],"line":255},"33":{"loc":{"start":{"line":262,"column":25},"end":{"line":277,"column":25}},"type":"cond-expr","locations":[{"start":{"line":262,"column":44},"end":{"line":275,"column":26}},{"start":{"line":276,"column":28},"end":{"line":276,"column":104}}],"line":262},"34":{"loc":{"start":{"line":281,"column":25},"end":{"line":296,"column":25}},"type":"cond-expr","locations":[{"start":{"line":281,"column":44},"end":{"line":294,"column":26}},{"start":{"line":295,"column":28},"end":{"line":295,"column":107}}],"line":281},"35":{"loc":{"start":{"line":308,"column":25},"end":{"line":332,"column":25}},"type":"cond-expr","locations":[{"start":{"line":309,"column":28},"end":{"line":312,"column":35}},{"start":{"line":314,"column":28},"end":{"line":331,"column":41}}],"line":308},"36":{"loc":{"start":{"line":346,"column":21},"end":{"line":352,"column":21}},"type":"binary-expr","locations":[{"start":{"line":346,"column":21},"end":{"line":346,"column":34}},{"start":{"line":347,"column":24},"end":{"line":351,"column":26}}],"line":346}},"s":{"0":0,"1":0,"2":0,"3":0,"4":0,"5":0,"6":0,"7":0,"8":0,"9":0,"10":0,"11":0,"12":0,"13":0,"14":0,"15":0,"16":0,"17":0,"18":0,"19":0,"20":0,"21":0,"22":0,"23":0,"24":0,"25":0,"26":0,"27":0,"28":0,"29":0,"30":0,"31":0,"32":0,"33":0,"34":0,"35":0,"36":0,"37":0,"38":0,"39":0,"40":0,"41":0,"42":0,"43":0,"44":0,"45":0,"46":0,"47":0,"48":0,"49":0,"50":0,"51":0,"52":0,"53":0,"54":0,"55":0,"56":0,"57":0},"f":{"0":0,"1":0,"2":0,"3":0,"4":0,"5":0,"6":0,"7":0,"8":0,"9":0,"10":0,"11":0,"12":0,"13":0,"14":0,"15":0,"16":0,"17":0,"18":0,"19":0,"20":0},"b":{"0":[0,0],"1":[0,0],"2":[0,0],"3":[0,0],"4":[0,0],"5":[0,0],"6":[0,0],"7":[0,0],"8":[0,0],"9":[0,0],"10":[0,0],"11":[0,0],"12":[0,0],"13":[0,0],"14":[0,0],"15":[0,0],"16":[0,0],"17":[0,0],"18":[0,0],"19":[0,0],"20":[0,0],"21":[0,0],"22":[0,0],"23":[0,0],"24":[0,0],"25":[0,0],"26":[0,0],"27":[0,0],"28":[0,0],"29":[0,0],"30":[0,0],"31":[0,0],"32":[0,0],"33":[0,0],"34":[0,0],"35":[0,0],"36":[0,0]}}
,"/Users/mohamedamir/Desktop/autoreparis_app1/app/(auth)/login.tsx": {"path":"/Users/mohamedamir/Desktop/autoreparis_app1/app/(auth)/login.tsx","statementMap":{"0":{"start":{"line":8,"column":30},"end":{"line":8,"column":42}},"1":{"start":{"line":9,"column":36},"end":{"line":9,"column":48}},"2":{"start":{"line":10,"column":34},"end":{"line":10,"column":49}},"3":{"start":{"line":11,"column":19},"end":{"line":11,"column":30}},"4":{"start":{"line":14,"column":8},"end":{"line":14,"column":25}},"5":{"start":{"line":15,"column":26},"end":{"line":18,"column":10}},"6":{"start":{"line":20,"column":8},"end":{"line":28,"column":9}},"7":{"start":{"line":21,"column":12},"end":{"line":21,"column":49}},"8":{"start":{"line":22,"column":12},"end":{"line":22,"column":30}},"9":{"start":{"line":27,"column":12},"end":{"line":27,"column":38}},"10":{"start":{"line":29,"column":8},"end":{"line":29,"column":26}},"11":{"start":{"line":34,"column":4},"end":{"line":107,"column":6}},"12":{"start":{"line":53,"column":56},"end":{"line":53,"column":70}},"13":{"start":{"line":68,"column":56},"end":{"line":68,"column":73}},"14":{"start":{"line":98,"column":35},"end":{"line":98,"column":54}}},"fnMap":{"0":{"name":"LoginScreen","decl":{"start":{"line":7,"column":24},"end":{"line":7,"column":35}},"loc":{"start":{"line":7,"column":38},"end":{"line":108,"column":1}},"line":7},"1":{"name":"signInWithEmail","decl":{"start":{"line":13,"column":19},"end":{"line":13,"column":34}},"loc":{"start":{"line":13,"column":37},"end":{"line":30,"column":5}},"line":13},"2":{"name":"(anonymous_2)","decl":{"start":{"line":53,"column":46},"end":{"line":53,"column":47}},"loc":{"start":{"line":53,"column":56},"end":{"line":53,"column":70}},"line":53},"3":{"name":"(anonymous_3)","decl":{"start":{"line":68,"column":46},"end":{"line":68,"column":47}},"loc":{"start":{"line":68,"column":56},"end":{"line":68,"column":73}},"line":68},"4":{"name":"(anonymous_4)","decl":{"start":{"line":98,"column":29},"end":{"line":98,"column":30}},"loc":{"start":{"line":98,"column":35},"end":{"line":98,"column":54}},"line":98}},"branchMap":{"0":{"loc":{"start":{"line":20,"column":8},"end":{"line":28,"column":9}},"type":"if","locations":[{"start":{"line":20,"column":8},"end":{"line":28,"column":9}},{"start":{"line":23,"column":15},"end":{"line":28,"column":9}}],"line":20},"1":{"loc":{"start":{"line":36,"column":44},"end":{"line":36,"column":88}},"type":"cond-expr","locations":[{"start":{"line":36,"column":68},"end":{"line":36,"column":77}},{"start":{"line":36,"column":80},"end":{"line":36,"column":88}}],"line":36},"2":{"loc":{"start":{"line":79,"column":96},"end":{"line":79,"column":134}},"type":"cond-expr","locations":[{"start":{"line":79,"column":106},"end":{"line":79,"column":119}},{"start":{"line":79,"column":122},"end":{"line":79,"column":134}}],"line":79},"3":{"loc":{"start":{"line":83,"column":25},"end":{"line":90,"column":25}},"type":"cond-expr","locations":[{"start":{"line":84,"column":28},"end":{"line":84,"column":95}},{"start":{"line":86,"column":28},"end":{"line":89,"column":31}}],"line":83}},"s":{"0":0,"1":0,"2":0,"3":0,"4":0,"5":0,"6":0,"7":0,"8":0,"9":0,"10":0,"11":0,"12":0,"13":0,"14":0},"f":{"0":0,"1":0,"2":0,"3":0,"4":0},"b":{"0":[0,0],"1":[0,0],"2":[0,0],"3":[0,0]}}
,"/Users/mohamedamir/Desktop/autoreparis_app1/app/(tabs)/_layout.tsx": {"path":"/Users/mohamedamir/Desktop/autoreparis_app1/app/(tabs)/_layout.tsx","statementMap":{"0":{"start":{"line":10,"column":15},"end":{"line":10,"column":25}},"1":{"start":{"line":11,"column":2},"end":{"line":11,"column":77}},"2":{"start":{"line":15,"column":22},"end":{"line":15,"column":38}},"3":{"start":{"line":17,"column":2},"end":{"line":82,"column":4}},"4":{"start":{"line":43,"column":37},"end":{"line":43,"column":88}},"5":{"start":{"line":50,"column":37},"end":{"line":50,"column":81}},"6":{"start":{"line":57,"column":37},"end":{"line":57,"column":79}},"7":{"start":{"line":64,"column":37},"end":{"line":64,"column":78}},"8":{"start":{"line":71,"column":37},"end":{"line":71,"column":80}},"9":{"start":{"line":78,"column":37},"end":{"line":78,"column":78}}},"fnMap":{"0":{"name":"TabBarIcon","decl":{"start":{"line":6,"column":9},"end":{"line":6,"column":19}},"loc":{"start":{"line":9,"column":3},"end":{"line":12,"column":1}},"line":9},"1":{"name":"TabLayout","decl":{"start":{"line":14,"column":24},"end":{"line":14,"column":33}},"loc":{"start":{"line":14,"column":36},"end":{"line":83,"column":1}},"line":14},"2":{"name":"(anonymous_2)","decl":{"start":{"line":43,"column":22},"end":{"line":43,"column":23}},"loc":{"start":{"line":43,"column":37},"end":{"line":43,"column":88}},"line":43},"3":{"name":"(anonymous_3)","decl":{"start":{"line":50,"column":22},"end":{"line":50,"column":23}},"loc":{"start":{"line":50,"column":37},"end":{"line":50,"column":81}},"line":50},"4":{"name":"(anonymous_4)","decl":{"start":{"line":57,"column":22},"end":{"line":57,"column":23}},"loc":{"start":{"line":57,"column":37},"end":{"line":57,"column":79}},"line":57},"5":{"name":"(anonymous_5)","decl":{"start":{"line":64,"column":22},"end":{"line":64,"column":23}},"loc":{"start":{"line":64,"column":37},"end":{"line":64,"column":78}},"line":64},"6":{"name":"(anonymous_6)","decl":{"start":{"line":71,"column":22},"end":{"line":71,"column":23}},"loc":{"start":{"line":71,"column":37},"end":{"line":71,"column":80}},"line":71},"7":{"name":"(anonymous_7)","decl":{"start":{"line":78,"column":22},"end":{"line":78,"column":23}},"loc":{"start":{"line":78,"column":37},"end":{"line":78,"column":78}},"line":78}},"branchMap":{},"s":{"0":0,"1":0,"2":0,"3":0,"4":0,"5":0,"6":0,"7":0,"8":0,"9":0},"f":{"0":0,"1":0,"2":0,"3":0,"4":0,"5":0,"6":0,"7":0},"b":{}}
,"/Users/mohamedamir/Desktop/autoreparis_app1/app/(tabs)/index.tsx": {"path":"/Users/mohamedamir/Desktop/autoreparis_app1/app/(tabs)/index.tsx","statementMap":{"0":{"start":{"line":9,"column":18},"end":{"line":9,"column":42}},"1":{"start":{"line":12,"column":17},"end":{"line":12,"column":28}},"2":{"start":{"line":13,"column":38},"end":{"line":13,"column":53}},"3":{"start":{"line":14,"column":39},"end":{"line":14,"column":58}},"4":{"start":{"line":16,"column":16},"end":{"line":21,"column":3}},"5":{"start":{"line":23,"column":20},"end":{"line":27,"column":15}},"6":{"start":{"line":24,"column":4},"end":{"line":24,"column":24}},"7":{"start":{"line":25,"column":4},"end":{"line":25,"column":20}},"8":{"start":{"line":26,"column":4},"end":{"line":26,"column":25}},"9":{"start":{"line":29,"column":18},"end":{"line":58,"column":3}},"10":{"start":{"line":30,"column":4},"end":{"line":57,"column":6}},"11":{"start":{"line":60,"column":2},"end":{"line":174,"column":4}},"12":{"start":{"line":75,"column":45},"end":{"line":75,"column":68}},"13":{"start":{"line":88,"column":29},"end":{"line":88,"column":65}},"14":{"start":{"line":97,"column":29},"end":{"line":97,"column":56}},"15":{"start":{"line":106,"column":29},"end":{"line":106,"column":57}},"16":{"start":{"line":115,"column":29},"end":{"line":115,"column":57}},"17":{"start":{"line":121,"column":45},"end":{"line":121,"column":76}},"18":{"start":{"line":129,"column":20},"end":{"line":136,"column":27}},"19":{"start":{"line":141,"column":20},"end":{"line":141,"column":129}},"20":{"start":{"line":153,"column":31},"end":{"line":153,"column":64}},"21":{"start":{"line":163,"column":31},"end":{"line":163,"column":51}}},"fnMap":{"0":{"name":"DashboardScreen","decl":{"start":{"line":11,"column":24},"end":{"line":11,"column":39}},"loc":{"start":{"line":11,"column":42},"end":{"line":175,"column":1}},"line":11},"1":{"name":"(anonymous_1)","decl":{"start":{"line":23,"column":32},"end":{"line":23,"column":33}},"loc":{"start":{"line":23,"column":44},"end":{"line":27,"column":3}},"line":23},"2":{"name":"(anonymous_2)","decl":{"start":{"line":29,"column":18},"end":{"line":29,"column":19}},"loc":{"start":{"line":29,"column":87},"end":{"line":58,"column":3}},"line":29},"3":{"name":"(anonymous_3)","decl":{"start":{"line":75,"column":39},"end":{"line":75,"column":40}},"loc":{"start":{"line":75,"column":45},"end":{"line":75,"column":68}},"line":75},"4":{"name":"(anonymous_4)","decl":{"start":{"line":88,"column":23},"end":{"line":88,"column":24}},"loc":{"start":{"line":88,"column":29},"end":{"line":88,"column":65}},"line":88},"5":{"name":"(anonymous_5)","decl":{"start":{"line":97,"column":23},"end":{"line":97,"column":24}},"loc":{"start":{"line":97,"column":29},"end":{"line":97,"column":56}},"line":97},"6":{"name":"(anonymous_6)","decl":{"start":{"line":106,"column":23},"end":{"line":106,"column":24}},"loc":{"start":{"line":106,"column":29},"end":{"line":106,"column":57}},"line":106},"7":{"name":"(anonymous_7)","decl":{"start":{"line":115,"column":23},"end":{"line":115,"column":24}},"loc":{"start":{"line":115,"column":29},"end":{"line":115,"column":57}},"line":115},"8":{"name":"(anonymous_8)","decl":{"start":{"line":121,"column":39},"end":{"line":121,"column":40}},"loc":{"start":{"line":121,"column":45},"end":{"line":121,"column":76}},"line":121},"9":{"name":"(anonymous_9)","decl":{"start":{"line":128,"column":52},"end":{"line":128,"column":53}},"loc":{"start":{"line":129,"column":20},"end":{"line":136,"column":27}},"line":129},"10":{"name":"(anonymous_10)","decl":{"start":{"line":140,"column":59},"end":{"line":140,"column":60}},"loc":{"start":{"line":141,"column":20},"end":{"line":141,"column":129}},"line":141},"11":{"name":"(anonymous_11)","decl":{"start":{"line":153,"column":25},"end":{"line":153,"column":26}},"loc":{"start":{"line":153,"column":31},"end":{"line":153,"column":64}},"line":153},"12":{"name":"(anonymous_12)","decl":{"start":{"line":163,"column":25},"end":{"line":163,"column":26}},"loc":{"start":{"line":163,"column":31},"end":{"line":163,"column":51}},"line":163}},"branchMap":{"0":{"loc":{"start":{"line":16,"column":16},"end":{"line":21,"column":3}},"type":"binary-expr","locations":[{"start":{"line":16,"column":16},"end":{"line":16,"column":20}},{"start":{"line":16,"column":24},"end":{"line":21,"column":3}}],"line":16},"1":{"loc":{"start":{"line":45,"column":13},"end":{"line":49,"column":13}},"type":"binary-expr","locations":[{"start":{"line":45,"column":13},"end":{"line":45,"column":18}},{"start":{"line":46,"column":14},"end":{"line":48,"column":21}}],"line":45}},"s":{"0":0,"1":0,"2":0,"3":0,"4":0,"5":0,"6":0,"7":0,"8":0,"9":0,"10":0,"11":0,"12":0,"13":0,"14":0,"15":0,"16":0,"17":0,"18":0,"19":0,"20":0,"21":0},"f":{"0":0,"1":0,"2":0,"3":0,"4":0,"5":0,"6":0,"7":0,"8":0,"9":0,"10":0,"11":0,"12":0},"b":{"0":[0,0],"1":[0,0]}}
,"/Users/mohamedamir/Desktop/autoreparis_app1/app/(tabs)/interventions.tsx": {"path":"/Users/mohamedamir/Desktop/autoreparis_app1/app/(tabs)/interventions.tsx","statementMap":{"0":{"start":{"line":13,"column":19},"end":{"line":13,"column":30}},"1":{"start":{"line":14,"column":40},"end":{"line":14,"column":55}},"2":{"start":{"line":15,"column":32},"end":{"line":15,"column":44}},"3":{"start":{"line":16,"column":44},"end":{"line":16,"column":60}},"4":{"start":{"line":18,"column":41},"end":{"line":18,"column":59}},"5":{"start":{"line":19,"column":43},"end":{"line":19,"column":66}},"6":{"start":{"line":21,"column":55},"end":{"line":30,"column":28}},"7":{"start":{"line":22,"column":20},"end":{"line":22,"column":36}},"8":{"start":{"line":23,"column":8},"end":{"line":23,"column":39}},"9":{"start":{"line":23,"column":28},"end":{"line":23,"column":39}},"10":{"start":{"line":24,"column":18},"end":{"line":24,"column":38}},"11":{"start":{"line":25,"column":8},"end":{"line":29,"column":11}},"12":{"start":{"line":26,"column":31},"end":{"line":26,"column":92}},"13":{"start":{"line":27,"column":32},"end":{"line":27,"column":129}},"14":{"start":{"line":28,"column":12},"end":{"line":28,"column":97}},"15":{"start":{"line":32,"column":20},"end":{"line":37,"column":5}},"16":{"start":{"line":39,"column":26},"end":{"line":43,"column":5}},"17":{"start":{"line":40,"column":8},"end":{"line":40,"column":28}},"18":{"start":{"line":41,"column":8},"end":{"line":41,"column":24}},"19":{"start":{"line":42,"column":8},"end":{"line":42,"column":29}},"20":{"start":{"line":45,"column":25},"end":{"line":62,"column":5}},"21":{"start":{"line":46,"column":8},"end":{"line":61,"column":10}},"22":{"start":{"line":55,"column":24},"end":{"line":57,"column":27}},"23":{"start":{"line":56,"column":48},"end":{"line":56,"column":84}},"24":{"start":{"line":65,"column":31},"end":{"line":74,"column":5}},"25":{"start":{"line":66,"column":8},"end":{"line":73,"column":10}},"26":{"start":{"line":68,"column":31},"end":{"line":68,"column":47}},"27":{"start":{"line":76,"column":27},"end":{"line":84,"column":5}},"28":{"start":{"line":77,"column":8},"end":{"line":83,"column":9}},"29":{"start":{"line":78,"column":30},"end":{"line":78,"column":105}},"30":{"start":{"line":79,"column":29},"end":{"line":79,"column":107}},"31":{"start":{"line":80,"column":29},"end":{"line":80,"column":105}},"32":{"start":{"line":81,"column":29},"end":{"line":81,"column":107}},"33":{"start":{"line":82,"column":21},"end":{"line":82,"column":93}},"34":{"start":{"line":86,"column":23},"end":{"line":126,"column":5}},"35":{"start":{"line":87,"column":28},"end":{"line":87,"column":55}},"36":{"start":{"line":88,"column":27},"end":{"line":88,"column":111}},"37":{"start":{"line":89,"column":28},"end":{"line":89,"column":114}},"38":{"start":{"line":91,"column":8},"end":{"line":125,"column":10}},"39":{"start":{"line":92,"column":53},"end":{"line":92,"column":86}},"40":{"start":{"line":94,"column":35},"end":{"line":94,"column":108}},"41":{"start":{"line":128,"column":4},"end":{"line":228,"column":6}},"42":{"start":{"line":156,"column":46},"end":{"line":156,"column":56}},"43":{"start":{"line":158,"column":28},"end":{"line":165,"column":47}},"44":{"start":{"line":159,"column":47},"end":{"line":159,"column":74}},"45":{"start":{"line":181,"column":47},"end":{"line":181,"column":70}},"46":{"start":{"line":183,"column":147},"end":{"line":183,"column":170}},"47":{"start":{"line":184,"column":55},"end":{"line":184,"column":78}},"48":{"start":{"line":185,"column":32},"end":{"line":185,"column":81}},"49":{"start":{"line":191,"column":47},"end":{"line":191,"column":71}},"50":{"start":{"line":193,"column":147},"end":{"line":193,"column":171}},"51":{"start":{"line":194,"column":55},"end":{"line":194,"column":79}},"52":{"start":{"line":195,"column":32},"end":{"line":195,"column":81}},"53":{"start":{"line":201,"column":47},"end":{"line":201,"column":70}},"54":{"start":{"line":203,"column":147},"end":{"line":203,"column":170}},"55":{"start":{"line":204,"column":55},"end":{"line":204,"column":78}},"56":{"start":{"line":205,"column":32},"end":{"line":205,"column":81}},"57":{"start":{"line":222,"column":31},"end":{"line":222,"column":64}}},"fnMap":{"0":{"name":"InterventionsScreen","decl":{"start":{"line":12,"column":24},"end":{"line":12,"column":43}},"loc":{"start":{"line":12,"column":46},"end":{"line":229,"column":1}},"line":12},"1":{"name":"(anonymous_1)","decl":{"start":{"line":21,"column":63},"end":{"line":21,"column":64}},"loc":{"start":{"line":21,"column":69},"end":{"line":30,"column":5}},"line":21},"2":{"name":"(anonymous_2)","decl":{"start":{"line":25,"column":26},"end":{"line":25,"column":27}},"loc":{"start":{"line":25,"column":33},"end":{"line":29,"column":9}},"line":25},"3":{"name":"(anonymous_3)","decl":{"start":{"line":39,"column":26},"end":{"line":39,"column":27}},"loc":{"start":{"line":39,"column":38},"end":{"line":43,"column":5}},"line":39},"4":{"name":"(anonymous_4)","decl":{"start":{"line":45,"column":25},"end":{"line":45,"column":26}},"loc":{"start":{"line":45,"column":41},"end":{"line":62,"column":5}},"line":45},"5":{"name":"(anonymous_5)","decl":{"start":{"line":54,"column":29},"end":{"line":54,"column":30}},"loc":{"start":{"line":54,"column":35},"end":{"line":58,"column":21}},"line":54},"6":{"name":"(anonymous_6)","decl":{"start":{"line":56,"column":37},"end":{"line":56,"column":38}},"loc":{"start":{"line":56,"column":48},"end":{"line":56,"column":84}},"line":56},"7":{"name":"(anonymous_7)","decl":{"start":{"line":65,"column":31},"end":{"line":65,"column":32}},"loc":{"start":{"line":65,"column":76},"end":{"line":74,"column":5}},"line":65},"8":{"name":"(anonymous_8)","decl":{"start":{"line":68,"column":25},"end":{"line":68,"column":26}},"loc":{"start":{"line":68,"column":31},"end":{"line":68,"column":47}},"line":68},"9":{"name":"(anonymous_9)","decl":{"start":{"line":76,"column":27},"end":{"line":76,"column":28}},"loc":{"start":{"line":76,"column":47},"end":{"line":84,"column":5}},"line":76},"10":{"name":"(anonymous_10)","decl":{"start":{"line":86,"column":23},"end":{"line":86,"column":24}},"loc":{"start":{"line":86,"column":74},"end":{"line":126,"column":5}},"line":86},"11":{"name":"(anonymous_11)","decl":{"start":{"line":92,"column":43},"end":{"line":92,"column":44}},"loc":{"start":{"line":92,"column":53},"end":{"line":92,"column":86}},"line":92},"12":{"name":"(anonymous_12)","decl":{"start":{"line":94,"column":29},"end":{"line":94,"column":30}},"loc":{"start":{"line":94,"column":35},"end":{"line":94,"column":108}},"line":94},"13":{"name":"(anonymous_13)","decl":{"start":{"line":156,"column":38},"end":{"line":156,"column":39}},"loc":{"start":{"line":156,"column":46},"end":{"line":156,"column":56}},"line":156},"14":{"name":"(anonymous_14)","decl":{"start":{"line":157,"column":36},"end":{"line":157,"column":37}},"loc":{"start":{"line":158,"column":28},"end":{"line":165,"column":47}},"line":158},"15":{"name":"(anonymous_15)","decl":{"start":{"line":159,"column":41},"end":{"line":159,"column":42}},"loc":{"start":{"line":159,"column":47},"end":{"line":159,"column":74}},"line":159},"16":{"name":"(anonymous_16)","decl":{"start":{"line":181,"column":42},"end":{"line":181,"column":43}},"loc":{"start":{"line":181,"column":47},"end":{"line":181,"column":70}},"line":181},"17":{"name":"(anonymous_17)","decl":{"start":{"line":183,"column":142},"end":{"line":183,"column":143}},"loc":{"start":{"line":183,"column":147},"end":{"line":183,"column":170}},"line":183},"18":{"name":"(anonymous_18)","decl":{"start":{"line":184,"column":50},"end":{"line":184,"column":51}},"loc":{"start":{"line":184,"column":55},"end":{"line":184,"column":78}},"line":184},"19":{"name":"(anonymous_19)","decl":{"start":{"line":184,"column":84},"end":{"line":184,"column":85}},"loc":{"start":{"line":185,"column":32},"end":{"line":185,"column":81}},"line":185},"20":{"name":"(anonymous_20)","decl":{"start":{"line":191,"column":42},"end":{"line":191,"column":43}},"loc":{"start":{"line":191,"column":47},"end":{"line":191,"column":71}},"line":191},"21":{"name":"(anonymous_21)","decl":{"start":{"line":193,"column":142},"end":{"line":193,"column":143}},"loc":{"start":{"line":193,"column":147},"end":{"line":193,"column":171}},"line":193},"22":{"name":"(anonymous_22)","decl":{"start":{"line":194,"column":50},"end":{"line":194,"column":51}},"loc":{"start":{"line":194,"column":55},"end":{"line":194,"column":79}},"line":194},"23":{"name":"(anonymous_23)","decl":{"start":{"line":194,"column":85},"end":{"line":194,"column":86}},"loc":{"start":{"line":195,"column":32},"end":{"line":195,"column":81}},"line":195},"24":{"name":"(anonymous_24)","decl":{"start":{"line":201,"column":42},"end":{"line":201,"column":43}},"loc":{"start":{"line":201,"column":47},"end":{"line":201,"column":70}},"line":201},"25":{"name":"(anonymous_25)","decl":{"start":{"line":203,"column":142},"end":{"line":203,"column":143}},"loc":{"start":{"line":203,"column":147},"end":{"line":203,"column":170}},"line":203},"26":{"name":"(anonymous_26)","decl":{"start":{"line":204,"column":50},"end":{"line":204,"column":51}},"loc":{"start":{"line":204,"column":55},"end":{"line":204,"column":78}},"line":204},"27":{"name":"(anonymous_27)","decl":{"start":{"line":204,"column":84},"end":{"line":204,"column":85}},"loc":{"start":{"line":205,"column":32},"end":{"line":205,"column":81}},"line":205},"28":{"name":"(anonymous_28)","decl":{"start":{"line":222,"column":25},"end":{"line":222,"column":26}},"loc":{"start":{"line":222,"column":31},"end":{"line":222,"column":64}},"line":222}},"branchMap":{"0":{"loc":{"start":{"line":22,"column":20},"end":{"line":22,"column":36}},"type":"binary-expr","locations":[{"start":{"line":22,"column":20},"end":{"line":22,"column":30}},{"start":{"line":22,"column":34},"end":{"line":22,"column":36}}],"line":22},"1":{"loc":{"start":{"line":23,"column":8},"end":{"line":23,"column":39}},"type":"if","locations":[{"start":{"line":23,"column":8},"end":{"line":23,"column":39}},{"start":{},"end":{}}],"line":23},"2":{"loc":{"start":{"line":26,"column":31},"end":{"line":26,"column":92}},"type":"cond-expr","locations":[{"start":{"line":26,"column":43},"end":{"line":26,"column":87}},{"start":{"line":26,"column":90},"end":{"line":26,"column":92}}],"line":26},"3":{"loc":{"start":{"line":26,"column":63},"end":{"line":26,"column":85}},"type":"binary-expr","locations":[{"start":{"line":26,"column":63},"end":{"line":26,"column":79}},{"start":{"line":26,"column":83},"end":{"line":26,"column":85}}],"line":26},"4":{"loc":{"start":{"line":27,"column":32},"end":{"line":27,"column":129}},"type":"cond-expr","locations":[{"start":{"line":27,"column":45},"end":{"line":27,"column":124}},{"start":{"line":27,"column":127},"end":{"line":27,"column":129}}],"line":27},"5":{"loc":{"start":{"line":27,"column":90},"end":{"line":27,"column":122}},"type":"binary-expr","locations":[{"start":{"line":27,"column":90},"end":{"line":27,"column":116}},{"start":{"line":27,"column":120},"end":{"line":27,"column":122}}],"line":27},"6":{"loc":{"start":{"line":28,"column":19},"end":{"line":28,"column":96}},"type":"binary-expr","locations":[{"start":{"line":28,"column":19},"end":{"line":28,"column":55}},{"start":{"line":28,"column":59},"end":{"line":28,"column":96}}],"line":28},"7":{"loc":{"start":{"line":77,"column":8},"end":{"line":83,"column":9}},"type":"switch","locations":[{"start":{"line":78,"column":12},"end":{"line":78,"column":105}},{"start":{"line":79,"column":12},"end":{"line":79,"column":107}},{"start":{"line":80,"column":12},"end":{"line":80,"column":105}},{"start":{"line":81,"column":12},"end":{"line":81,"column":107}},{"start":{"line":82,"column":12},"end":{"line":82,"column":93}}],"line":77},"8":{"loc":{"start":{"line":88,"column":27},"end":{"line":88,"column":111}},"type":"cond-expr","locations":[{"start":{"line":88,"column":42},"end":{"line":88,"column":92}},{"start":{"line":88,"column":95},"end":{"line":88,"column":111}}],"line":88},"9":{"loc":{"start":{"line":88,"column":65},"end":{"line":88,"column":90}},"type":"binary-expr","locations":[{"start":{"line":88,"column":65},"end":{"line":88,"column":84}},{"start":{"line":88,"column":88},"end":{"line":88,"column":90}}],"line":88},"10":{"loc":{"start":{"line":89,"column":28},"end":{"line":89,"column":114}},"type":"cond-expr","locations":[{"start":{"line":89,"column":44},"end":{"line":89,"column":93}},{"start":{"line":89,"column":96},"end":{"line":89,"column":114}}],"line":89},"11":{"loc":{"start":{"line":115,"column":33},"end":{"line":115,"column":143}},"type":"cond-expr","locations":[{"start":{"line":115,"column":64},"end":{"line":115,"column":136}},{"start":{"line":115,"column":139},"end":{"line":115,"column":143}}],"line":115},"12":{"loc":{"start":{"line":120,"column":93},"end":{"line":120,"column":114}},"type":"binary-expr","locations":[{"start":{"line":120,"column":93},"end":{"line":120,"column":107}},{"start":{"line":120,"column":111},"end":{"line":120,"column":114}}],"line":120},"13":{"loc":{"start":{"line":160,"column":83},"end":{"line":160,"column":234}},"type":"cond-expr","locations":[{"start":{"line":160,"column":113},"end":{"line":160,"column":176}},{"start":{"line":160,"column":179},"end":{"line":160,"column":234}}],"line":160},"14":{"loc":{"start":{"line":162,"column":66},"end":{"line":162,"column":167}},"type":"cond-expr","locations":[{"start":{"line":162,"column":96},"end":{"line":162,"column":128}},{"start":{"line":162,"column":131},"end":{"line":162,"column":167}}],"line":162},"15":{"loc":{"start":{"line":171,"column":13},"end":{"line":219,"column":13}},"type":"cond-expr","locations":[{"start":{"line":172,"column":16},"end":{"line":174,"column":23}},{"start":{"line":176,"column":16},"end":{"line":218,"column":29}}],"line":171},"16":{"loc":{"start":{"line":181,"column":21},"end":{"line":188,"column":21}},"type":"binary-expr","locations":[{"start":{"line":181,"column":21},"end":{"line":181,"column":82}},{"start":{"line":181,"column":87},"end":{"line":181,"column":110}},{"start":{"line":181,"column":114},"end":{"line":181,"column":141}},{"start":{"line":182,"column":24},"end":{"line":187,"column":31}}],"line":181},"17":{"loc":{"start":{"line":191,"column":21},"end":{"line":198,"column":21}},"type":"binary-expr","locations":[{"start":{"line":191,"column":21},"end":{"line":191,"column":83}},{"start":{"line":191,"column":88},"end":{"line":191,"column":111}},{"start":{"line":191,"column":115},"end":{"line":191,"column":143}},{"start":{"line":192,"column":24},"end":{"line":197,"column":31}}],"line":191},"18":{"loc":{"start":{"line":201,"column":21},"end":{"line":208,"column":21}},"type":"binary-expr","locations":[{"start":{"line":201,"column":21},"end":{"line":201,"column":82}},{"start":{"line":201,"column":87},"end":{"line":201,"column":110}},{"start":{"line":201,"column":114},"end":{"line":201,"column":141}},{"start":{"line":202,"column":24},"end":{"line":207,"column":31}}],"line":201},"19":{"loc":{"start":{"line":210,"column":21},"end":{"line":217,"column":21}},"type":"binary-expr","locations":[{"start":{"line":210,"column":21},"end":{"line":210,"column":47}},{"start":{"line":211,"column":24},"end":{"line":216,"column":31}}],"line":210}},"s":{"0":0,"1":0,"2":0,"3":0,"4":0,"5":0,"6":0,"7":0,"8":0,"9":0,"10":0,"11":0,"12":0,"13":0,"14":0,"15":0,"16":0,"17":0,"18":0,"19":0,"20":0,"21":0,"22":0,"23":0,"24":0,"25":0,"26":0,"27":0,"28":0,"29":0,"30":0,"31":0,"32":0,"33":0,"34":0,"35":0,"36":0,"37":0,"38":0,"39":0,"40":0,"41":0,"42":0,"43":0,"44":0,"45":0,"46":0,"47":0,"48":0,"49":0,"50":0,"51":0,"52":0,"53":0,"54":0,"55":0,"56":0,"57":0},"f":{"0":0,"1":0,"2":0,"3":0,"4":0,"5":0,"6":0,"7":0,"8":0,"9":0,"10":0,"11":0,"12":0,"13":0,"14":0,"15":0,"16":0,"17":0,"18":0,"19":0,"20":0,"21":0,"22":0,"23":0,"24":0,"25":0,"26":0,"27":0,"28":0},"b":{"0":[0,0],"1":[0,0],"2":[0,0],"3":[0,0],"4":[0,0],"5":[0,0],"6":[0,0],"7":[0,0,0,0,0],"8":[0,0],"9":[0,0],"10":[0,0],"11":[0,0],"12":[0,0],"13":[0,0],"14":[0,0],"15":[0,0],"16":[0,0,0,0],"17":[0,0,0,0],"18":[0,0,0,0],"19":[0,0]}}
,"/Users/mohamedamir/Desktop/autoreparis_app1/app/(tabs)/planning.tsx": {"path":"/Users/mohamedamir/Desktop/autoreparis_app1/app/(tabs)/planning.tsx","statementMap":{"0":{"start":{"line":11,"column":22},"end":{"line":11,"column":32}},"1":{"start":{"line":12,"column":25},"end":{"line":12,"column":84}},"2":{"start":{"line":12,"column":62},"end":{"line":12,"column":83}},"3":{"start":{"line":15,"column":44},"end":{"line":15,"column":63}},"4":{"start":{"line":18,"column":28},"end":{"line":18,"column":62}},"5":{"start":{"line":20,"column":60},"end":{"line":20,"column":76}},"6":{"start":{"line":21,"column":106},"end":{"line":21,"column":142}},"7":{"start":{"line":22,"column":108},"end":{"line":22,"column":126}},"8":{"start":{"line":23,"column":27},"end":{"line":23,"column":46}},"9":{"start":{"line":24,"column":29},"end":{"line":24,"column":50}},"10":{"start":{"line":27,"column":25},"end":{"line":34,"column":43}},"11":{"start":{"line":28,"column":33},"end":{"line":28,"column":64}},"12":{"start":{"line":29,"column":8},"end":{"line":33,"column":11}},"13":{"start":{"line":30,"column":12},"end":{"line":30,"column":60}},"14":{"start":{"line":30,"column":47},"end":{"line":30,"column":60}},"15":{"start":{"line":31,"column":29},"end":{"line":31,"column":67}},"16":{"start":{"line":32,"column":12},"end":{"line":32,"column":83}},"17":{"start":{"line":36,"column":20},"end":{"line":36,"column":85}},"18":{"start":{"line":37,"column":40},"end":{"line":37,"column":55}},"19":{"start":{"line":40,"column":46},"end":{"line":40,"column":61}},"20":{"start":{"line":41,"column":44},"end":{"line":41,"column":71}},"21":{"start":{"line":42,"column":48},"end":{"line":42,"column":68}},"22":{"start":{"line":45,"column":68},"end":{"line":45,"column":128}},"23":{"start":{"line":48,"column":32},"end":{"line":48,"column":82}},"24":{"start":{"line":49,"column":30},"end":{"line":49,"column":78}},"25":{"start":{"line":54,"column":8},"end":{"line":58,"column":5}},"26":{"start":{"line":61,"column":4},"end":{"line":63,"column":36}},"27":{"start":{"line":62,"column":8},"end":{"line":62,"column":84}},"28":{"start":{"line":62,"column":72},"end":{"line":62,"column":80}},"29":{"start":{"line":66,"column":50},"end":{"line":66,"column":65}},"30":{"start":{"line":67,"column":64},"end":{"line":67,"column":93}},"31":{"start":{"line":68,"column":56},"end":{"line":68,"column":85}},"32":{"start":{"line":71,"column":58},"end":{"line":71,"column":106}},"33":{"start":{"line":75,"column":29},"end":{"line":82,"column":5}},"34":{"start":{"line":76,"column":8},"end":{"line":81,"column":9}},"35":{"start":{"line":77,"column":30},"end":{"line":77,"column":53}},"36":{"start":{"line":78,"column":29},"end":{"line":78,"column":52}},"37":{"start":{"line":79,"column":29},"end":{"line":79,"column":53}},"38":{"start":{"line":80,"column":21},"end":{"line":80,"column":43}},"39":{"start":{"line":84,"column":31},"end":{"line":91,"column":5}},"40":{"start":{"line":85,"column":8},"end":{"line":90,"column":9}},"41":{"start":{"line":86,"column":30},"end":{"line":86,"column":55}},"42":{"start":{"line":87,"column":29},"end":{"line":87,"column":54}},"43":{"start":{"line":88,"column":29},"end":{"line":88,"column":55}},"44":{"start":{"line":89,"column":21},"end":{"line":89,"column":45}},"45":{"start":{"line":93,"column":33},"end":{"line":100,"column":5}},"46":{"start":{"line":94,"column":8},"end":{
[...]
},"end":{"line":111,"column":29}},"39":{"start":{"line":114,"column":6},"end":{"line":114,"column":55}},"40":{"start":{"line":115,"column":6},"end":{"line":115,"column":62}},"41":{"start":{"line":121,"column":13},"end":{"line":121,"column":29}},"42":{"start":{"line":122,"column":2},"end":{"line":135,"column":5}},"43":{"start":{"line":124,"column":30},"end":{"line":128,"column":17}},"44":{"start":{"line":129,"column":6},"end":{"line":129,"column":29}},"45":{"start":{"line":129,"column":17},"end":{"line":129,"column":29}},"46":{"start":{"line":130,"column":6},"end":{"line":130,"column":29}},"47":{"start":{"line":133,"column":6},"end":{"line":133,"column":55}}},"fnMap":{"0":{"name":"useProducts","decl":{"start":{"line":8,"column":16},"end":{"line":8,"column":27}},"loc":{"start":{"line":8,"column":56},"end":{"line":30,"column":1}},"line":8},"1":{"name":"(anonymous_1)","decl":{"start":{"line":11,"column":13},"end":{"line":11,"column":14}},"loc":{"start":{"line":11,"column":25},"end":{"line":28,"column":5}},"line":11},"2":{"name":"useProduct","decl":{"start":{"line":32,"column":16},"end":{"line":32,"column":26}},"loc":{"start":{"line":32,"column":51},"end":{"line":46,"column":1}},"line":32},"3":{"name":"(anonymous_3)","decl":{"start":{"line":36,"column":13},"end":{"line":36,"column":14}},"loc":{"start":{"line":36,"column":25},"end":{"line":44,"column":5}},"line":36},"4":{"name":"useProductByBarcode","decl":{"start":{"line":48,"column":16},"end":{"line":48,"column":35}},"loc":{"start":{"line":48,"column":62},"end":{"line":62,"column":1}},"line":48},"5":{"name":"(anonymous_5)","decl":{"start":{"line":52,"column":13},"end":{"line":52,"column":14}},"loc":{"start":{"line":52,"column":25},"end":{"line":60,"column":5}},"line":52},"6":{"name":"useUpdateStock","decl":{"start":{"line":64,"column":16},"end":{"line":64,"column":30}},"loc":{"start":{"line":64,"column":33},"end":{"line":104,"column":1}},"line":64},"7":{"name":"(anonymous_7)","decl":{"start":{"line":69,"column":16},"end":{"line":69,"column":17}},"loc":{"start":{"line":74,"column":10},"end":{"line":97,"column":5}},"line":74},"8":{"name":"(anonymous_8)","decl":{"start":{"line":98,"column":15},"end":{"line":98,"column":16}},"loc":{"start":{"line":98,"column":21},"end":{"line":102,"column":5}},"line":98},"9":{"name":"useDeleteProduct","decl":{"start":{"line":106,"column":16},"end":{"line":106,"column":32}},"loc":{"start":{"line":106,"column":35},"end":{"line":118,"column":1}},"line":106},"10":{"name":"(anonymous_10)","decl":{"start":{"line":109,"column":16},"end":{"line":109,"column":17}},"loc":{"start":{"line":109,"column":38},"end":{"line":112,"column":5}},"line":109},"11":{"name":"(anonymous_11)","decl":{"start":{"line":113,"column":15},"end":{"line":113,"column":16}},"loc":{"start":{"line":113,"column":21},"end":{"line":116,"column":5}},"line":113},"12":{"name":"useCreateProduct","decl":{"start":{"line":120,"column":16},"end":{"line":120,"column":32}},"loc":{"start":{"line":120,"column":35},"end":{"line":136,"column":1}},"line":120},"13":{"name":"(anonymous_13)","decl":{"start":{"line":123,"column":16},"end":{"line":123,"column":17}},"loc":{"start":{"line":123,"column":71},"end":{"line":131,"column":5}},"line":123},"14":{"name":"(anonymous_14)","decl":{"start":{"line":132,"column":15},"end":{"line":132,"column":16}},"loc":{"start":{"line":132,"column":21},"end":{"line":134,"column":5}},"line":132}},"branchMap":{"0":{"loc":{"start":{"line":8,"column":28},"end":{"line":8,"column":44}},"type":"default-arg","locations":[{"start":{"line":8,"column":39},"end":{"line":8,"column":44}}],"line":8},"1":{"loc":{"start":{"line":8,"column":46},"end":{"line":8,"column":54}},"type":"default-arg","locations":[{"start":{"line":8,"column":53},"end":{"line":8,"column":54}}],"line":8},"2":{"loc":{"start":{"line":21,"column":6},"end":{"line":23,"column":7}},"type":"if","locations":[{"start":{"line":21,"column":6},"end":{"line":23,"column":7}},{"start":{},"end":{}}],"line":21},"3":{"loc":{"start":{"line":26,"column":6},"end":{"line":26,"column":29}},"type":"if","locations":[{"start":{"line":26,"column":6},"end":{"line":26,"column":29}},{"start":{},"end":{}}],"line":26},"4":{"loc":{"start":{"line":27,"column":22},"end":{"line":27,"column":32}},"type":"binary-expr","locations":[{"start":{"line":27,"column":22},"end":{"line":27,"column":26}},{"start":{"line":27,"column":30},"end":{"line":27,"column":32}}],"line":27},"5":{"loc":{"start":{"line":27,"column":55},"end":{"line":27,"column":65}},"type":"binary-expr","locations":[{"start":{"line":27,"column":55},"end":{"line":27,"column":60}},{"start":{"line":27,"column":64},"end":{"line":27,"column":65}}],"line":27},"6":{"loc":{"start":{"line":42,"column":6},"end":{"line":42,"column":29}},"type":"if","locations":[{"start":{"line":42,"column":6},"end":{"line":42,"column":29}},{"start":{},"end":{}}],"line":42},"7":{"loc":{"start":{"line":51,"column":13},"end":{"line":51,"column":38}},"type":"binary-expr","locations":[{"start":{"line":51,"column":13},"end":{"line":51,"column":19}},{"start":{"line":51,"column":23},"end":{"line":51,"column":38}}],"line":51},"8":{"loc":{"start":{"line":58,"column":6},"end":{"line":58,"column":29}},"type":"if","locations":[{"start":{"line":58,"column":6},"end":{"line":58,"column":29}},{"start":{},"end":{}}],"line":58},"9":{"loc":{"start":{"line":82,"column":6},"end":{"line":82,"column":37}},"type":"if","locations":[{"start":{"line":82,"column":6},"end":{"line":82,"column":37}},{"start":{},"end":{}}],"line":82},"10":{"loc":{"start":{"line":89,"column":16},"end":{"line":89,"column":46}},"type":"cond-expr","locations":[{"start":{"line":89,"column":27},"end":{"line":89,"column":35}},{"start":{"line":89,"column":38},"end":{"line":89,"column":46}}],"line":89},"11":{"loc":{"start":{"line":91,"column":17},"end":{"line":91,"column":45}},"type":"binary-expr","locations":[{"start":{"line":91,"column":17},"end":{"line":91,"column":22}},{"start":{"line":91,"column":26},"end":{"line":91,"column":45}}],"line":91},"12":{"loc":{"start":{"line":94,"column":19},"end":{"line":94,"column":35}},"type":"binary-expr","locations":[{"start":{"line":94,"column":19},"end":{"line":94,"column":27}},{"start":{"line":94,"column":31},"end":{"line":94,"column":35}}],"line":94},"13":{"loc":{"start":{"line":96,"column":6},"end":{"line":96,"column":35}},"type":"if","locations":[{"start":{"line":96,"column":6},"end":{"line":96,"column":35}},{"start":{},"end":{}}],"line":96},"14":{"loc":{"start":{"line":111,"column":6},"end":{"line":111,"column":29}},"type":"if","locations":[{"start":{"line":111,"column":6},"end":{"line":111,"column":29}},{"start":{},"end":{}}],"line":111},"15":{"loc":{"start":{"line":129,"column":6},"end":{"line":129,"column":29}},"type":"if","locations":[{"start":{"line":129,"column":6},"end":{"line":129,"column":29}},{"start":{},"end":{}}],"line":129}},"s":{"0":0,"1":0,"2":0,"3":0,"4":0,"5":0,"6":0,"7":0,"8":0,"9":0,"10":0,"11":0,"12":0,"13":0,"14":0,"15":0,"16":0,"17":0,"18":0,"19":0,"20":0,"21":0,"22":0,"23":0,"24":0,"25":0,"26":0,"27":0,"28":0,"29":0,"30":0,"31":0,"32":0,"33":0,"34":0,"35":0,"36":0,"37":0,"38":0,"39":0,"40":0,"41":0,"42":0,"43":0,"44":0,"45":0,"46":0,"47":0},"f":{"0":0,"1":0,"2":0,"3":0,"4":0,"5":0,"6":0,"7":0,"8":0,"9":0,"10":0,"11":0,"12":0,"13":0,"14":0},"b":{"0":[0],"1":[0],"2":[0,0],"3":[0,0],"4":[0,0],"5":[0,0],"6":[0,0],"7":[0,0],"8":[0,0],"9":[0,0],"10":[0,0],"11":[0,0],"12":[0,0],"13":[0,0],"14":[0,0],"15":[0,0]}}
,"/Users/mohamedamir/Desktop/autoreparis_app1/lib/hooks/useTeam.ts": {"path":"/Users/mohamedamir/Desktop/autoreparis_app1/lib/hooks/useTeam.ts","statementMap":{"0":{"start":{"line":6,"column":2},"end":{"line":17,"column":5}},"1":{"start":{"line":9,"column":30},"end":{"line":13,"column":21}},"2":{"start":{"line":14,"column":6},"end":{"line":14,"column":29}},"3":{"start":{"line":14,"column":17},"end":{"line":14,"column":29}},"4":{"start":{"line":15,"column":6},"end":{"line":15,"column":36}},"5":{"start":{"line":21,"column":2},"end":{"line":31,"column":5}},"6":{"start":{"line":24,"column":30},"end":{"line":27,"column":25}},"7":{"start":{"line":28,"column":6},"end":{"line":28,"column":29}},"8":{"start":{"line":28,"column":17},"end":{"line":28,"column":29}},"9":{"start":{"line":29,"column":6},"end":{"line":29,"column":48}},"10":{"start":{"line":35,"column":2},"end":{"line":48,"column":5}},"11":{"start":{"line":39,"column":30},"end":{"line":44,"column":29}},"12":{"start":{"line":45,"column":6},"end":{"line":45,"column":29}},"13":{"start":{"line":45,"column":17},"end":{"line":45,"column":29}},"14":{"start":{"line":46,"column":6},"end":{"line":46,"column":48}},"15":{"start":{"line":52,"column":13},"end":{"line":52,"column":29}},"16":{"start":{"line":53,"column":2},"end":{"line":81,"column":5}},"17":{"start":{"line":55,"column":6},"end":{"line":75,"column":7}},"18":{"start":{"line":56,"column":35},"end":{"line":61,"column":24}},"19":{"start":{"line":63,"column":8},"end":{"line":74,"column":9}},"20":{"start":{"line":64,"column":28},"end":{"line":67,"column":34}},"21":{"start":{"line":68,"column":10},"end":{"line":68,"column":33}},"22":{"start":{"line":68,"column":21},"end":{"line":68,"column":33}},"23":{"start":{"line":70,"column":28},"end":{"line":72,"column":29}},"24":{"start":{"line":73,"column":10},"end":{"line":73,"column":33}},"25":{"start":{"line":73,"column":21},"end":{"line":73,"column":33}},"26":{"start":{"line":78,"column":6},"end":{"line":78,"column":64}},"27":{"start":{"line":79,"column":6},"end":{"line":79,"column":72}},"28":{"start":{"line":85,"column":13},"end":{"line":85,"column":29}},"29":{"start":{"line":86,"column":2},"end":{"line":99,"column":5}},"30":{"start":{"line":88,"column":30},"end":{"line":92,"column":17}},"31":{"start":{"line":93,"column":6},"end":{"line":93,"column":29}},"32":{"start":{"line":93,"column":17},"end":{"line":93,"column":29}},"33":{"start":{"line":94,"column":6},"end":{"line":94,"column":26}},"34":{"start":{"line":97,"column":6},"end":{"line":97,"column":59}},"35":{"start":{"line":103,"column":13},"end":{"line":103,"column":29}},"36":{"start":{"line":104,"column":2},"end":{"line":115,"column":5}},"37":{"start":{"line":106,"column":24},"end":{"line":109,"column":21}},"38":{"start":{"line":110,"column":6},"end":{"line":110,"column":29}},"39":{"start":{"line":110,"column":17},"end":{"line":110,"column":29}},"40":{"start":{"line":113,"column":6},"end":{"line":113,"column":59}}},"fnMap":{"0":{"name":"useTeamMembers","decl":{"start":{"line":5,"column":16},"end":{"line":5,"column":30}},"loc":{"start":{"line":5,"column":33},"end":{"line":18,"column":1}},"line":5},"1":{"name":"(anonymous_1)","decl":{"start":{"line":8,"column":13},"end":{"line":8,"column":14}},"loc":{"start":{"line":8,"column":25},"end":{"line":16,"column":5}},"line":8},"2":{"name":"useTeamAvailability","decl":{"start":{"line":20,"column":16},"end":{"line":20,"column":35}},"loc":{"start":{"line":20,"column":50},"end":{"line":32,"column":1}},"line":20},"3":{"name":"(anonymous_3)","decl":{"start":{"line":23,"column":13},"end":{"line":23,"column":14}},"loc":{"start":{"line":23,"column":25},"end":{"line":30,"column":5}},"line":23},"4":{"name":"useUserMonthlyAvailability","decl":{"start":{"line":34,"column":16},"end":{"line":34,"column":42}},"loc":{"start":{"line":34,"column":107},"end":{"line":49,"column":1}},"line":34},"5":{"name":"(anonymous_5)","decl":{"start":{"line":38,"column":13},"end":{"line":38,"column":14}},"loc":{"start":{"line":38,"column":25},"end":{"line":47,"column":5}},"line":38},"6":{"name":"useSaveAvailability","decl":{"start":{"line":51,"column":16},"end":{"line":51,"column":35}},"loc":{"start":{"line":51,"column":38},"end":{"line":82,"column":1}},"line":51},"7":{"name":"(anonymous_7)","decl":{"start":{"line":54,"column":16},"end":{"line":54,"column":17}},"loc":{"start":{"line":54,"column":88},"end":{"line":76,"column":5}},"line":54},"8":{"name":"(anonymous_8)","decl":{"start":{"line":77,"column":15},"end":{"line":77,"column":16}},"loc":{"start":{"line":77,"column":21},"end":{"line":80,"column":5}},"line":77},"9":{"name":"useCreateTeamMember","decl":{"start":{"line":84,"column":16},"end":{"line":84,"column":35}},"loc":{"start":{"line":84,"column":38},"end":{"line":100,"column":1}},"line":84},"10":{"name":"(anonymous_10)","decl":{"start":{"line":87,"column":16},"end":{"line":87,"column":17}},"loc":{"start":{"line":87,"column":81},"end":{"line":95,"column":5}},"line":87},"11":{"name":"(anonymous_11)","decl":{"start":{"line":96,"column":15},"end":{"line":96,"column":16}},"loc":{"start":{"line":96,"column":21},"end":{"line":98,"column":5}},"line":96},"12":{"name":"useDeleteTeamMember","decl":{"start":{"line":102,"column":16},"end":{"line":102,"column":35}},"loc":{"start":{"line":102,"column":38},"end":{"line":116,"column":1}},"line":102},"13":{"name":"(anonymous_13)","decl":{"start":{"line":105,"column":16},"end":{"line":105,"column":17}},"loc":{"start":{"line":105,"column":38},"end":{"line":111,"column":5}},"line":105},"14":{"name":"(anonymous_14)","decl":{"start":{"line":112,"column":15},"end":{"line":112,"column":16}},"loc":{"start":{"line":112,"column":21},"end":{"line":114,"column":5}},"line":112}},"branchMap":{"0":{"loc":{"start":{"line":14,"column":6},"end":{"line":14,"column":29}},"type":"if","locations":[{"start":{"line":14,"column":6},"end":{"line":14,"column":29}},{"start":{},"end":{}}],"line":14},"1":{"loc":{"start":{"line":15,"column":14},"end":{"line":15,"column":24}},"type":"binary-expr","locations":[{"start":{"line":15,"column":14},"end":{"line":15,"column":18}},{"start":{"line":15,"column":22},"end":{"line":15,"column":24}}],"line":15},"2":{"loc":{"start":{"line":28,"column":6},"end":{"line":28,"column":29}},"type":"if","locations":[{"start":{"line":28,"column":6},"end":{"line":28,"column":29}},{"start":{},"end":{}}],"line":28},"3":{"loc":{"start":{"line":29,"column":14},"end":{"line":29,"column":24}},"type":"binary-expr","locations":[{"start":{"line":29,"column":14},"end":{"line":29,"column":18}},{"start":{"line":29,"column":22},"end":{"line":29,"column":24}}],"line":29},"4":{"loc":{"start":{"line":45,"column":6},"end":{"line":45,"column":29}},"type":"if","locations":[{"start":{"line":45,"column":6},"end":{"line":45,"column":29}},{"start":{},"end":{}}],"line":45},"5":{"loc":{"start":{"line":46,"column":14},"end":{"line":46,"column":24}},"type":"binary-expr","locations":[{"start":{"line":46,"column":14},"end":{"line":46,"column":18}},{"start":{"line":46,"column":22},"end":{"line":46,"column":24}}],"line":46},"6":{"loc":{"start":{"line":63,"column":8},"end":{"line":74,"column":9}},"type":"if","locations":[{"start":{"line":63,"column":8},"end":{"line":74,"column":9}},{"start":{"line":69,"column":15},"end":{"line":74,"column":9}}],"line":63},"7":{"loc":{"start":{"line":68,"column":10},"end":{"line":68,"column":33}},"type":"if","locations":[{"start":{"line":68,"column":10},"end":{"line":68,"column":33}},{"start":{},"end":{}}],"line":68},"8":{"loc":{"start":{"line":73,"column":10},"end":{"line":73,"column":33}},"type":"if","locations":[{"start":{"line":73,"column":10},"end":{"line":73,"column":33}},{"start":{},"end":{}}],"line":73},"9":{"loc":{"start":{"line":93,"column":6},"end":{"line":93,"column":29}},"type":"if","locations":[{"start":{"line":93,"column":6},"end":{"line":93,"column":29}},{"start":{},"end":{}}],"line":93},"10":{"loc":{"start":{"line":110,"column":6},"end":{"line":110,"column":29}},"type":"if","locations":[{"start":{"line":110,"column":6},"end":{"line":110,"column":29}},{"start":{},"end":{}}],"line":110}},"s":{"0":0,"1":0,"2":0,"3":0,"4":0,"5":0,"6":0,"7":0,"8":0,"9":0,"10":0,"11":0,"12":0,"13":0,"14":0,"15":0,"16":0,"17":0,"18":0,"19":0,"20":0,"21":0,"22":0,"23":0,"24":0,"25":0,"26":0,"27":0,"28":0,"29":0,"30":0,"31":0,"32":0,"33":0,"34":0,"35":0,"36":0,"37":0,"38":0,"39":0,"40":0},"f":{"0":0,"1":0,"2":0,"3":0,"4":0,"5":0,"6":0,"7":0,"8":0,"9":0,"10":0,"11":0,"12":0,"13":0,"14":0},"b":{"0":[0,0],"1":[0,0],"2":[0,0],"3":[0,0],"4":[0,0],"5":[0,0],"6":[0,0],"7":[0,0],"8":[0,0],"9":[0,0],"10":[0,0]}}
,"/Users/mohamedamir/Desktop/autoreparis_app1/lib/hooks/useVehicleSearch.ts": {"path":"/Users/mohamedamir/Desktop/autoreparis_app1/lib/hooks/useVehicleSearch.ts","statementMap":{"0":{"start":{"line":4,"column":22},"end":{"line":4,"column":26}},"1":{"start":{"line":7,"column":32},"end":{"line":7,"column":47}},"2":{"start":{"line":8,"column":28},"end":{"line":8,"column":57}},"3":{"start":{"line":9,"column":24},"end":{"line":9,"column":33}},"4":{"start":{"line":11,"column":17},"end":{"line":51,"column":3}},"5":{"start":{"line":12,"column":4},"end":{"line":12,"column":19}},"6":{"start":{"line":15,"column":16},"end":{"line":15,"column":26}},"7":{"start":{"line":16,"column":4},"end":{"line":19,"column":5}},"8":{"start":{"line":17,"column":6},"end":{"line":17,"column":70}},"9":{"start":{"line":18,"column":6},"end":{"line":18,"column":18}},"10":{"start":{"line":20,"column":4},"end":{"line":20,"column":32}},"11":{"start":{"line":22,"column":23},"end":{"line":22,"column":64}},"12":{"start":{"line":23,"column":4},"end":{"line":26,"column":5}},"13":{"start":{"line":24,"column":6},"end":{"line":24,"column":64}},"14":{"start":{"line":25,"column":6},"end":{"line":25,"column":18}},"15":{"start":{"line":28,"column":4},"end":{"line":28,"column":21}},"16":{"start":{"line":29,"column":4},"end":{"line":50,"column":5}},"17":{"start":{"line":31,"column":56},"end":{"line":32,"column":69}},"18":{"start":{"line":34,"column":6},"end":{"line":34,"column":35}},"19":{"start":{"line":34,"column":20},"end":{"line":34,"column":35}},"20":{"start":{"line":36,"column":6},"end":{"line":39,"column":7}},"21":{"start":{"line":37,"column":8},"end":{"line":37,"column":78}},"22":{"start":{"line":38,"column":8},"end":{"line":38,"column":20}},"23":{"start":{"line":41,"column":6},"end":{"line":41,"column":28}},"24":{"start":{"line":43,"column":6},"end":{"line":45,"column":7}},"25":{"start":{"line":44,"column":8},"end":{"line":44,"column":44}},"26":{"start":{"line":46,"column":6},"end":{"line":46,"column":72}},"27":{"start":{"line":47,"column":6},"end":{"line":47,"column":18}},"28":{"start":{"line":49,"column":6},"end":{"line":49,"column":24}},"29":{"start":{"line":53,"column":2},"end":{"line":53,"column":36}}},"fnMap":{"0":{"name":"useVehicleSearch","decl":{"start":{"line":6,"column":16},"end":{"line":6,"column":32}},"loc":{"start":{"line":6,"column":35},"end":{"line":54,"column":1}},"line":6},"1":{"name":"(anonymous_1)","decl":{"start":{"line":11,"column":17},"end":{"line":11,"column":18}},"loc":{"start":{"line":11,"column":66},"end":{"line":51,"column":3}},"line":11}},"branchMap":{"0":{"loc":{"start":{"line":16,"column":4},"end":{"line":19,"column":5}},"type":"if","locations":[{"start":{"line":16,"column":4},"end":{"line":19,"column":5}},{"start":{},"end":{}}],"line":16},"1":{"loc":{"start":{"line":23,"column":4},"end":{"line":26,"column":5}},"type":"if","locations":[{"start":{"line":23,"column":4},"end":{"line":26,"column":5}},{"start":{},"end":{}}],"line":23},"2":{"loc":{"start":{"line":34,"column":6},"end":{"line":34,"column":35}},"type":"if","locations":[{"start":{"line":34,"column":6},"end":{"line":34,"column":35}},{"start":{},"end":{}}],"line":34},"3":{"loc":{"start":{"line":36,"column":6},"end":{"line":39,"column":7}},"type":"if","locations":[{"start":{"line":36,"column":6},"end":{"line":39,"column":7}},{"start":{},"end":{}}],"line":36},"4":{"loc":{"start":{"line":43,"column":6},"end":{"line":45,"column":7}},"type":"if","locations":[{"start":{"line":43,"column":6},"end":{"line":45,"column":7}},{"start":{},"end":{}}],"line":43}},"s":{"0":1,"1":1,"2":1,"3":1,"4":1,"5":0,"6":0,"7":0,"8":0,"9":0,"10":0,"11":0,"12":0,"13":0,"14":0,"15":0,"16":0,"17":0,"18":0,"19":0,"20":0,"21":0,"22":0,"23":0,"24":0,"25":0,"26":0,"27":0,"28":0,"29":1},"f":{"0":1,"1":0},"b":{"0":[0,0],"1":[0,0],"2":[0,0],"3":[0,0],"4":[0,0]},"_coverageSchema":"1a1c01bbd47fc00a2c39e90264f33305004495a9","hash":"fa916fd0fea6c2b5af591f3d8e355d416f74ba7a"}
}
