{"/Users/chakirmarine/.gemini/antigravity/playground/thermal-intergalactic/app.d.ts": {"path":"/Users/chakirmarine/.gemini/antigravity/playground/thermal-intergalactic/app.d.ts","statementMap":{},"fnMap":{},"branchMap":{},"s":{},"f":{},"b":{}}
,"/Users/chakirmarine/.gemini/antigravity/playground/thermal-intergalactic/expo-env.d.ts": {"path":"/Users/chakirmarine/.gemini/antigravity/playground/thermal-intergalactic/expo-env.d.ts","statementMap":{},"fnMap":{},"branchMap":{},"s":{},"f":{},"b":{}}
,"/Users/chakirmarine/.gemini/antigravity/playground/thermal-intergalactic/nativewind-env.d.ts": {"path":"/Users/chakirmarine/.gemini/antigravity/playground/thermal-intergalactic/nativewind-env.d.ts","statementMap":{},"fnMap":{},"branchMap":{},"s":{},"f":{},"b":{}}
,"/Users/chakirmarine/.gemini/antigravity/playground/thermal-intergalactic/.expo/types/router.d.ts": {"path":"/Users/chakirmarine/.gemini/antigravity/playground/thermal-intergalactic/.expo/types/router.d.ts","statementMap":{},"fnMap":{},"branchMap":{},"s":{},"f":{},"b":{}}
,"/Users/chakirmarine/.gemini/antigravity/playground/thermal-intergalactic/app/+html.tsx": {"path":"/Users/chakirmarine/.gemini/antigravity/playground/thermal-intergalactic/app/+html.tsx","statementMap":{"0":{"start":{"line":8,"column":2},"end":{"line":27,"column":4}},"1":{"start":{"line":30,"column":29},"end":{"line":38,"column":2}}},"fnMap":{"0":{"name":"Root","decl":{"start":{"line":7,"column":24},"end":{"line":7,"column":28}},"loc":{"start":{"line":7,"column":74},"end":{"line":28,"column":1}},"line":7}},"branchMap":{},"s":{"0":0,"1":0},"f":{"0":0},"b":{}}
,"/Users/chakirmarine/.gemini/antigravity/playground/thermal-intergalactic/app/+not-found.tsx": {"path":"/Users/chakirmarine/.gemini/antigravity/playground/thermal-intergalactic/app/+not-found.tsx","statementMap":{"0":{"start":{"line":7,"column":2},"end":{"line":18,"column":4}},"1":{"start":{"line":21,"column":15},"end":{"line":40,"column":2}}},"fnMap":{"0":{"name":"NotFoundScreen","decl":{"start":{"line":6,"column":24},"end":{"line":6,"column":38}},"loc":{"start":{"line":6,"column":41},"end":{"line":19,"column":1}},"line":6}},"branchMap":{},"s":{"0":0,"1":0},"f":{"0":0},"b":{}}
,"/Users/chakirmarine/.gemini/antigravity/playground/thermal-intergalactic/app/_layout.tsx": {"path":"/Users/chakirmarine/.gemini/antigravity/playground/thermal-intergalactic/app/_layout.tsx","statementMap":{"0":{"start":{"line":17,"column":33},"end":{"line":20,"column":1}},"1":{"start":{"line":23,"column":0},"end":{"line":23,"column":36}},"2":{"start":{"line":26,"column":26},"end":{"line":29,"column":4}},"3":{"start":{"line":32,"column":2},"end":{"line":34,"column":14}},"4":{"start":{"line":33,"column":4},"end":{"line":33,"column":27}},"5":{"start":{"line":33,"column":15},"end":{"line":33,"column":27}},"6":{"start":{"line":36,"column":2},"end":{"line":40,"column":15}},"7":{"start":{"line":37,"column":4},"end":{"line":39,"column":5}},"8":{"start":{"line":38,"column":6},"end":{"line":38,"column":31}},"9":{"start":{"line":42,"column":2},"end":{"line":44,"column":3}},"10":{"start":{"line":43,"column":4},"end":{"line":43,"column":16}},"11":{"start":{"line":46,"column":2},"end":{"line":46,"column":27}},"12":{"start":{"line":53,"column":22},"end":{"line":53,"column":38}},"13":{"start":{"line":55,"column":2},"end":{"line":61,"column":4}},"14":{"start":{"line":67,"column":2},"end":{"line":75,"column":4}}},"fnMap":{"0":{"name":"RootLayout","decl":{"start":{"line":25,"column":24},"end":{"line":25,"column":34}},"loc":{"start":{"line":25,"column":37},"end":{"line":47,"column":1}},"line":25},"1":{"name":"(anonymous_1)","decl":{"start":{"line":32,"column":12},"end":{"line":32,"column":13}},"loc":{"start":{"line":32,"column":18},"end":{"line":34,"column":3}},"line":32},"2":{"name":"(anonymous_2)","decl":{"start":{"line":36,"column":12},"end":{"line":36,"column":13}},"loc":{"start":{"line":36,"column":18},"end":{"line":40,"column":3}},"line":36},"3":{"name":"RootLayoutNav","decl":{"start":{"line":52,"column":9},"end":{"line":52,"column":22}},"loc":{"start":{"line":52,"column":25},"end":{"line":62,"column":1}},"line":52},"4":{"name":"ProtectedLayout","decl":{"start":{"line":64,"column":9},"end":{"line":64,"column":24}},"loc":{"start":{"line":64,"column":27},"end":{"line":76,"column":1}},"line":64}},"branchMap":{"0":{"loc":{"start":{"line":33,"column":4},"end":{"line":33,"column":27}},"type":"if","locations":[{"start":{"line":33,"column":4},"end":{"line":33,"column":27}},{"start":{},"end":{}}],"line":33},"1":{"loc":{"start":{"line":37,"column":4},"end":{"line":39,"column":5}},"type":"if","locations":[{"start":{"line":37,"column":4},"end":{"line":39,"column":5}},{"start":{},"end":{}}],"line":37},"2":{"loc":{"start":{"line":42,"column":2},"end":{"line":44,"column":3}},"type":"if","locations":[{"start":{"line":42,"column":2},"end":{"line":44,"column":3}},{"start":{},"end":{}}],"line":42},"3":{"loc":{"start":{"line":56,"column":26},"end":{"line":56,"column":75}},"type":"cond-expr","locations":[{"start":{"line":56,"column":51},"end":{"line":56,"column":60}},{"start":{"line":56,"column":63},"end":{"line":56,"column":75}}],"line":56}},"s":{"0":0,"1":0,"2":0,"3":0,"4":0,"5":0,"6":0,"7":0,"8":0,"9":0,"10":0,"11":0,"12":0,"13":0,"14":0},"f":{"0":0,"1":0,"2":0,"3":0,"4":0},"b":{"0":[0,0],"1":[0,0],"2":[0,0],"3":[0,0]}}
,"/Users/chakirmarine/.gemini/antigravity/playground/thermal-intergalactic/app/modal.tsx": {"path":"/Users/chakirmarine/.gemini/antigravity/playground/thermal-intergalactic/app/modal.tsx","statementMap":{"0":{"start":{"line":8,"column":2},"end":{"line":17,"column":4}},"1":{"start":{"line":20,"column":15},"end":{"line":35,"column":2}}},"fnMap":{"0":{"name":"ModalScreen","decl":{"start":{"line":7,"column":24},"end":{"line":7,"column":35}},"loc":{"start":{"line":7,"column":38},"end":{"line":18,"column":1}},"line":7}},"branchMap":{"0":{"loc":{"start":{"line":15,"column":24},"end":{"line":15,"column":64}},"type":"cond-expr","locations":[{"start":{"line":15,"column":48},"end":{"line":15,"column":55}},{"start":{"line":15,"column":58},"end":{"line":15,"column":64}}],"line":15}},"s":{"0":0,"1":0},"f":{"0":0},"b":{"0":[0,0]}}
,"/Users/chakirmarine/.gemini/antigravity/playground/thermal-intergalactic/app/profile.tsx": {"path":"/Users/chakirmarine/.gemini/antigravity/playground/thermal-intergalactic/app/profile.tsx","statementMap":{"0":{"start":{"line":8,"column":19},"end":{"line":8,"column":30}},"1":{"start":{"line":9,"column":34},"end":{"line":9,"column":48}},"2":{"start":{"line":10,"column":28},"end":{"line":10,"column":47}},"3":{"start":{"line":11,"column":42},"end":{"line":11,"column":61}},"4":{"start":{"line":14,"column":44},"end":{"line":14,"column":59}},"5":{"start":{"line":15,"column":34},"end":{"line":15,"column":98}},"6":{"start":{"line":17,"column":54},"end":{"line":17,"column":69}},"7":{"start":{"line":18,"column":44},"end":{"line":18,"column":78}},"8":{"start":{"line":20,"column":4},"end":{"line":23,"column":11}},"9":{"start":{"line":21,"column":8},"end":{"line":21,"column":20}},"10":{"start":{"line":22,"column":8},"end":{"line":22,"column":27}},"11":{"start":{"line":25,"column":29},"end":{"line":28,"column":5}},"12":{"start":{"line":26,"column":35},"end":{"line":26,"column":64}},"13":{"start":{"line":27,"column":8},"end":{"line":27,"column":29}},"14":{"start":{"line":30,"column":22},"end":{"line":36,"column":5}},"15":{"start":{"line":31,"column":8},"end":{"line":31,"column":25}},"16":{"start":{"line":32,"column":32},"end":{"line":32,"column":85}},"17":{"start":{"line":33,"column":8},"end":{"line":33,"column":32}},"18":{"start":{"line":33,"column":18},"end":{"line":33,"column":32}},"19":{"start":{"line":34,"column":8},"end":{"line":34,"column":40}},"20":{"start":{"line":34,"column":19},"end":{"line":34,"column":40}},"21":{"start":{"line":35,"column":8},"end":{"line":35,"column":26}},"22":{"start":{"line":38,"column":33},"end":{"line":57,"column":5}},"23":{"start":{"line":39,"column":8},"end":{"line":42,"column":9}},"24":{"start":{"line":40,"column":12},"end":{"line":40,"column":87}},"25":{"start":{"line":41,"column":12},"end":{"line":41,"column":19}},"26":{"start":{"line":43,"column":8},"end":{"line":46,"column":9}},"27":{"start":{"line":44,"column":12},"end":{"line":44,"column":77}},"28":{"start":{"line":45,"column":12},"end":{"line":45,"column":19}},"29":{"start":{"line":48,"column":26},"end":{"line":48,"column":88}},"30":{"start":{"line":50,"column":8},"end":{"line":56,"column":9}},"31":{"start":{"line":51,"column":12},"end":{"line":51,"column":49}},"32":{"start":{"line":53,"column":12},"end":{"line":53,"column":63}},"33":{"start":{"line":54,"column":12},"end":{"line":54,"column":40}},"34":{"start":{"line":55,"column":12},"end":{"line":55,"column":54}},"35":{"start":{"line":59,"column":26},"end":{"line":90,"column":5}},"36":{"start":{"line":60,"column":8},"end":{"line":63,"column":9}},"37":{"start":{"line":61,"column":12},"end":{"line":61,"column":58}},"38":{"start":{"line":62,"column":12},"end":{"line":62,"column":19}},"39":{"start":{"line":65,"column":8},"end":{"line":89,"column":9}},"40":{"start":{"line":66,"column":27},"end":{"line":66,"column":97}},"41":{"start":{"line":68,"column":30},"end":{"line":75,"column":15}},"42":{"start":{"line":77,"column":12},"end":{"line":83,"column":13}},"43":{"start":{"line":78,"column":16},"end":{"line":78,"column":65}},"44":{"start":{"line":79,"column":16},"end":{"line":79,"column":124}},"45":{"start":{"line":80,"column":16},"end":{"line":80,"column":129}},"46":{"start":{"line":82,"column":16},"end":{"line":82,"column":28}},"47":{"start":{"line":84,"column":12},"end":{"line":84,"column":35}},"48":{"start":{"line":85,"column":12},"end":{"line":85,"column":79}},"49":{"start":{"line":88,"column":12},"end":{"line":88,"column":29}},"50":{"start":{"line":92,"column":25},"end":{"line":108,"column":5}},"51":{"start":{"line":93,"column":8},"end":{"line":107,"column":10}},"52":{"start":{"line":102,"column":24},"end":{"line":102,"column":54}},"53":{"start":{"line":103,"column":24},"end":{"line":103,"column":50}},"54":{"start":{"line":110,"column":4},"end":{"line":305,"column":6}},"55":{"start":{"line":118,"column":61},"end":{"line":118,"column":74}},"56":{"start":{"line":151,"column":69},"end":{"line":151,"column":95}},"57":{"start":{"line":164,"column":47},"end":{"line":164,"column":68}},"58":{"start":{"line":175,"column":32},"end":{"line":193,"column":39}},"59":{"start":{"line":216,"column":116},"end":{"line":216,"column":138}},"60":{"start":{"line":226,"column":55},"end":{"line":226,"column":92}},"61":{"start":{"line":235,"column":55},"end":{"line":235,"column":89}},"62":{"start":{"line":243,"column":40},"end":{"line":249,"column":59}},"63":{"start":{"line":245,"column":59},"end":{"line":245,"column":91}},"64":{"start":{"line":268,"column":116},"end":{"line":268,"column":143}},"65":{"start":{"line":278,"column":55},"end":{"line":278,"column":99}},"66":{"start":{"line":288,"column":55},"end":{"line":288,"column":103}}},"fnMap":{"0":{"name":"GarageProfileScreen","decl":{"start":{"line":7,"column":24},"end":{"line":7,"column":43}},"loc":{"start":{"line":7,"column":46},"end":{"line":306,"column":1}},"line":7},"1":{"name":"(anonymous_1)","decl":{"start":{"line":20,"column":14},"end":{"line":20,"column":15}},"loc":{"start":{"line":20,"column":20},"end":{"line":23,"column":5}},"line":20},"2":{"name":"(anonymous_2)","decl":{"start":{"line":25,"column":29},"end":{"line":25,"column":30}},"loc":{"start":{"line":25,"column":41},"end":{"line":28,"column":5}},"line":25},"3":{"name":"(anonymous_3)","decl":{"start":{"line":30,"column":22},"end":{"line":30,"column":23}},"loc":{"start":{"line":30,"column":34},"end":{"line":36,"column":5}},"line":30},"4":{"name":"(anonymous_4)","decl":{"start":{"line":38,"column":33},"end":{"line":38,"column":34}},"loc":{"start":{"line":38,"column":45},"end":{"line":57,"column":5}},"line":38},"5":{"name":"(anonymous_5)","decl":{"start":{"line":59,"column":26},"end":{"line":59,"column":27}},"loc":{"start":{"line":59,"column":38},"end":{"line":90,"column":5}},"line":59},"6":{"name":"(anonymous_6)","decl":{"start":{"line":92,"column":25},"end":{"line":92,"column":26}},"loc":{"start":{"line":92,"column":37},"end":{"line":108,"column":5}},"line":92},"7":{"name":"(anonymous_7)","decl":{"start":{"line":101,"column":29},"end":{"line":101,"column":30}},"loc":{"start":{"line":101,"column":41},"end":{"line":104,"column":21}},"line":101},"8":{"name":"(anonymous_8)","decl":{"start":{"line":118,"column":55},"end":{"line":118,"column":56}},"loc":{"start":{"line":118,"column":61},"end":{"line":118,"column":74}},"line":118},"9":{"name":"(anonymous_9)","decl":{"start":{"line":151,"column":63},"end":{"line":151,"column":64}},"loc":{"start":{"line":151,"column":69},"end":{"line":151,"column":95}},"line":151},"10":{"name":"(anonymous_10)","decl":{"start":{"line":164,"column":41},"end":{"line":164,"column":42}},"loc":{"start":{"line":164,"column":47},"end":{"line":164,"column":68}},"line":164},"11":{"name":"(anonymous_11)","decl":{"start":{"line":174,"column":38},"end":{"line":174,"column":39}},"loc":{"start":{"line":175,"column":32},"end":{"line":193,"column":39}},"line":175},"12":{"name":"(anonymous_12)","decl":{"start":{"line":216,"column":110},"end":{"line":216,"column":111}},"loc":{"start":{"line":216,"column":116},"end":{"line":216,"column":138}},"line":216},"13":{"name":"(anonymous_13)","decl":{"start":{"line":226,"column":50},"end":{"line":226,"column":51}},"loc":{"start":{"line":226,"column":55},"end":{"line":226,"column":92}},"line":226},"14":{"name":"(anonymous_14)","decl":{"start":{"line":235,"column":50},"end":{"line":235,"column":51}},"loc":{"start":{"line":235,"column":55},"end":{"line":235,"column":89}},"line":235},"15":{"name":"(anonymous_15)","decl":{"start":{"line":242,"column":78},"end":{"line":242,"column":79}},"loc":{"start":{"line":243,"column":40},"end":{"line":249,"column":59}},"line":243},"16":{"name":"(anonymous_16)","decl":{"start":{"line":245,"column":53},"end":{"line":245,"column":54}},"loc":{"start":{"line":245,"column":59},"end":{"line":245,"column":91}},"line":245},"17":{"name":"(anonymous_17)","decl":{"start":{"line":268,"column":110},"end":{"line":268,"column":111}},"loc":{"start":{"line":268,"column":116},"end":{"line":268,"column":143}},"line":268},"18":{"name":"(anonymous_18)","decl":{"start":{"line":278,"column":50},"end":{"line":278,"column":51}},"loc":{"start":{"line":278,"column":55},"end":{"line":278,"column":99}},"line":278},"19":{"name":"(anonymous_19)","decl":{"start":{"line":288,"column":50},"end":{"line":288,"column":51}},"loc":{"start":{"line":288,"column":55},"end":{"line":288,"column":103}},"line":288}},"branchMap":{"0":{"loc":{"start":{"line":33,"column":8},"end":{"line":33,"column":32}},"type":"if","locations":[{"start":{"line":33,"column":8},"end":{"line":33,"column":32}},{"start":{},"end":{}}],"line":33},"1":{"loc":{"start":{"line":34,"column":8},"end":{"line":34,"column":40}},"type":"if","locations":[{"start":{"line":34,"column":8},"end":{"line":34,"column":40}},{"start":{},"end":{}}],"line":34},"2":{"loc":{"start":{"line":39,"column":8},"end":{"line":42,"column":9}},"type":"if","locations":[{"start":{"line":39,"column":8},"end":{"line":42,"column":9}},{"start":{},"end":{}}],"line":39},"3":{"loc":{"start":{"line":43,"column":8},"end":{"line":46,"column":9}},"type":"if","locations":[{"start":{"line":43,"column":8},"end":{"line":46,"column":9}},{"start":{},"end":{}}],"line":43},"4":{"loc":{"start":{"line":50,"column":8},"end":{"line":56,"column":9}},"type":"if","locations":[{"start":{"line":50,"column":8},"end":{"line":56,"column":9}},{"start":{"line":52,"column":15},"end":{"line":56,"column":9}}],"line":50},"5":{"loc":{"start":{"line":60,"column":8},"end":{"line":63,"column":9}},"type":"if","locations":[{"start":{"line":60,"column":8},"end":{"line":63,"column":9}},{"start":{},"end":{}}],"line":60},"6":{"loc":{"start":{"line":60,"column":12},"end":{"line":60,"column":43}},"type":"binary-expr","locations":[{"start":{"line":60,"column":12},"end":{"line":60,"column":24}},{"start":{"line":60,"column":28},"end":{"line":60,"column":43}}],"line":60},"7":{"loc":{"start":{"line":72,"column":23},"end":{"line":72,"column":70}},"type":"binary-expr","locations":[{"start":{"line":72,"column":23},"end":{"line":72,"column":36}},{"start":{"line":72,"column":40},"end":{"line":72,"column":70}}],"line":72},"8":{"loc":{"start":{"line":77,"column":12},"end":{"line":83,"column":13}},"type":"if","locations":[{"start":{"line":77,"column":12},"end":{"line":83,"column":13}},{"start":{"line":81,"column":19},"end":{"line":83,"column":13}}],"line":77},"9":{"loc":{"start":{"line":79,"column":67},"end":{"line":79,"column":106}},"type":"binary-expr","locations":[{"start":{"line":79,"column":67},"end":{"line":79,"column":80}},{"start":{"line":79,"column":84},"end":{"line":79,"column":106}}],"line":79},"10":{"loc":{"start":{"line":139,"column":74},"end":{"line":139,"column":114}},"type":"binary-expr","locations":[{"start":{"line":139,"column":74},"end":{"line":139,"column":92}},{"start":{"line":139,"column":96},"end":{"line":139,"column":114}}],"line":139},"11":{"loc":{"start":{"line":175,"column":43},"end":{"line":175,"column":59}},"type":"binary-expr","locations":[{"start":{"line":175,"column":43},"end":{"line":175,"column":52}},{"start":{"line":175,"column":56},"end":{"line":175,"column":59}}],"line":175},"12":{"loc":{"start":{"line":188,"column":86},"end":{"line":188,"column":130}},"type":"cond-expr","locations":[{"start":{"line":188,"column":101},"end":{"line":188,"column":115}},{"start":{"line":188,"column":118},"end":{"line":188,"column":130}}],"line":188},"13":{"loc":{"start":{"line":196,"column":29},"end":{"line":198,"column":29}},"type":"binary-expr","locations":[{"start":{"line":196,"column":29},"end":{"line":196,"column":46}},{"start":{"line":196,"column":50},"end":{"line":196,"column":58}},{"start":{"line":197,"column":32},"end":{"line":197,"column":123}}],"line":196},"14":{"loc":{"start":{"line":246,"column":86},"end":{"line":246,"column":173}},"type":"cond-expr","locations":[{"start":{"line":246,"column":110},"end":{"line":246,"column":137}},{"start":{"line":246,"column":140},"end":{"line":246,"column":173}}],"line":246},"15":{"loc":{"start":{"line":248,"column":85},"end":{"line":248,"column":140}},"type":"cond-expr","locations":[{"start":{"line":248,"column":109},"end":{"line":248,"column":121}},{"start":{"line":248,"column":124},"end":{"line":248,"column":140}}],"line":248}},"s":{"0":0,"1":0,"2":0,"3":0,"4":0,"5":0,"6":0,"7":0,"8":0,"9":0,"10":0,"11":0,"12":0,"13":0,"14":0,"15":0,"16":0,"17":0,"18":0,"19":0,"20":0,"21":0,"22":0,"23":0,"24":0,"25":0,"26":0,"27":0,"28":0,"29":0,"30":0,"31":0,"32":0,"33":0,"34":0,"35":0,"36":0,"37":0,"38":0,"39":0,"40":0,"41":0,"42":0,"43":0,"44":0,"45":0,"46":0,"47":0,"48":0,"49":0,"50":0,"51":0,"52":0,"53":0,"54":0,"55":0,"56":0,"57":0,"58":0,"59":0,"60":0,"61":0,"62":0,"63":0,"64":0,"65":0,"66":0},"f":{"0":0,"1":0,"2":0,"3":0,"4":0,"5":0,"6":0,"7":0,"8":0,"9":0,"10":0,"11":0,"12":0,"13":0,"14":0,"15":0,"16":0,"17":0,"18":0,"19":0},"b":{"0":[0,0],"1":[0,0],"2":[0,0],"3":[0,0],"4":[0,0],"5":[0,0],"6":[0,0],"7":[0,0],"8":[0,0],"9":[0,0],"10":[0,0],"11":[0,0],"12":[0,0],"13":[0,0,0],"14":[0,0],"15":[0,0]}}
,"/Users/chakirmarine/.gemini/antigravity/playground/thermal-intergalactic/app/scan.tsx": {"path":"/Users/chakirmarine/.gemini/antigravity/playground/thermal-intergalactic/app/scan.tsx","statementMap":{"0":{"start":{"line":9,"column":44},"end":{"line":9,"column":66}},"1":{"start":{"line":10,"column":34},"end":{"line":10,"column":49}},"2":{"start":{"line":11,"column":19},"end":{"line":11,"column":30}},"3":{"start":{"line":13,"column":4},"end":{"line":16,"column":5}},"4":{"start":{"line":15,"column":8},"end":{"line":15,"column":24}},"5":{"start":{"line":18,"column":4},"end":{"line":25,"column":5}},"6":{"start":{"line":19,"column":8},"end":{"line":24,"column":10}},"7":{"start":{"line":28,"column":33},"end":{"line":91,"column":5}},"8":{"start":{"line":29,"column":8},"end":{"line":29,"column":25}},"9":{"start":{"line":32,"column":41},"end":{"line":36,"column":21}},"10":{"start":{"line":38,"column":8},"end":{"line":90,"column":9}},"11":{"start":{"line":40,"column":12},"end":{"line":67,"column":14}},"12":{"start":{"line":46,"column":39},"end":{"line":46,"column":113}},"13":{"start":{"line":51,"column":59},"end":{"line":54,"column":53}},"14":{"start":{"line":56,"column":28},"end":{"line":62,"column":29}},"15":{"start":{"line":57,"column":32},"end":{"line":57,"column":129}},"16":{"start":{"line":57,"column":107},"end":{"line":57,"column":124}},"17":{"start":{"line":59,"column":32},"end":{"line":61,"column":35}},"18":{"start":{"line":60,"column":79},"end":{"line":60,"column":96}},"19":{"start":{"line":65,"column":54},"end":{"line":65,"column":71}},"20":{"start":{"line":70,"column":12},"end":{"line":89,"column":14}},"21":{"start":{"line":78,"column":28},"end":{"line":80,"column":36}},"22":{"start":{"line":79,"column":32},"end":{"line":79,"column":99}},"23":{"start":{"line":85,"column":39},"end":{"line":85,"column":56}},"24":{"start":{"line":93,"column":4},"end":{"line":116,"column":6}},"25":{"start":{"line":110,"column":31},"end":{"line":110,"column":44}}},"fnMap":{"0":{"name":"CameraScreen","decl":{"start":{"line":8,"column":24},"end":{"line":8,"column":36}},"loc":{"start":{"line":8,"column":39},"end":{"line":117,"column":1}},"line":8},"1":{"name":"(anonymous_1)","decl":{"start":{"line":28,"column":33},"end":{"line":28,"column":34}},"loc":{"start":{"line":28,"column":64},"end":{"line":91,"column":5}},"line":28},"2":{"name":"(anonymous_2)","decl":{"start":{"line":46,"column":33},"end":{"line":46,"column":34}},"loc":{"start":{"line":46,"column":39},"end":{"line":46,"column":113}},"line":46},"3":{"name":"(anonymous_3)","decl":{"start":{"line":50,"column":33},"end":{"line":50,"column":34}},"loc":{"start":{"line":50,"column":45},"end":{"line":63,"column":25}},"line":50},"4":{"name":"(anonymous_4)","decl":{"start":{"line":57,"column":101},"end":{"line":57,"column":102}},"loc":{"start":{"line":57,"column":107},"end":{"line":57,"column":124}},"line":57},"5":{"name":"(anonymous_5)","decl":{"start":{"line":60,"column":73},"end":{"line":60,"column":74}},"loc":{"start":{"line":60,"column":79},"end":{"line":60,"column":96}},"line":60},"6":{"name":"(anonymous_6)","decl":{"start":{"line":65,"column":48},"end":{"line":65,"column":49}},"loc":{"start":{"line":65,"column":54},"end":{"line":65,"column":71}},"line":65},"7":{"name":"(anonymous_7)","decl":{"start":{"line":76,"column":33},"end":{"line":76,"column":34}},"loc":{"start":{"line":76,"column":39},"end":{"line":81,"column":25}},"line":76},"8":{"name":"(anonymous_8)","decl":{"start":{"line":78,"column":39},"end":{"line":78,"column":40}},"loc":{"start":{"line":78,"column":45},"end":{"line":80,"column":29}},"line":78},"9":{"name":"(anonymous_9)","decl":{"start":{"line":85,"column":33},"end":{"line":85,"column":34}},"loc":{"start":{"line":85,"column":39},"end":{"line":85,"column":56}},"line":85},"10":{"name":"(anonymous_10)","decl":{"start":{"line":110,"column":25},"end":{"line":110,"column":26}},"loc":{"start":{"line":110,"column":31},"end":{"line":110,"column":44}},"line":110}},"branchMap":{"0":{"loc":{"start":{"line":13,"column":4},"end":{"line":16,"column":5}},"type":"if","locations":[{"start":{"line":13,"column":4},"end":{"line":16,"column":5}},{"start":{},"end":{}}],"line":13},"1":{"loc":{"start":{"line":18,"column":4},"end":{"line":25,"column":5}},"type":"if","locations":[{"start":{"line":18,"column":4},"end":{"line":25,"column":5}},{"start":{},"end":{}}],"line":18},"2":{"loc":{"start":{"line":38,"column":8},"end":{"line":90,"column":9}},"type":"if","locations":[{"start":{"line":38,"column":8},"end":{"line":90,"column":9}},{"start":{"line":68,"column":15},"end":{"line":90,"column":9}}],"line":38},"3":{"loc":{"start":{"line":53,"column":57},"end":{"line":53,"column":82}},"type":"binary-expr","locations":[{"start":{"line":53,"column":57},"end":{"line":53,"column":77}},{"start":{"line":53,"column":81},"end":{"line":53,"column":82}}],"line":53},"4":{"loc":{"start":{"line":56,"column":28},"end":{"line":62,"column":29}},"type":"if","locations":[{"start":{"line":56,"column":28},"end":{"line":62,"column":29}},{"start":{"line":58,"column":35},"end":{"line":62,"column":29}}],"line":56},"5":{"loc":{"start":{"line":59,"column":94},"end":{"line":59,"column":119}},"type":"binary-expr","locations":[{"start":{"line":59,"column":94},"end":{"line":59,"column":114}},{"start":{"line":59,"column":118},"end":{"line":59,"column":119}}],"line":59},"6":{"loc":{"start":{"line":97,"column":34},"end":{"line":97,"column":76}},"type":"cond-expr","locations":[{"start":{"line":97,"column":44},"end":{"line":97,"column":53}},{"start":{"line":97,"column":56},"end":{"line":97,"column":76}}],"line":97}},"s":{"0":0,"1":0,"2":0,"3":0,"4":0,"5":0,"6":0,"7":0,"8":0,"9":0,"10":0,"11":0,"12":0,"13":0,"14":0,"15":0,"16":0,"17":0,"18":0,"19":0,"20":0,"21":0,"22":0,"23":0,"24":0,"25":0},"f":{"0":0,"1":0,"2":0,"3":0,"4":0,"5":0,"6":0,"7":0,"8":0,"9":0,"10":0},"b":{"0":[0,0],"1":[0,0],"2":[0,0],"3":[0,0],"4":[0,0],"5":[0,0],"6":[0,0]}}
,"/Users/chakirmarine/.gemini/antigravity/playground/thermal-intergalactic/app/tracking.tsx": {"path":"/Users/chakirmarine/.gemini/antigravity/playground/thermal-intergalactic/app/tracking.tsx","statementMap":{"0":{"start":{"line":10,"column":18},"end":{"line":10,"column":42}},"1":{"start":{"line":18,"column":4},"end":{"line":18,"column":74}},"2":{"start":{"line":20,"column":18},"end":{"line":20,"column":29}},"3":{"start":{"line":24,"column":15},"end":{"line":24,"column":67}},"4":{"start":{"line":25,"column":23},"end":{"line":25,"column":39}},"5":{"start":{"line":27,"column":44},"end":{"line":27,"column":63}},"6":{"start":{"line":28,"column":48},"end":{"line":28,"column":67}},"7":{"start":{"line":29,"column":34},"end":{"line":29,"column":48}},"8":{"start":{"line":30,"column":46},"end":{"line":30,"column":75}},"9":{"start":{"line":33,"column":19},"end":{"line":37,"column":5}},"10":{"start":{"line":34,"column":8},"end":{"line":36,"column":9}},"11":{"start":{"line":35,"column":12},"end":{"line":35,"column":32}},"12":{"start":{"line":39,"column":4},"end":{"line":55,"column":13}},"13":{"start":{"line":40,"column":8},"end":{"line":43,"column":9}},"14":{"start":{"line":41,"column":12},"end":{"line":41,"column":30}},"15":{"start":{"line":42,"column":12},"end":{"line":42,"column":19}},"16":{"start":{"line":45,"column":8},"end":{"line":45,"column":28}},"17":{"start":{"line":47,"column":29},"end":{"line":52,"column":24}},"18":{"start":{"line":54,"column":8},"end":{"line":54,"column":53}},"19":{"start":{"line":54,"column":23},"end":{"line":54,"column":50}},"20":{"start":{"line":58,"column":8},"end":{"line":94,"column":9}},"21":{"start":{"line":59,"column":12},"end":{"line":59,"column":61}},"22":{"start":{"line":60,"column":29},"end":{"line":60,"column":59}},"23":{"start":{"line":62,"column":12},"end":{"line":66,"column":13}},"24":{"start":{"line":63,"column":16},"end":{"line":63,"column":48}},"25":{"start":{"line":64,"column":16},"end":{"line":64,"column":34}},"26":{"start":{"line":65,"column":16},"end":{"line":65,"column":23}},"27":{"start":{"line":69,"column":36},"end":{"line":79,"column":25}},"28":{"start":{"line":81,"column":12},"end":{"line":84,"column":13}},"29":{"start":{"line":82,"column":16},"end":{"line":82,"column":56}},"30":{"start":{"line":83,"column":16},"end":{"line":83,"column":28}},"31":{"start":{"line":86,"column":12},"end":{"line":89,"column":13}},"32":{"start":{"line":87,"column":16},"end":{"line":87,"column":38}},"33":{"start":{"line":88,"column":16},"end":{"line":88,"column":39}},"34":{"start":{"line":91,"column":12},"end":{"line":91,"column":47}},"35":{"start":{"line":93,"column":12},"end":{"line":93,"column":30}},"36":{"start":{"line":97,"column":29},"end":{"line":140,"column":5}},"37":{"start":{"line":98,"column":23},"end":{"line":98,"column":25}},"38":{"start":{"line":101,"column":8},"end":{"line":108,"column":11}},"39":{"start":{"line":111,"column":8},"end":{"line":123,"column":9}},"40":{"start":{"line":112,"column":12},"end":{"line":122,"column":15}},"41":{"start":{"line":113,"column":16},"end":{"line":121,"column":19}},"42":{"start":{"line":126,"column":8},"end":{"line":136,"column":9}},"43":{"start":{"line":127,"column":12},"end":{"line":135,"column":15}},"44":{"start":{"line":139,"column":8},"end":{"line":139,"column":44}},"45":{"start":{"line":142,"column":4},"end":{"line":142,"column":135}},"46":{"start":{"line":142,"column":17},"end":{"line":142,"column":135}},"47":{"start":{"line":143,"column":4},"end":{"line":152,"column":6}},"48":{"start":{"line":143,"column":23},"end":{"line":152,"column":6}},"49":{"start":{"line":154,"column":18},"end":{"line":154,"column":94}},"50":{"start":{"line":154,"column":60},"end":{"line":154,"column":87}},"51":{"start":{"line":155,"column":18},"end":{"line":155,"column":100}},"52":{"start":{"line":155,"column":60},"end":{"line":155,"column":93}},"53":{"start":{"line":156,"column":19},"end":{"line":156,"column":44}},"54":{"start":{"line":158,"column":4},"end":{"line":365,"column":6}},"55":{"start":{"line":225,"column":41},"end":{"line":225,"column":51}},"56":{"start":{"line":226,"column":43},"end":{"line":226,"column":78}},"57":{"start":{"line":228,"column":28},"end":{"line":252,"column":30}},"58":{"start":{"line":272,"column":28},"end":{"line":283,"column":35}},"59":{"start":{"line":291,"column":28},"end":{"line":302,"column":35}},"60":{"start":{"line":325,"column":36},"end":{"line":338,"column":55}},"61":{"start":{"line":327,"column":55},"end":{"line":327,"column":88}},"62":{"start":{"line":347,"column":107},"end":{"line":347,"column":129}},"63":{"start":{"line":350,"column":39},"end":{"line":350,"column":61}}},"fnMap":{"0":{"name":"TrackingScreen","decl":{"start":{"line":16,"column":24},"end":{"line":16,"column":38}},"loc":{"start":{"line":16,"column":51},"end":{"line":366,"column":1}},"line":16},"1":{"name":"(anonymous_1)","decl":{"start":{"line":33,"column":19},"end":{"line":33,"column":20}},"loc":{"start":{"line":33,"column":25},"end":{"line":37,"column":5}},"line":33},"2":{"name":"(anonymous_2)","decl":{"start":{"line":39,"column":14},"end":{"line":39,"column":15}},"loc":{"start":{"line":39,"column":20},"end":{"line":55,"column":5}},"line":39},"3":{"name":"(anonymous_3)","decl":{"start":{"line":54,"column":15},"end":{"line":54,"column":16}},"loc":{"start":{"line":54,"column":21},"end":{"line":54,"column":52}},"line":54},"4":{"name":"fetchIntervention","decl":{"start":{"line":57,"column":19},"end":{"line":57,"column":36}},"loc":{"start":{"line":57,"column":39},"end":{"line":95,"column":5}},"line":57},"5":{"name":"(anonymous_5)","decl":{"start":{"line":97,"column":29},"end":{"line":97,"column":30}},"loc":{"start":{"line":97,"column":44},"end":{"line":140,"column":5}},"line":97},"6":{"name":"(anonymous_6)","decl":{"start":{"line":112,"column":31},"end":{"line":112,"column":32}},"loc":{"start":{"line":112,"column":46},"end":{"line":122,"column":13}},"line":112},"7":{"name":"(anonymous_7)","decl":{"start":{"line":154,"column":45},"end":{"line":154,"column":46}},"loc":{"start":{"line":154,"column":60},"end":{"line":154,"column":87}},"line":154},"8":{"name":"(anonymous_8)","decl":{"start":{"line":155,"column":45},"end":{"line":155,"column":46}},"loc":{"start":{"line":155,"column":60},"end":{"line":155,"column":93}},"line":155},"9":{"name":"(anonymous_9)","decl":{"start":{"line":224,"column":44},"end":{"line":224,"column":45}},"loc":{"start":{"line":224,"column":62},"end":{"line":253,"column":25}},"line":224},"10":{"name":"(anonymous_10)","decl":{"start":{"line":271,"column":54},"end":{"line":271,"column":55}},"loc":{"start":{"line":272,"column":28},"end":{"line":283,"column":35}},"line":272},"11":{"name":"(anonymous_11)","decl":{"start":{"line":290,"column":54},"end":{"line":290,"column":55}},"loc":{"start":{"line":291,"column":28},"end":{"line":302,"column":35}},"line":291},"12":{"name":"(anonymous_12)","decl":{"start":{"line":324,"column":44},"end":{"line":324,"column":45}},"loc":{"start":{"line":325,"column":36},"end":{"line":338,"column":55}},"line":325},"13":{"name":"(anonymous_13)","decl":{"start":{"line":327,"column":49},"end":{"line":327,"column":50}},"loc":{"start":{"line":327,"column":55},"end":{"line":327,"column":88}},"line":327},"14":{"name":"(anonymous_14)","decl":{"start":{"line":347,"column":101},"end":{"line":347,"column":102}},"loc":{"start":{"line":347,"column":107},"end":{"line":347,"column":129}},"line":347},"15":{"name":"(anonymous_15)","decl":{"start":{"line":350,"column":33},"end":{"line":350,"column":34}},"loc":{"start":{"line":350,"column":39},"end":{"line":350,"column":61}},"line":350}},"branchMap":{"0":{"loc":{"start":{"line":24,"column":15},"end":{"line":24,"column":67}},"type":"binary-expr","locations":[{"start":{"line":24,"column":15},"end":{"line":24,"column":34}},{"start":{"line":24,"column":38},"end":{"line":24,"column":55}},{"start":{"line":24,"column":59},"end":{"line":24,"column":67}}],"line":24},"1":{"loc":{"start":{"line":34,"column":8},"end":{"line":36,"column":9}},"type":"if","locations":[{"start":{"line":34,"column":8},"end":{"line":36,"column":9}},{"start":{},"end":{}}],"line":34},"2":{"loc":{"start":{"line":40,"column":8},"end":{"line":43,"column":9}},"type":"if","locations":[{"start":{"line":40,"column":8},"end":{"line":43,"column":9}},{"start":{},"end":{}}],"line":40},"3":{"loc":{"start":{"line":60,"column":29},"end":{"line":60,"column":59}},"type":"cond-expr","locations":[{"start":{"line":60,"column":49},"end":{"line":60,"column":54}},{"start":{"line":60,"column":57},"end":{"line":60,"column":59}}],"line":60},"4":{"loc":{"start":{"line":62,"column":12},"end":{"line":66,"column":13}},"type":"if","locations":[{"start":{"line":62,"column":12},"end":{"line":66,"column":13}},{"start":{},"end":{}}],"line":62},"5":{"loc":{"start":{"line":81,"column":12},"end":{"line":84,"column":13}},"type":"if","locations":[{"start":{"line":81,"column":12},"end":{"line":84,"column":13}},{"start":{},"end":{}}],"line":81},"6":{"loc":{"start":{"line":86,"column":12},"end":{"line":89,"column":13}},"type":"if","locations":[{"start":{"line":86,"column":12},"end":{"line":89,"column":13}},{"start":{},"end":{}}],"line":86},"7":{"loc":{"start":{"line":111,"column":8},"end":{"line":123,"column":9}},"type":"if","locations":[{"start":{"line":111,"column":8},"end":{"line":123,"column":9}},{"start":{},"end":{}}],"line":111},"8":{"loc":{"start":{"line":116,"column":27},"end":{"line":116,"column":112}},"type":"binary-expr","locations":[{"start":{"line":116,"column":27},"end":{"line":116,"column":43}},{"start":{"line":116,"column":48},"end":{"line":116,"column":111}}],"line":116},"9":{"loc":{"start":{"line":116,"column":48},"end":{"line":116,"column":111}},"type":"cond-expr","locations":[{"start":{"line":116,"column":78},"end":{"line":116,"column":93}},{"start":{"line":116,"column":96},"end":{"line":116,"column":111}}],"line":116},"10":{"loc":{"start":{"line":117,"column":30},"end":{"line":117,"column":121}},"type":"cond-expr","locations":[{"start":{"line":117,"column":50},"end":{"line":117,"column":94}},{"start":{"line":117,"column":97},"end":{"line":117,"column":121}}],"line":117},"11":{"loc":{"start":{"line":118,"column":26},"end":{"line":118,"column":60}},"type":"binary-expr","locations":[{"start":{"line":118,"column":26},"end":{"line":118,"column":41}},{"start":{"line":118,"column":45},"end":{"line":118,"column":60}}],"line":118},"12":{"loc":{"start":{"line":119,"column":26},"end":{"line":119,"column":71}},"type":"cond-expr","locations":[{"start":{"line":119,"column":56},"end":{"line":119,"column":62}},{"start":{"line":119,"column":65},"end":{"line":119,"column":71}}],"line":119},"13":{"loc":{"start":{"line":120,"column":27},"end":{"line":120,"column":90}},"type":"cond-expr","locations":[{"start":{"line":120,"column":57},"end":{"line":120,"column":72}},{"start":{"line":120,"column":75},"end":{"line":120,"column":90}}],"line":120},"14":{"loc":{"start":{"line":126,"column":8},"end":{"line":136,"column":9}},"type":"if","locations":[{"start":{"line":126,"column":8},"end":{"line":136,"column":9}},{"start":{},"end":{}}],"line":126},"15":{"loc":{"start":{"line":142,"column":4},"end":{"line":142,"column":135}},"type":"if","locations":[{"start":{"line":142,"column":4},"end":{"line":142,"column":135}},{"start":{},"end":{}}],"line":142},"16":{"loc":{"start":{"line":143,"column":4},"end":{"line":152,"column":6}},"type":"if","locations":[{"start":{"line":143,"column":4},"end":{"line":152,"column":6}},{"start":{},"end":{}}],"line":143},"17":{"loc":{"start":{"line":154,"column":18},"end":{"line":154,"column":94}},"type":"binary-expr","locations":[{"start":{"line":154,"column":18},"end":{"line":154,"column":88}},{"start":{"line":154,"column":92},"end":{"line":154,"column":94}}],"line":154},"18":{"loc":{"start":{"line":155,"column":18},"end":{"line":155,"column":100}},"type":"binary-expr","locations":[{"start":{"line":155,"column":18},"end":{"line":155,"column":94}},{"start":{"line":155,"column":98},"end":{"line":155,"column":100}}],"line":155},"19":{"loc":{"start":{"line":156,"column":19},"end":{"line":156,"column":44}},"type":"binary-expr","locations":[{"start":{"line":156,"column":19},"end":{"line":156,"column":38}},{"start":{"line":156,"column":42},"end":{"line":156,"column":44}}],"line":156},"20":{"loc":{"start":{"line":165,"column":59},"end":{"line":165,"column":131}},"type":"cond-expr","locations":[{"start":{"line":165,"column":96},"end":{"line":165,"column":114}},{"start":{"line":165,"column":117},"end":{"line":165,"column":131}}],"line":165},"21":{"loc":{"start":{"line":166,"column":68},"end":{"line":166,"column":141}},"type":"cond-expr","locations":[{"start":{"line":166,"column":105},"end":{"line":166,"column":122}},{"start":{"line":166,"column":125},"end":{"line":166,"column":141}}],"line":166},"22":{"loc":{"start":{"line":183,"column":62},"end":{"line":183,"column":131}},"type":"cond-expr","locations":[{"start":{"line":183,"column":99},"end":{"line":183,"column":113}},{"start":{"line":183,"column":116},"end":{"line":183,"column":131}}],"line":183},"23":{"loc":{"start":{"line":184,"column":44},"end":{"line":184,"column":95}},"type":"cond-expr","locations":[{"start":{"line":184,"column":81},"end":{"line":184,"column":87}},{"start":{"line":184,"column":90},"end":{"line":184,"column":95}}],"line":184},"24":{"loc":{"start":{"line":191,"column":25},"end":{"line":211,"column":25}},"type":"binary-expr","locations":[{"start":{"line":191,"column":25},"end":{"line":191,"column":59}},{"start":{"line":192,"column":28},"end":{"line":210,"column":35}}],"line":191},"25":{"loc":{"start":{"line":198,"column":37},"end":{"line":200,"column":55}},"type":"cond-expr","locations":[{"start":{"line":199,"column":42},"end":{"line":199,"column":128}},{"start":{"line":200,"column":42},"end":{"line":200,"column":55}}],"line":198},"26":{"loc":{"start":{"line":202,"column":33},"end":{"line":209,"column":33}},"type":"binary-expr","locations":[{"start":{"line":202,"column":33},"end":{"line":202,"column":56}},{"start":{"line":203,"column":36},"end":{"line":208,"column":43}}],"line":202},"27":{"loc":{"start":{"line":213,"column":25},"end":{"line":221,"column":25}},"type":"binary-expr","locations":[{"start":{"line":213,"column":25},"end":{"line":213,"column":49}},{"start":{"line":214,"column":28},"end":{"line":220,"column":35}}],"line":213},"28":{"loc":{"start":{"line":234,"column":41},"end":{"line":234,"column":103}},"type":"binary-expr","locations":[{"start":{"line":234,"column":41},"end":{"line":234,"column":48}},{"start":{"line":234,"column":52},"end":{"line":234,"column":103}}],"line":234},"29":{"loc":{"start":{"line":237,"column":99},"end":{"line":237,"column":177}},"type":"cond-expr","locations":[{"start":{"line":237,"column":119},"end":{"line":237,"column":156}},{"start":{"line":237,"column":159},"end":{"line":237,"column":177}}],"line":237},"30":{"loc":{"start":{"line":239,"column":100},"end":{"line":239,"column":151}},"type":"cond-expr","locations":[{"start":{"line":239,"column":120},"end":{"line":239,"column":136}},{"start":{"line":239,"column":139},"end":{"line":239,"column":151}}],"line":239},"31":{"loc":{"start":{"line":243,"column":53},"end":{"line":243,"column":108}},"type":"cond-expr","locations":[{"start":{"line":243,"column":66},"end":{"line":243,"column":103}},{"start":{"line":243,"column":106},"end":{"line":243,"column":108}}],"line":243},"32":{"loc":{"start":{"line":246,"column":45},"end":{"line":248,"column":45}},"type":"binary-expr","locations":[{"start":{"line":246,"column":45},"end":{"line":246,"column":59}},{"start":{"line":247,"column":48},"end":{"line":247,"column":112}}],"line":246},"33":{"loc":{"start":{"line":264,"column":82},"end":{"line":264,"column":114}},"type":"binary-expr","locations":[{"start":{"line":264,"column":82},"end":{"line":264,"column":104}},{"start":{"line":264,"column":108},"end":{"line":264,"column":114}}],"line":264},"34":{"loc":{"start":{"line":271,"column":25},"end":{"line":286,"column":25}},"type":"cond-expr","locations":[{"start":{"line":271,"column":44},"end":{"line":284,"column":26}},{"start":{"line":285,"column":28},"end":{"line":285,"column":104}}],"line":271},"35":{"loc":{"start":{"line":290,"column":25},"end":{"line":305,"column":25}},"type":"cond-expr","locations":[{"start":{"line":290,"column":44},"end":{"line":303,"column":26}},{"start":{"line":304,"column":28},"end":{"line":304,"column":106}}],"line":290},"36":{"loc":{"start":{"line":317,"column":25},"end":{"line":341,"column":25}},"type":"cond-expr","locations":[{"start":{"line":318,"column":28},"end":{"line":321,"column":35}},{"start":{"line":323,"column":28},"end":{"line":340,"column":41}}],"line":317},"37":{"loc":{"start":{"line":355,"column":21},"end":{"line":361,"column":21}},"type":"binary-expr","locations":[{"start":{"line":355,"column":21},"end":{"line":355,"column":34}},{"start":{"line":356,"column":24},"end":{"line":360,"column":26}}],"line":355}},"s":{"0":0,"1":0,"2":0,"3":0,"4":0,"5":0,"6":0,"7":0,"8":0,"9":0,"10":0,"11":0,"12":0,"13":0,"14":0,"15":0,"16":0,"17":0,"18":0,"19":0,"20":0,"21":0,"22":0,"23":0,"24":0,"25":0,"26":0,"27":0,"28":0,"29":0,"30":0,"31":0,"32":0,"33":0,"34":0,"35":0,"36":0,"37":0,"38":0,"39":0,"40":0,"41":0,"42":0,"43":0,"44":0,"45":0,"46":0,"47":0,"48":0,"49":0,"50":0,"51":0,"52":0,"53":0,"54":0,"55":0,"56":0,"57":0,"58":0,"59":0,"60":0,"61":0,"62":0,"63":0},"f":{"0":0,"1":0,"2":0,"3":0,"4":0,"5":0,"6":0,"7":0,"8":0,"9":0,"10":0,"11":0,"12":0,"13":0,"14":0,"15":0},"b":{"0":[0,0,0],"1":[0,0],"2":[0,0],"3":[0,0],"4":[0,0],"5":[0,0],"6":[0,0],"7":[0,0],"8":[0,0],"9":[0,0],"10":[0,0],"11":[0,0],"12":[0,0],"13":[0,0],"14":[0,0],"15":[0,0],"16":[0,0],"17":[0,0],"18":[0,0],"19":[0,0],"20":[0,0],"21":[0,0],"22":[0,0],"23":[0,0],"24":[0,0],"25":[0,0],"26":[0,0],"27":[0,0],"28":[0,0],"29":[0,0],"30":[0,0],"31":[0,0],"32":[0,0],"33":[0,0],"34":[0,0],"35":[0,0],"36":[0,0],"37":[0,0]}}
,"/Users/chakirmarine/.gemini/antigravity/playground/thermal-intergalactic/app/(auth)/login.tsx": {"path":"/Users/chakirmarine/.gemini/antigravity/playground/thermal-intergalactic/app/(auth)/login.tsx","statementMap":{"0":{"start":{"line":8,"column":30},"end":{"line":8,"column":42}},"1":{"start":{"line":9,"column":36},"end":{"line":9,"column":48}},"2":{"start":{"line":10,"column":34},"end":{"line":10,"column":49}},"3":{"start":{"line":11,"column":19},"end":{"line":11,"column":30}},"4":{"start":{"line":14,"column":8},"end":{"line":14,"column":25}},"5":{"start":{"line":15,"column":26},"end":{"line":18,"column":10}},"6":{"start":{"line":20,"column":8},"end":{"line":28,"column":9}},"7":{"start":{"line":21,"column":12},"end":{"line":21,"column":49}},"8":{"start":{"line":22,"column":12},"end":{"line":22,"column":30}},"9":{"start":{"line":27,"column":12},"end":{"line":27,"column":38}},"10":{"start":{"line":29,"column":8},"end":{"line":29,"column":26}},"11":{"start":{"line":33,"column":8},"end":{"line":36,"column":9}},"12":{"start":{"line":34,"column":12},"end":{"line":34,"column":92}},"13":{"start":{"line":35,"column":12},"end":{"line":35,"column":19}},"14":{"start":{"line":37,"column":8},"end":{"line":37,"column":25}},"15":{"start":{"line":38,"column":51},"end":{"line":41,"column":10}},"16":{"start":{"line":43,"column":8},"end":{"line":53,"column":9}},"17":{"start":{"line":44,"column":12},"end":{"line":44,"column":49}},"18":{"start":{"line":46,"column":12},"end":{"line":52,"column":13}},"19":{"start":{"line":48,"column":16},"end":{"line":48,"column":42}},"20":{"start":{"line":51,"column":16},"end":{"line":51,"column":95}},"21":{"start":{"line":54,"column":8},"end":{"line":54,"column":26}},"22":{"start":{"line":57,"column":4},"end":{"line":123,"column":6}},"23":{"start":{"line":76,"column":56},"end":{"line":76,"column":70}},"24":{"start":{"line":91,"column":56},"end":{"line":91,"column":73}}},"fnMap":{"0":{"name":"LoginScreen","decl":{"start":{"line":7,"column":24},"end":{"line":7,"column":35}},"loc":{"start":{"line":7,"column":38},"end":{"line":124,"column":1}},"line":7},"1":{"name":"signInWithEmail","decl":{"start":{"line":13,"column":19},"end":{"line":13,"column":34}},"loc":{"start":{"line":13,"column":37},"end":{"line":30,"column":5}},"line":13},"2":{"name":"signUpWithEmail","decl":{"start":{"line":32,"column":19},"end":{"line":32,"column":34}},"loc":{"start":{"line":32,"column":37},"end":{"line":55,"column":5}},"line":32},"3":{"name":"(anonymous_3)","decl":{"start":{"line":76,"column":46},"end":{"line":76,"column":47}},"loc":{"start":{"line":76,"column":56},"end":{"line":76,"column":70}},"line":76},"4":{"name":"(anonymous_4)","decl":{"start":{"line":91,"column":46},"end":{"line":91,"column":47}},"loc":{"start":{"line":91,"column":56},"end":{"line":91,"column":73}},"line":91}},"branchMap":{"0":{"loc":{"start":{"line":20,"column":8},"end":{"line":28,"column":9}},"type":"if","locations":[{"start":{"line":20,"column":8},"end":{"line":28,"column":9}},{"start":{"line":23,"column":15},"end":{"line":28,"column":9}}],"line":20},"1":{"loc":{"start":{"line":33,"column":8},"end":{"line":36,"column":9}},"type":"if","locations":[{"start":{"line":33,"column":8},"end":{"line":36,"column":9}},{"start":{},"end":{}}],"line":33},"2":{"loc":{"start":{"line":33,"column":12},"end":{"line":33,"column":31}},"type":"binary-expr","locations":[{"start":{"line":33,"column":12},"end":{"line":33,"column":18}},{"start":{"line":33,"column":22},"end":{"line":33,"column":31}}],"line":33},"3":{"loc":{"start":{"line":43,"column":8},"end":{"line":53,"column":9}},"type":"if","locations":[{"start":{"line":43,"column":8},"end":{"line":53,"column":9}},{"start":{"line":45,"column":15},"end":{"line":53,"column":9}}],"line":43},"4":{"loc":{"start":{"line":46,"column":12},"end":{"line":52,"column":13}},"type":"if","locations":[{"start":{"line":46,"column":12},"end":{"line":52,"column":13}},{"start":{"line":49,"column":19},"end":{"line":52,"column":13}}],"line":46},"5":{"loc":{"start":{"line":59,"column":44},"end":{"line":59,"column":88}},"type":"cond-expr","locations":[{"start":{"line":59,"column":68},"end":{"line":59,"column":77}},{"start":{"line":59,"column":80},"end":{"line":59,"column":88}}],"line":59},"6":{"loc":{"start":{"line":102,"column":96},"end":{"line":102,"column":134}},"type":"cond-expr","locations":[{"start":{"line":102,"column":106},"end":{"line":102,"column":119}},{"start":{"line":102,"column":122},"end":{"line":102,"column":134}}],"line":102},"7":{"loc":{"start":{"line":106,"column":25},"end":{"line":113,"column":25}},"type":"cond-expr","locations":[{"start":{"line":107,"column":28},"end":{"line":107,"column":95}},{"start":{"line":109,"column":28},"end":{"line":112,"column":31}}],"line":106}},"s":{"0":0,"1":0,"2":0,"3":0,"4":0,"5":0,"6":0,"7":0,"8":0,"9":0,"10":0,"11":0,"12":0,"13":0,"14":0,"15":0,"16":0,"17":0,"18":0,"19":0,"20":0,"21":0,"22":0,"23":0,"24":0},"f":{"0":0,"1":0,"2":0,"3":0,"4":0},"b":{"0":[0,0],"1":[0,0],"2":[0,0],"3":[0,0],"4":[0,0],"5":[0,0],"6":[0,0],"7":[0,0]}}
,"/Users/chakirmarine/.gemini/antigravity/playground/thermal-intergalactic/app/(tabs)/_layout.tsx": {"path":"/Users/chakirmarine/.gemini/antigravity/playground/thermal-intergalactic/app/(tabs)/_layout.tsx","statementMap":{"0":{"start":{"line":10,"column":15},"end":{"line":10,"column":25}},"1":{"start":{"line":11,"column":2},"end":{"line":11,"column":77}},"2":{"start":{"line":15,"column":22},"end":{"line":15,"column":38}},"3":{"start":{"line":17,"column":2},"end":{"line":75,"column":4}},"4":{"start":{"line":43,"column":37},"end":{"line":43,"column":88}},"5":{"start":{"line":50,"column":37},"end":{"line":50,"column":81}},"6":{"start":{"line":57,"column":37},"end":{"line":57,"column":79}},"7":{"start":{"line":64,"column":37},"end":{"line":64,"column":80}},"8":{"start":{"line":71,"column":37},"end":{"line":71,"column":78}}},"fnMap":{"0":{"name":"TabBarIcon","decl":{"start":{"line":6,"column":9},"end":{"line":6,"column":19}},"loc":{"start":{"line":9,"column":3},"end":{"line":12,"column":1}},"line":9},"1":{"name":"TabLayout","decl":{"start":{"line":14,"column":24},"end":{"line":14,"column":33}},"loc":{"start":{"line":14,"column":36},"end":{"line":76,"column":1}},"line":14},"2":{"name":"(anonymous_2)","decl":{"start":{"line":43,"column":22},"end":{"line":43,"column":23}},"loc":{"start":{"line":43,"column":37},"end":{"line":43,"column":88}},"line":43},"3":{"name":"(anonymous_3)","decl":{"start":{"line":50,"column":22},"end":{"line":50,"column":23}},"loc":{"start":{"line":50,"column":37},"end":{"line":50,"column":81}},"line":50},"4":{"name":"(anonymous_4)","decl":{"start":{"line":57,"column":22},"end":{"line":57,"column":23}},"loc":{"start":{"line":57,"column":37},"end":{"line":57,"column":79}},"line":57},"5":{"name":"(anonymous_5)","decl":{"start":{"line":64,"column":22},"end":{"line":64,"column":23}},"loc":{"start":{"line":64,"column":37},"end":{"line":64,"column":80}},"line":64},"6":{"name":"(anonymous_6)","decl":{"start":{"line":71,"column":22},"end":{"line":71,"column":23}},"loc":{"start":{"line":71,"column":37},"end":{"line":71,"column":78}},"line":71}},"branchMap":{},"s":{"0":0,"1":0,"2":0,"3":0,"4":0,"5":0,"6":0,"7":0,"8":0},"f":{"0":0,"1":0,"2":0,"3":0,"4":0,"5":0,"6":0},"b":{}}
,"/Users/chakirmarine/.gemini/antigravity/playground/thermal-intergalactic/app/(tabs)/index.tsx": {"path":"/Users/chakirmarine/.gemini/antigravity/playground/thermal-intergalactic/app/(tabs)/index.tsx","statementMap":{"0":{"start":{"line":10,"column":18},"end":{"line":10,"column":42}},"1":{"start":{"line":13,"column":17},"end":{"line":13,"column":28}},"2":{"start":{"line":14,"column":32},"end":{"line":14,"column":46}},"3":{"start":{"line":15,"column":38},"end":{"line":15,"column":53}},"4":{"start":{"line":16,"column":28},"end":{"line":21,"column":4}},"5":{"start":{"line":23,"column":21},"end":{"line":43,"column":3}},"6":{"start":{"line":24,"column":4},"end":{"line":24,"column":21}},"7":{"start":{"line":27,"column":30},"end":{"line":27,"column":136}},"8":{"start":{"line":30,"column":30},"end":{"line":30,"column":127}},"9":{"start":{"line":33,"column":30},"end":{"line":33,"column":135}},"10":{"start":{"line":35,"column":4},"end":{"line":40,"column":7}},"11":{"start":{"line":41,"column":4},"end":{"line":41,"column":22}},"12":{"start":{"line":42,"column":4},"end":{"line":42,"column":25}},"13":{"start":{"line":45,"column":2},"end":{"line":47,"column":9}},"14":{"start":{"line":46,"column":4},"end":{"line":46,"column":17}},"15":{"start":{"line":49,"column":18},"end":{"line":74,"column":3}},"16":{"start":{"line":50,"column":4},"end":{"line":73,"column":20}},"17":{"start":{"line":76,"column":25},"end":{"line":101,"column":3}},"18":{"start":{"line":77,"column":4},"end":{"line":77,"column":21}},"19":{"start":{"line":78,"column":4},"end":{"line":100,"column":5}},"20":{"start":{"line":80,"column":46},"end":{"line":80,"column":194}},"21":{"start":{"line":81,"column":6},"end":{"line":81,"column":31}},"22":{"start":{"line":81,"column":18},"end":{"line":81,"column":31}},"23":{"start":{"line":84,"column":47},"end":{"line":84,"column":208}},"24":{"start":{"line":85,"column":6},"end":{"line":85,"column":31}},"25":{"start":{"line":85,"column":18},"end":{"line":85,"column":31}},"26":{"start":{"line":88,"column":32},"end":{"line":88,"column":247}},"27":{"start":{"line":89,"column":6},"end":{"line":89,"column":31}},"28":{"start":{"line":89,"column":18},"end":{"line":89,"column":31}},"29":{"start":{"line":92,"column":6},"end":{"line":92,"column":200}},"30":{"start":{"line":94,"column":6},"end":{"line":94,"column":89}},"31":{"start":{"line":95,"column":6},"end":{"line":95,"column":19}},"32":{"start":{"line":97,"column":6},"end":{"line":97,"column":36}},"33":{"start":{"line":99,"column":6},"end":{"line":99,"column":24}},"34":{"start":{"line":103,"column":2},"end":{"line":213,"column":4}},"35":{"start":{"line":114,"column":85},"end":{"line":114,"column":105}},"36":{"start":{"line":114,"column":106},"end":{"line":114,"column":119}},"37":{"start":{"line":126,"column":47},"end":{"line":126,"column":70}},"38":{"start":{"line":140,"column":29},"end":{"line":140,"column":65}},"39":{"start":{"line":149,"column":29},"end":{"line":149,"column":56}},"40":{"start":{"line":157,"column":29},"end":{"line":157,"column":57}},"41":{"start":{"line":165,"column":29},"end":{"line":165,"column":57}},"42":{"start":{"line":174,"column":18},"end":{"line":179,"column":25}},"43":{"start":{"line":184,"column":18},"end":{"line":184,"column":93}},"44":{"start":{"line":195,"column":31},"end":{"line":195,"column":64}},"45":{"start":{"line":202,"column":31},"end":{"line":202,"column":51}}},"fnMap":{"0":{"name":"DashboardScreen","decl":{"start":{"line":12,"column":24},"end":{"line":12,"column":39}},"loc":{"start":{"line":12,"column":42},"end":{"line":214,"column":1}},"line":12},"1":{"name":"(anonymous_1)","decl":{"start":{"line":23,"column":21},"end":{"line":23,"column":22}},"loc":{"start":{"line":23,"column":33},"end":{"line":43,"column":3}},"line":23},"2":{"name":"(anonymous_2)","decl":{"start":{"line":45,"column":12},"end":{"line":45,"column":13}},"loc":{"start":{"line":45,"column":18},"end":{"line":47,"column":3}},"line":45},"3":{"name":"(anonymous_3)","decl":{"start":{"line":49,"column":18},"end":{"line":49,"column":19}},"loc":{"start":{"line":50,"column":4},"end":{"line":73,"column":20}},"line":50},"4":{"name":"(anonymous_4)","decl":{"start":{"line":76,"column":25},"end":{"line":76,"column":26}},"loc":{"start":{"line":76,"column":37},"end":{"line":101,"column":3}},"line":76},"5":{"name":"(anonymous_5)","decl":{"start":{"line":114,"column":77},"end":{"line":114,"column":78}},"loc":{"start":{"line":114,"column":83},"end":{"line":114,"column":121}},"line":114},"6":{"name":"(anonymous_6)","decl":{"start":{"line":126,"column":41},"end":{"line":126,"column":42}},"loc":{"start":{"line":126,"column":47},"end":{"line":126,"column":70}},"line":126},"7":{"name":"(anonymous_7)","decl":{"start":{"line":140,"column":23},"end":{"line":140,"column":24}},"loc":{"start":{"line":140,"column":29},"end":{"line":140,"column":65}},"line":140},"8":{"name":"(anonymous_8)","decl":{"start":{"line":149,"column":23},"end":{"line":149,"column":24}},"loc":{"start":{"line":149,"column":29},"end":{"line":149,"column":56}},"line":149},"9":{"name":"(anonymous_9)","decl":{"start":{"line":157,"column":23},"end":{"line":157,"column":24}},"loc":{"start":{"line":157,"column":29},"end":{"line":157,"column":57}},"line":157},"10":{"name":"(anonymous_10)","decl":{"start":{"line":165,"column":23},"end":{"line":165,"column":24}},"loc":{"start":{"line":165,"column":29},"end":{"line":165,"column":57}},"line":165},"11":{"name":"(anonymous_11)","decl":{"start":{"line":173,"column":50},"end":{"line":173,"column":51}},"loc":{"start":{"line":174,"column":18},"end":{"line":179,"column":25}},"line":174},"12":{"name":"(anonymous_12)","decl":{"start":{"line":183,"column":57},"end":{"line":183,"column":58}},"loc":{"start":{"line":184,"column":18},"end":{"line":184,"column":93}},"line":184},"13":{"name":"(anonymous_13)","decl":{"start":{"line":195,"column":25},"end":{"line":195,"column":26}},"loc":{"start":{"line":195,"column":31},"end":{"line":195,"column":64}},"line":195},"14":{"name":"(anonymous_14)","decl":{"start":{"line":202,"column":25},"end":{"line":202,"column":26}},"loc":{"start":{"line":202,"column":31},"end":{"line":202,"column":51}},"line":202}},"branchMap":{"0":{"loc":{"start":{"line":36,"column":26},"end":{"line":36,"column":37}},"type":"binary-expr","locations":[{"start":{"line":36,"column":26},"end":{"line":36,"column":32}},{"start":{"line":36,"column":36},"end":{"line":36,"column":37}}],"line":36},"1":{"loc":{"start":{"line":37,"column":18},"end":{"line":37,"column":29}},"type":"binary-expr","locations":[{"start":{"line":37,"column":18},"end":{"line":37,"column":24}},{"start":{"line":37,"column":28},"end":{"line":37,"column":29}}],"line":37},"2":{"loc":{"start":{"line":38,"column":21},"end":{"line":38,"column":32}},"type":"binary-expr","locations":[{"start":{"line":38,"column":21},"end":{"line":38,"column":27}},{"start":{"line":38,"column":31},"end":{"line":38,"column":32}}],"line":38},"3":{"loc":{"start":{"line":81,"column":6},"end":{"line":81,"column":31}},"type":"if","locations":[{"start":{"line":81,"column":6},"end":{"line":81,"column":31}},{"start":{},"end":{}}],"line":81},"4":{"loc":{"start":{"line":85,"column":6},"end":{"line":85,"column":31}},"type":"if","locations":[{"start":{"line":85,"column":6},"end":{"line":85,"column":31}},{"start":{},"end":{}}],"line":85},"5":{"loc":{"start":{"line":89,"column":6},"end":{"line":89,"column":31}},"type":"if","locations":[{"start":{"line":89,"column":6},"end":{"line":89,"column":31}},{"start":{},"end":{}}],"line":89}},"s":{"0":0,"1":0,"2":0,"3":0,"4":0,"5":0,"6":0,"7":0,"8":0,"9":0,"10":0,"11":0,"12":0,"13":0,"14":0,"15":0,"16":0,"17":0,"18":0,"19":0,"20":0,"21":0,"22":0,"23":0,"24":0,"25":0,"26":0,"27":0,"28":0,"29":0,"30":0,"31":0,"32":0,"33":0,"34":0,"35":0,"36":0,"37":0,"38":0,"39":0,"40":0,"41":0,"42":0,"43":0,"44":0,"45":0},"f":{"0":0,"1":0,"2":0,"3":0,"4":0,"5":0,"6":0,"7":0,"8":0,"9":0,"10":0,"11":0,"12":0,"13":0,"14":0},"b":{"0":[0,0],"1":[0,0],"2":[0,0],"3":[0,0],"4":[0,0],"5":[0,0]}}
,"/Users/chakirmarine/.gemini/antigravity/playground/thermal-intergalactic/app/(tabs)/interventions.tsx": {"path":"/Users/chakirmarine/.gemini/antigravity/playground/thermal-intergalactic/app/(tabs)/interventions.tsx","statementMap":{"0":{"start":{"line":11,"column":19},"end":{"line":11,"column":30}},"1":{"start":{"line":12,"column":46},"end":{"line":12,"column":65}},"2":{"start":{"line":13,"column":34},"end":{"line":13,"column":48}},"3":{"start":{"line":14,"column":40},"end":{"line":14,"column":55}},"4":{"start":{"line":15,"column":32},"end":{"line":15,"column":44}},"5":{"start":{"line":16,"column":44},"end":{"line":16,"column":60}},"6":{"start":{"line":18,"column":20},"end":{"line":23,"column":5}},"7":{"start":{"line":25,"column":4},"end":{"line":27,"column":11}},"8":{"start":{"line":26,"column":8},"end":{"line":26,"column":29}},"9":{"start":{"line":29,"column":31},"end":{"line":47,"column":5}},"10":{"start":{"line":31,"column":8},"end":{"line":31,"column":57}},"11":{"start":{"line":31,"column":40},"end":{"line":31,"column":57}},"12":{"start":{"line":33,"column":32},"end":{"line":40,"column":54}},"13":{"start":{"line":42,"column":8},"end":{"line":44,"column":9}},"14":{"start":{"line":43,"column":12},"end":{"line":43,"column":35}},"15":{"start":{"line":45,"column":8},"end":{"line":45,"column":26}},"16":{"start":{"line":46,"column":8},"end":{"line":46,"column":29}},"17":{"start":{"line":49,"column":27},"end":{"line":57,"column":5}},"18":{"start":{"line":50,"column":8},"end":{"line":56,"column":9}},"19":{"start":{"line":51,"column":30},"end":{"line":51,"column":105}},"20":{"start":{"line":52,"column":29},"end":{"line":52,"column":107}},"21":{"start":{"line":53,"column":29},"end":{"line":53,"column":105}},"22":{"start":{"line":54,"column":29},"end":{"line":54,"column":107}},"23":{"start":{"line":55,"column":21},"end":{"line":55,"column":93}},"24":{"start":{"line":59,"column":23},"end":{"line":97,"column":5}},"25":{"start":{"line":60,"column":28},"end":{"line":60,"column":55}},"26":{"start":{"line":61,"column":27},"end":{"line":61,"column":111}},"27":{"start":{"line":62,"column":28},"end":{"line":62,"column":114}},"28":{"start":{"line":64,"column":8},"end":{"line":96,"column":10}},"29":{"start":{"line":66,"column":31},"end":{"line":66,"column":104}},"30":{"start":{"line":99,"column":4},"end":{"line":199,"column":6}},"31":{"start":{"line":127,"column":46},"end":{"line":127,"column":56}},"32":{"start":{"line":129,"column":28},"end":{"line":136,"column":47}},"33":{"start":{"line":130,"column":47},"end":{"line":130,"column":74}},"34":{"start":{"line":149,"column":95},"end":{"line":149,"column":115}},"35":{"start":{"line":149,"column":116},"end":{"line":149,"column":137}},"36":{"start":{"line":152,"column":47},"end":{"line":152,"column":70}},"37":{"start":{"line":154,"column":147},"end":{"line":154,"column":170}},"38":{"start":{"line":155,"column":55},"end":{"line":155,"column":78}},"39":{"start":{"line":156,"column":32},"end":{"line":156,"column":81}},"40":{"start":{"line":162,"column":47},"end":{"line":162,"column":71}},"41":{"start":{"line":164,"column":147},"end":{"line":164,"column":171}},"42":{"start":{"line":165,"column":55},"end":{"line":165,"column":79}},"43":{"start":{"line":166,"column":32},"end":{"line":166,"column":81}},"44":{"start":{"line":172,"column":47},"end":{"line":172,"column":70}},"45":{"start":{"line":174,"column":147},"end":{"line":174,"column":170}},"46":{"start":{"line":175,"column":55},"end":{"line":175,"column":78}},"47":{"start":{"line":176,"column":32},"end":{"line":176,"column":81}},"48":{"start":{"line":193,"column":31},"end":{"line":193,"column":64}}},"fnMap":{"0":{"name":"InterventionsScreen","decl":{"start":{"line":10,"column":24},"end":{"line":10,"column":43}},"loc":{"start":{"line":10,"column":46},"end":{"line":200,"column":1}},"line":10},"1":{"name":"(anonymous_1)","decl":{"start":{"line":25,"column":14},"end":{"line":25,"column":15}},"loc":{"start":{"line":25,"column":20},"end":{"line":27,"column":5}},"line":25},"2":{"name":"(anonymous_2)","decl":{"start":{"line":29,"column":31},"end":{"line":29,"column":32}},"loc":{"start":{"line":29,"column":43},"end":{"line":47,"column":5}},"line":29},"3":{"name":"(anonymous_3)","decl":{"start":{"line":49,"column":27},"end":{"line":49,"column":28}},"loc":{"start":{"line":49,"column":47},"end":{"line":57,"column":5}},"line":49},"4":{"name":"(anonymous_4)","decl":{"start":{"line":59,"column":23},"end":{"line":59,"column":24}},"loc":{"start":{"line":59,"column":52},"end":{"line":97,"column":5}},"line":59},"5":{"name":"(anonymous_5)","decl":{"start":{"line":66,"column":25},"end":{"line":66,"column":26}},"loc":{"start":{"line":66,"column":31},"end":{"line":66,"column":104}},"line":66},"6":{"name":"(anonymous_6)","decl":{"start":{"line":127,"column":38},"end":{"line":127,"column":39}},"loc":{"start":{"line":127,"column":46},"end":{"line":127,"column":56}},"line":127},"7":{"name":"(anonymous_7)","decl":{"start":{"line":128,"column":36},"end":{"line":128,"column":37}},"loc":{"start":{"line":129,"column":28},"end":{"line":136,"column":47}},"line":129},"8":{"name":"(anonymous_8)","decl":{"start":{"line":130,"column":41},"end":{"line":130,"column":42}},"loc":{"start":{"line":130,"column":47},"end":{"line":130,"column":74}},"line":130},"9":{"name":"(anonymous_9)","decl":{"start":{"line":149,"column":87},"end":{"line":149,"column":88}},"loc":{"start":{"line":149,"column":93},"end":{"line":149,"column":139}},"line":149},"10":{"name":"(anonymous_10)","decl":{"start":{"line":152,"column":42},"end":{"line":152,"column":43}},"loc":{"start":{"line":152,"column":47},"end":{"line":152,"column":70}},"line":152},"11":{"name":"(anonymous_11)","decl":{"start":{"line":154,"column":142},"end":{"line":154,"column":143}},"loc":{"start":{"line":154,"column":147},"end":{"line":154,"column":170}},"line":154},"12":{"name":"(anonymous_12)","decl":{"start":{"line":155,"column":50},"end":{"line":155,"column":51}},"loc":{"start":{"line":155,"column":55},"end":{"line":155,"column":78}},"line":155},"13":{"name":"(anonymous_13)","decl":{"start":{"line":155,"column":84},"end":{"line":155,"column":85}},"loc":{"start":{"line":156,"column":32},"end":{"line":156,"column":81}},"line":156},"14":{"name":"(anonymous_14)","decl":{"start":{"line":162,"column":42},"end":{"line":162,"column":43}},"loc":{"start":{"line":162,"column":47},"end":{"line":162,"column":71}},"line":162},"15":{"name":"(anonymous_15)","decl":{"start":{"line":164,"column":142},"end":{"line":164,"column":143}},"loc":{"start":{"line":164,"column":147},"end":{"line":164,"column":171}},"line":164},"16":{"name":"(anonymous_16)","decl":{"start":{"line":165,"column":50},"end":{"line":165,"column":51}},"loc":{"start":{"line":165,"column":55},"end":{"line":165,"column":79}},"line":165},"17":{"name":"(anonymous_17)","decl":{"start":{"line":165,"column":85},"end":{"line":165,"column":86}},"loc":{"start":{"line":166,"column":32},"end":{"line":166,"column":81}},"line":166},"18":{"name":"(anonymous_18)","decl":{"start":{"line":172,"column":42},"end":{"line":172,"column":43}},"loc":{"start":{"line":172,"column":47},"end":{"line":172,"column":70}},"line":172},"19":{"name":"(anonymous_19)","decl":{"start":{"line":174,"column":142},"end":{"line":174,"column":143}},"loc":{"start":{"line":174,"column":147},"end":{"line":174,"column":170}},"line":174},"20":{"name":"(anonymous_20)","decl":{"start":{"line":175,"column":50},"end":{"line":175,"column":51}},"loc":{"start":{"line":175,"column":55},"end":{"line":175,"column":78}},"line":175},"21":{"name":"(anonymous_21)","decl":{"start":{"line":175,"column":84},"end":{"line":175,"column":85}},"loc":{"start":{"line":176,"column":32},"end":{"line":176,"column":81}},"line":176},"22":{"name":"(anonymous_22)","decl":{"start":{"line":193,"column":25},"end":{"line":193,"column":26}},"loc":{"start":{"line":193,"column":31},"end":{"line":193,"column":64}},"line":193}},"branchMap":{"0":{"loc":{"start":{"line":31,"column":8},"end":{"line":31,"column":57}},"type":"if","locations":[{"start":{"line":31,"column":8},"end":{"line":31,"column":57}},{"start":{},"end":{}}],"line":31},"1":{"loc":{"start":{"line":42,"column":8},"end":{"line":44,"column":9}},"type":"if","locations":[{"start":{"line":42,"column":8},"end":{"line":44,"column":9}},{"start":{},"end":{}}],"line":42},"2":{"loc":{"start":{"line":42,"column":12},"end":{"line":42,"column":26}},"type":"binary-expr","locations":[{"start":{"line":42,"column":12},"end":{"line":42,"column":18}},{"start":{"line":42,"column":22},"end":{"line":42,"column":26}}],"line":42},"3":{"loc":{"start":{"line":50,"column":8},"end":{"line":56,"column":9}},"type":"switch","locations":[{"start":{"line":51,"column":12},"end":{"line":51,"column":105}},{"start":{"line":52,"column":12},"end":{"line":52,"column":107}},{"start":{"line":53,"column":12},"end":{"line":53,"column":105}},{"start":{"line":54,"column":12},"end":{"line":54,"column":107}},{"start":{"line":55,"column":12},"end":{"line":55,"column":93}}],"line":50},"4":{"loc":{"start":{"line":61,"column":27},"end":{"line":61,"column":111}},"type":"cond-expr","locations":[{"start":{"line":61,"column":42},"end":{"line":61,"column":92}},{"start":{"line":61,"column":95},"end":{"line":61,"column":111}}],"line":61},"5":{"loc":{"start":{"line":61,"column":65},"end":{"line":61,"column":90}},"type":"binary-expr","locations":[{"start":{"line":61,"column":65},"end":{"line":61,"column":84}},{"start":{"line":61,"column":88},"end":{"line":61,"column":90}}],"line":61},"6":{"loc":{"start":{"line":62,"column":28},"end":{"line":62,"column":114}},"type":"cond-expr","locations":[{"start":{"line":62,"column":44},"end":{"line":62,"column":93}},{"start":{"line":62,"column":96},"end":{"line":62,"column":114}}],"line":62},"7":{"loc":{"start":{"line":87,"column":29},"end":{"line":87,"column":139}},"type":"cond-expr","locations":[{"start":{"line":87,"column":60},"end":{"line":87,"column":132}},{"start":{"line":87,"column":135},"end":{"line":87,"column":139}}],"line":87},"8":{"loc":{"start":{"line":92,"column":89},"end":{"line":92,"column":110}},"type":"binary-expr","locations":[{"start":{"line":92,"column":89},"end":{"line":92,"column":103}},{"start":{"line":92,"column":107},"end":{"line":92,"column":110}}],"line":92},"9":{"loc":{"start":{"line":131,"column":83},"end":{"line":131,"column":234}},"type":"cond-expr","locations":[{"start":{"line":131,"column":113},"end":{"line":131,"column":176}},{"start":{"line":131,"column":179},"end":{"line":131,"column":234}}],"line":131},"10":{"loc":{"start":{"line":133,"column":66},"end":{"line":133,"column":167}},"type":"cond-expr","locations":[{"start":{"line":133,"column":96},"end":{"line":133,"column":128}},{"start":{"line":133,"column":131},"end":{"line":133,"column":167}}],"line":133},"11":{"loc":{"start":{"line":142,"column":13},"end":{"line":190,"column":13}},"type":"cond-expr","locations":[{"start":{"line":143,"column":16},"end":{"line":145,"column":23}},{"start":{"line":147,"column":16},"end":{"line":189,"column":29}}],"line":142},"12":{"loc":{"start":{"line":152,"column":21},"end":{"line":159,"column":21}},"type":"binary-expr","locations":[{"start":{"line":152,"column":21},"end":{"line":152,"column":82}},{"start":{"line":152,"column":87},"end":{"line":152,"column":110}},{"start":{"line":152,"column":114},"end":{"line":152,"column":141}},{"start":{"line":153,"column":24},"end":{"line":158,"column":31}}],"line":152},"13":{"loc":{"start":{"line":162,"column":21},"end":{"line":169,"column":21}},"type":"binary-expr","locations":[{"start":{"line":162,"column":21},"end":{"line":162,"column":83}},{"start":{"line":162,"column":88},"end":{"line":162,"column":111}},{"start":{"line":162,"column":115},"end":{"line":162,"column":143}},{"start":{"line":163,"column":24},"end":{"line":168,"column":31}}],"line":162},"14":{"loc":{"start":{"line":172,"column":21},"end":{"line":179,"column":21}},"type":"binary-expr","locations":[{"start":{"line":172,"column":21},"end":{"line":172,"column":82}},{"start":{"line":172,"column":87},"end":{"line":172,"column":110}},{"start":{"line":172,"column":114},"end":{"line":172,"column":141}},{"start":{"line":173,"column":24},"end":{"line":178,"column":31}}],"line":172},"15":{"loc":{"start":{"line":181,"column":21},"end":{"line":188,"column":21}},"type":"binary-expr","locations":[{"start":{"line":181,"column":21},"end":{"line":181,"column":47}},{"start":{"line":182,"column":24},"end":{"line":187,"column":31}}],"line":181}},"s":{"0":0,"1":0,"2":0,"3":0,"4":0,"5":0,"6":0,"7":0,"8":0,"9":0,"10":0,"11":0,"12":0,"13":0,"14":0,"15":0,"16":0,"17":0,"18":0,"19":0,"20":0,"21":0,"22":0,"23":0,"24":0,"25":0,"26":0,"27":0,"28":0,"29":0,"30":0,"31":0,"32":0,"33":0,"34":0,"35":0,"36":0,"37":0,"38":0,"39":0,"40":0,"41":0,"42":0,"43":0,"44":0,"45":0,"46":0,"47":0,"48":0},"f":{"0":0,"1":0,"2":0,"3":0,"4":0,"5":0,"6":0,"7":0,"8":0,"9":0,"10":0,"11":0,"12":0,"13":0,"14":0,"15":0,"16":0,"17":0,"18":0,"19":0,"20":0,"21":0,"22":0},"b":{"0":[0,0],"1":[0,0],"2":[0,0],"3":[0,0,0,0,0],"4":[0,0],"5":[0,0],"6":[0,0],"7":[0,0],"8":[0,0],"9":[0,0],"10":[0,0],"11":[0,0],"12":[0,0,0,0],"13":[0,0,0,0],"14":[0,0,0,0],"15":[0,0]}}
,"/Users/chakirmarine/.gemini/antigravity/playground/thermal-intergalactic/app/(tabs)/leads.tsx": {"path":"/Users/chakirmarine/.gemini/antigravity/playground/thermal-intergalactic/app/(tabs)/leads.tsx","statementMap":{"0":{"start":{"line":10,"column":30},"end":{"line":10,"column":49}},"1":{"start":{"line":11,"column":34},"end":{"line":11,"column":48}},"2":{"start":{"line":12,"column":40},"end":{"line":12,"column":55}},"3":{"start":{"line":13,"column":32},"end":{"line":13,"column":44}},"4":{"start":{"line":15,"column":4},"end":{"line":26,"column":11}},"5":{"start":{"line":16,"column":8},"end":{"line":16,"column":21}},"6":{"start":{"line":18,"column":29},"end":{"line":23,"column":24}},"7":{"start":{"line":21,"column":16},"end":{"line":21,"column":29}},"8":{"start":{"line":25,"column":8},"end":{"line":25,"column":53}},"9":{"start":{"line":25,"column":23},"end":{"line":25,"column":50}},"10":{"start":{"line":28,"column":23},"end":{"line":38,"column":5}},"11":{"start":{"line":29,"column":8},"end":{"line":29,"column":25}},"12":{"start":{"line":30,"column":32},"end":{"line":33,"column":54}},"13":{"start":{"line":35,"column":8},"end":{"line":35,"column":33}},"14":{"start":{"line":35,"column":18},"end":{"line":35,"column":33}},"15":{"start":{"line":36,"column":8},"end":{"line":36,"column":26}},"16":{"start":{"line":37,"column":8},"end":{"line":37,"column":29}},"17":{"start":{"line":40,"column":23},"end":{"line":42,"column":5}},"18":{"start":{"line":41,"column":8},"end":{"line":41,"column":40}},"19":{"start":{"line":44,"column":26},"end":{"line":47,"column":5}},"20":{"start":{"line":45,"column":8},"end":{"line":45,"column":87}},"21":{"start":{"line":46,"column":8},"end":{"line":46,"column":21}},"22":{"start":{"line":49,"column":26},"end":{"line":57,"column":5}},"23":{"start":{"line":50,"column":8},"end":{"line":56,"column":9}},"24":{"start":{"line":51,"column":28},"end":{"line":51,"column":105}},"25":{"start":{"line":52,"column":29},"end":{"line":52,"column":111}},"26":{"start":{"line":53,"column":29},"end":{"line":53,"column":109}},"27":{"start":{"line":54,"column":26},"end":{"line":54,"column":99}},"28":{"start":{"line":55,"column":21},"end":{"line":55,"column":97}},"29":{"start":{"line":59,"column":23},"end":{"line":114,"column":5}},"30":{"start":{"line":60,"column":27},"end":{"line":60,"column":53}},"31":{"start":{"line":62,"column":8},"end":{"line":113,"column":10}},"32":{"start":{"line":98,"column":39},"end":{"line":98,"column":61}},"33":{"start":{"line":105,"column":39},"end":{"line":105,"column":65}},"34":{"start":{"line":116,"column":26},"end":{"line":119,"column":5}},"35":{"start":{"line":117,"column":8},"end":{"line":118,"column":69}},"36":{"start":{"line":121,"column":4},"end":{"line":153,"column":6}},"37":{"start":{"line":141,"column":38},"end":{"line":141,"column":45}},"38":{"start":{"line":144,"column":91},"end":{"line":144,"column":111}},"39":{"start":{"line":144,"column":112},"end":{"line":144,"column":125}}},"fnMap":{"0":{"name":"LeadsScreen","decl":{"start":{"line":9,"column":24},"end":{"line":9,"column":35}},"loc":{"start":{"line":9,"column":38},"end":{"line":154,"column":1}},"line":9},"1":{"name":"(anonymous_1)","decl":{"start":{"line":15,"column":14},"end":{"line":15,"column":15}},"loc":{"start":{"line":15,"column":20},"end":{"line":26,"column":5}},"line":15},"2":{"name":"(anonymous_2)","decl":{"start":{"line":20,"column":95},"end":{"line":20,"column":96}},"loc":{"start":{"line":20,"column":109},"end":{"line":22,"column":13}},"line":20},"3":{"name":"(anonymous_3)","decl":{"start":{"line":25,"column":15},"end":{"line":25,"column":16}},"loc":{"start":{"line":25,"column":21},"end":{"line":25,"column":52}},"line":25},"4":{"name":"(anonymous_4)","decl":{"start":{"line":28,"column":23},"end":{"line":28,"column":24}},"loc":{"start":{"line":28,"column":35},"end":{"line":38,"column":5}},"line":28},"5":{"name":"(anonymous_5)","decl":{"start":{"line":40,"column":23},"end":{"line":40,"column":24}},"loc":{"start":{"line":40,"column":42},"end":{"line":42,"column":5}},"line":40},"6":{"name":"(anonymous_6)","decl":{"start":{"line":44,"column":26},"end":{"line":44,"column":27}},"loc":{"start":{"line":44,"column":48},"end":{"line":47,"column":5}},"line":44},"7":{"name":"(anonymous_7)","decl":{"start":{"line":49,"column":26},"end":{"line":49,"column":27}},"loc":{"start":{"line":49,"column":46},"end":{"line":57,"column":5}},"line":49},"8":{"name":"(anonymous_8)","decl":{"start":{"line":59,"column":23},"end":{"line":59,"column":24}},"loc":{"start":{"line":59,"column":52},"end":{"line":114,"column":5}},"line":59},"9":{"name":"(anonymous_9)","decl":{"start":{"line":98,"column":33},"end":{"line":98,"column":34}},"loc":{"start":{"line":98,"column":39},"end":{"line":98,"column":61}},"line":98},"10":{"name":"(anonymous_10)","decl":{"start":{"line":105,"column":33},"end":{"line":105,"column":34}},"loc":{"start":{"line":105,"column":39},"end":{"line":105,"column":65}},"line":105},"11":{"name":"(anonymous_11)","decl":{"start":{"line":116,"column":39},"end":{"line":116,"column":40}},"loc":{"start":{"line":117,"column":8},"end":{"line":118,"column":69}},"line":117},"12":{"name":"(anonymous_12)","decl":{"start":{"line":141,"column":30},"end":{"line":141,"column":31}},"loc":{"start":{"line":141,"column":38},"end":{"line":141,"column":45}},"line":141},"13":{"name":"(anonymous_13)","decl":{"start":{"line":144,"column":83},"end":{"line":144,"column":84}},"loc":{"start":{"line":144,"column":89},"end":{"line":144,"column":127}},"line":144}},"branchMap":{"0":{"loc":{"start":{"line":35,"column":8},"end":{"line":35,"column":33}},"type":"if","locations":[{"start":{"line":35,"column":8},"end":{"line":35,"column":33}},{"start":{},"end":{}}],"line":35},"1":{"loc":{"start":{"line":50,"column":8},"end":{"line":56,"column":9}},"type":"switch","locations":[{"start":{"line":51,"column":12},"end":{"line":51,"column":105}},{"start":{"line":52,"column":12},"end":{"line":52,"column":111}},{"start":{"line":53,"column":12},"end":{"line":53,"column":109}},{"start":{"line":54,"column":12},"end":{"line":54,"column":99}},{"start":{"line":55,"column":12},"end":{"line":55,"column":97}}],"line":50},"2":{"loc":{"start":{"line":69,"column":29},"end":{"line":69,"column":54}},"type":"binary-expr","locations":[{"start":{"line":69,"column":29},"end":{"line":69,"column":40}},{"start":{"line":69,"column":44},"end":{"line":69,"column":54}}],"line":69},"3":{"loc":{"start":{"line":69,"column":57},"end":{"line":69,"column":71}},"type":"binary-expr","locations":[{"start":{"line":69,"column":57},"end":{"line":69,"column":65}},{"start":{"line":69,"column":69},"end":{"line":69,"column":71}}],"line":69},"4":{"loc":{"start":{"line":87,"column":21},"end":{"line":92,"column":21}},"type":"binary-expr","locations":[{"start":{"line":87,"column":21},"end":{"line":87,"column":39}},{"start":{"line":88,"column":24},"end":{"line":91,"column":31}}],"line":87},"5":{"loc":{"start":{"line":117,"column":8},"end":{"line":118,"column":69}},"type":"binary-expr","locations":[{"start":{"line":117,"column":8},"end":{"line":117,"column":67}},{"start":{"line":118,"column":8},"end":{"line":118,"column":69}}],"line":117},"6":{"loc":{"start":{"line":117,"column":9},"end":{"line":117,"column":35}},"type":"binary-expr","locations":[{"start":{"line":117,"column":9},"end":{"line":117,"column":29}},{"start":{"line":117,"column":33},"end":{"line":117,"column":35}}],"line":117},"7":{"loc":{"start":{"line":118,"column":9},"end":{"line":118,"column":37}},"type":"binary-expr","locations":[{"start":{"line":118,"column":9},"end":{"line":118,"column":31}},{"start":{"line":118,"column":35},"end":{"line":118,"column":37}}],"line":118}},"s":{"0":0,"1":0,"2":0,"3":0,"4":0,"5":0,"6":0,"7":0,"8":0,"9":0,"10":0,"11":0,"12":0,"13":0,"14":0,"15":0,"16":0,"17":0,"18":0,"19":0,"20":0,"21":0,"22":0,"23":0,"24":0,"25":0,"26":0,"27":0,"28":0,"29":0,"30":0,"31":0,"32":0,"33":0,"34":0,"35":0,"36":0,"37":0,"38":0,"39":0},"f":{"0":0,"1":0,"2":0,"3":0,"4":0,"5":0,"6":0,"7":0,"8":0,"9":0,"10":0,"11":0,"12":0,"13":0},"b":{"0":[0,0],"1":[0,0,0,0,0],"2":[0,0],"3":[0,0],"4":[0,0],"5":[0,0],"6":[0,0],"7":[0,0]}}
[...]
,"/Users/chakirmarine/.gemini/antigravity/playground/thermal-intergalactic/components/intervention/InterventionPhotos.tsx": {"path":"/Users/chakirmarine/.gemini/antigravity/playground/thermal-intergalactic/components/intervention/InterventionPhotos.tsx","statementMap":{"0":{"start":{"line":8,"column":32},"end":{"line":8,"column":51}},"1":{"start":{"line":9,"column":34},"end":{"line":9,"column":48}},"2":{"start":{"line":10,"column":38},"end":{"line":10,"column":53}},"3":{"start":{"line":12,"column":4},"end":{"line":20,"column":26}},"4":{"start":{"line":13,"column":8},"end":{"line":13,"column":22}},"5":{"start":{"line":14,"column":29},"end":{"line":17,"column":24}},"6":{"start":{"line":19,"column":8},"end":{"line":19,"column":53}},"7":{"start":{"line":19,"column":23},"end":{"line":19,"column":50}},"8":{"start":{"line":22,"column":24},"end":{"line":38,"column":5}},"9":{"start":{"line":24,"column":8},"end":{"line":27,"column":9}},"10":{"start":{"line":25,"column":12},"end":{"line":25,"column":30}},"11":{"start":{"line":26,"column":12},"end":{"line":26,"column":19}},"12":{"start":{"line":29,"column":32},"end":{"line":33,"column":54}},"13":{"start":{"line":35,"column":8},"end":{"line":36,"column":35}},"14":{"start":{"line":35,"column":19},"end":{"line":35,"column":40}},"15":{"start":{"line":36,"column":13},"end":{"line":36,"column":35}},"16":{"start":{"line":37,"column":8},"end":{"line":37,"column":26}},"17":{"start":{"line":40,"column":22},"end":{"line":52,"column":5}},"18":{"start":{"line":42,"column":21},"end":{"line":47,"column":10}},"19":{"start":{"line":49,"column":8},"end":{"line":51,"column":9}},"20":{"start":{"line":50,"column":12},"end":{"line":50,"column":47}},"21":{"start":{"line":54,"column":22},"end":{"line":70,"column":5}},"22":{"start":{"line":55,"column":27},"end":{"line":55,"column":76}},"23":{"start":{"line":56,"column":8},"end":{"line":59,"column":9}},"24":{"start":{"line":57,"column":12},"end":{"line":57,"column":105}},"25":{"start":{"line":58,"column":12},"end":{"line":58,"column":19}},"26":{"start":{"line":61,"column":21},"end":{"line":65,"column":10}},"27":{"start":{"line":67,"column":8},"end":{"line":69,"column":9}},"28":{"start":{"line":68,"column":12},"end":{"line":68,"column":47}},"29":{"start":{"line":72,"column":25},"end":{"line":110,"column":5}},"30":{"start":{"line":73,"column":8},"end":{"line":73,"column":27}},"31":{"start":{"line":76,"column":8},"end":{"line":91,"column":9}},"32":{"start":{"line":77,"column":29},"end":{"line":84,"column":13}},"33":{"start":{"line":86,"column":12},"end":{"line":89,"column":20}},"34":{"start":{"line":87,"column":16},"end":{"line":87,"column":49}},"35":{"start":{"line":88,"column":16},"end":{"line":88,"column":36}},"36":{"start":{"line":90,"column":12},"end":{"line":90,"column":19}},"37":{"start":{"line":97,"column":26},"end":{"line":102,"column":11}},"38":{"start":{"line":104,"column":8},"end":{"line":107,"column":9}},"39":{"start":{"line":105,"column":12},"end":{"line":105,"column":72}},"40":{"start":{"line":106,"column":12},"end":{"line":106,"column":33}},"41":{"start":{"line":109,"column":8},"end":{"line":109,"column":28}},"42":{"start":{"line":112,"column":25},"end":{"line":129,"column":5}},"43":{"start":{"line":113,"column":8},"end":{"line":128,"column":11}},"44":{"start":{"line":120,"column":20},"end":{"line":123,"column":21}},"45":{"start":{"line":121,"column":24},"end":{"line":121,"column":67}},"46":{"start":{"line":121,"column":53},"end":{"line":121,"column":64}},"47":{"start":{"line":122,"column":24},"end":{"line":122,"column":31}},"48":{"start":{"line":125,"column":20},"end":{"line":125,"column":80}},"49":{"start":{"line":131,"column":4},"end":{"line":196,"column":6}},"50":{"start":{"line":143,"column":24},"end":{"line":158,"column":31}},"51":{"start":{"line":150,"column":47},"end":{"line":150,"column":69}}},"fnMap":{"0":{"name":"InterventionPhotos","decl":{"start":{"line":7,"column":24},"end":{"line":7,"column":42}},"loc":{"start":{"line":7,"column":66},"end":{"line":197,"column":1}},"line":7},"1":{"name":"(anonymous_1)","decl":{"start":{"line":12,"column":14},"end":{"line":12,"column":15}},"loc":{"start":{"line":12,"column":20},"end":{"line":20,"column":5}},"line":12},"2":{"name":"(anonymous_2)","decl":{"start":{"line":19,"column":15},"end":{"line":19,"column":16}},"loc":{"start":{"line":19,"column":21},"end":{"line":19,"column":52}},"line":19},"3":{"name":"(anonymous_3)","decl":{"start":{"line":22,"column":24},"end":{"line":22,"column":25}},"loc":{"start":{"line":22,"column":36},"end":{"line":38,"column":5}},"line":22},"4":{"name":"(anonymous_4)","decl":{"start":{"line":40,"column":22},"end":{"line":40,"column":23}},"loc":{"start":{"line":40,"column":34},"end":{"line":52,"column":5}},"line":40},"5":{"name":"(anonymous_5)","decl":{"start":{"line":54,"column":22},"end":{"line":54,"column":23}},"loc":{"start":{"line":54,"column":34},"end":{"line":70,"column":5}},"line":54},"6":{"name":"(anonymous_6)","decl":{"start":{"line":72,"column":25},"end":{"line":72,"column":26}},"loc":{"start":{"line":72,"column":48},"end":{"line":110,"column":5}},"line":72},"7":{"name":"(anonymous_7)","decl":{"start":{"line":86,"column":23},"end":{"line":86,"column":24}},"loc":{"start":{"line":86,"column":29},"end":{"line":89,"column":13}},"line":86},"8":{"name":"(anonymous_8)","decl":{"start":{"line":112,"column":25},"end":{"line":112,"column":26}},"loc":{"start":{"line":112,"column":47},"end":{"line":129,"column":5}},"line":112},"9":{"name":"(anonymous_9)","decl":{"start":{"line":118,"column":25},"end":{"line":118,"column":26}},"loc":{"start":{"line":118,"column":37},"end":{"line":126,"column":17}},"line":118},"10":{"name":"(anonymous_10)","decl":{"start":{"line":121,"column":48},"end":{"line":121,"column":49}},"loc":{"start":{"line":121,"column":53},"end":{"line":121,"column":64}},"line":121},"11":{"name":"(anonymous_11)","decl":{"start":{"line":142,"column":32},"end":{"line":142,"column":33}},"loc":{"start":{"line":143,"column":24},"end":{"line":158,"column":31}},"line":143},"12":{"name":"(anonymous_12)","decl":{"start":{"line":150,"column":41},"end":{"line":150,"column":42}},"loc":{"start":{"line":150,"column":47},"end":{"line":150,"column":69}},"line":150}},"branchMap":{"0":{"loc":{"start":{"line":24,"column":8},"end":{"line":27,"column":9}},"type":"if","locations":[{"start":{"line":24,"column":8},"end":{"line":27,"column":9}},{"start":{},"end":{}}],"line":24},"1":{"loc":{"start":{"line":35,"column":8},"end":{"line":36,"column":35}},"type":"if","locations":[{"start":{"line":35,"column":8},"end":{"line":36,"column":35}},{"start":{"line":36,"column":13},"end":{"line":36,"column":35}}],"line":35},"2":{"loc":{"start":{"line":36,"column":23},"end":{"line":36,"column":33}},"type":"binary-expr","locations":[{"start":{"line":36,"column":23},"end":{"line":36,"column":27}},{"start":{"line":36,"column":31},"end":{"line":36,"column":33}}],"line":36},"3":{"loc":{"start":{"line":49,"column":8},"end":{"line":51,"column":9}},"type":"if","locations":[{"start":{"line":49,"column":8},"end":{"line":51,"column":9}},{"start":{},"end":{}}],"line":49},"4":{"loc":{"start":{"line":56,"column":8},"end":{"line":59,"column":9}},"type":"if","locations":[{"start":{"line":56,"column":8},"end":{"line":59,"column":9}},{"start":{},"end":{}}],"line":56},"5":{"loc":{"start":{"line":67,"column":8},"end":{"line":69,"column":9}},"type":"if","locations":[{"start":{"line":67,"column":8},"end":{"line":69,"column":9}},{"start":{},"end":{}}],"line":67},"6":{"loc":{"start":{"line":76,"column":8},"end":{"line":91,"column":9}},"type":"if","locations":[{"start":{"line":76,"column":8},"end":{"line":91,"column":9}},{"start":{},"end":{}}],"line":76},"7":{"loc":{"start":{"line":104,"column":8},"end":{"line":107,"column":9}},"type":"if","locations":[{"start":{"line":104,"column":8},"end":{"line":107,"column":9}},{"start":{},"end":{}}],"line":104},"8":{"loc":{"start":{"line":120,"column":20},"end":{"line":123,"column":21}},"type":"if","locations":[{"start":{"line":120,"column":20},"end":{"line":123,"column":21}},{"start":{},"end":{}}],"line":120},"9":{"loc":{"start":{"line":138,"column":13},"end":{"line":161,"column":13}},"type":"cond-expr","locations":[{"start":{"line":139,"column":16},"end":{"line":139,"column":37}},{"start":{"line":141,"column":16},"end":{"line":160,"column":23}}],"line":138},"10":{"loc":{"start":{"line":163,"column":13},"end":{"line":168,"column":13}},"type":"binary-expr","locations":[{"start":{"line":163,"column":13},"end":{"line":163,"column":21}},{"start":{"line":163,"column":25},"end":{"line":163,"column":44}},{"start":{"line":164,"column":16},"end":{"line":167,"column":23}}],"line":163},"11":{"loc":{"start":{"line":178,"column":21},"end":{"line":183,"column":21}},"type":"cond-expr","locations":[{"start":{"line":178,"column":33},"end":{"line":178,"column":68}},{"start":{"line":179,"column":24},"end":{"line":182,"column":27}}],"line":178}},"s":{"0":0,"1":0,"2":0,"3":0,"4":0,"5":0,"6":0,"7":0,"8":0,"9":0,"10":0,"11":0,"12":0,"13":0,"14":0,"15":0,"16":0,"17":0,"18":0,"19":0,"20":0,"21":0,"22":0,"23":0,"24":0,"25":0,"26":0,"27":0,"28":0,"29":0,"30":0,"31":0,"32":0,"33":0,"34":0,"35":0,"36":0,"37":0,"38":0,"39":0,"40":0,"41":0,"42":0,"43":0,"44":0,"45":0,"46":0,"47":0,"48":0,"49":0,"50":0,"51":0},"f":{"0":0,"1":0,"2":0,"3":0,"4":0,"5":0,"6":0,"7":0,"8":0,"9":0,"10":0,"11":0,"12":0},"b":{"0":[0,0],"1":[0,0],"2":[0,0],"3":[0,0],"4":[0,0],"5":[0,0],"6":[0,0],"7":[0,0],"8":[0,0],"9":[0,0],"10":[0,0,0],"11":[0,0]}}
,"/Users/chakirmarine/.gemini/antigravity/playground/thermal-intergalactic/components/intervention/InterventionSummary.tsx": {"path":"/Users/chakirmarine/.gemini/antigravity/playground/thermal-intergalactic/components/intervention/InterventionSummary.tsx","statementMap":{"0":{"start":{"line":9,"column":36},"end":{"line":9,"column":51}},"1":{"start":{"line":11,"column":25},"end":{"line":37,"column":5}},"2":{"start":{"line":12,"column":8},"end":{"line":12,"column":26}},"3":{"start":{"line":15,"column":8},"end":{"line":24,"column":9}},"4":{"start":{"line":17,"column":12},"end":{"line":22,"column":20}},"5":{"start":{"line":18,"column":16},"end":{"line":18,"column":35}},"6":{"start":{"line":21,"column":16},"end":{"line":21,"column":26}},"7":{"start":{"line":23,"column":12},"end":{"line":23,"column":19}},"8":{"start":{"line":26,"column":26},"end":{"line":29,"column":38}},"9":{"start":{"line":31,"column":8},"end":{"line":35,"column":9}},"10":{"start":{"line":32,"column":12},"end":{"line":32,"column":75}},"11":{"start":{"line":34,"column":12},"end":{"line":34,"column":22}},"12":{"start":{"line":36,"column":8},"end":{"line":36,"column":27}},"13":{"start":{"line":39,"column":25},"end":{"line":52,"column":5}},"14":{"start":{"line":40,"column":8},"end":{"line":51,"column":27}},"15":{"start":{"line":42,"column":27},"end":{"line":42,"column":47}},"16":{"start":{"line":54,"column":4},"end":{"line":122,"column":6}}},"fnMap":{"0":{"name":"InterventionSummary","decl":{"start":{"line":8,"column":24},"end":{"line":8,"column":43}},"loc":{"start":{"line":8,"column":76},"end":{"line":123,"column":1}},"line":8},"1":{"name":"(anonymous_1)","decl":{"start":{"line":11,"column":25},"end":{"line":11,"column":26}},"loc":{"start":{"line":11,"column":54},"end":{"line":37,"column":5}},"line":11},"2":{"name":"(anonymous_2)","decl":{"start":{"line":17,"column":23},"end":{"line":17,"column":24}},"loc":{"start":{"line":17,"column":29},"end":{"line":22,"column":13}},"line":17},"3":{"name":"(anonymous_3)","decl":{"start":{"line":39,"column":25},"end":{"line":39,"column":26}},"loc":{"start":{"line":40,"column":8},"end":{"line":51,"column":27}},"line":40},"4":{"name":"(anonymous_4)","decl":{"start":{"line":42,"column":21},"end":{"line":42,"column":22}},"loc":{"start":{"line":42,"column":27},"end":{"line":42,"column":47}},"line":42}},"branchMap":{"0":{"loc":{"start":{"line":15,"column":8},"end":{"line":24,"column":9}},"type":"if","locations":[{"start":{"line":15,"column":8},"end":{"line":24,"column":9}},{"start":{},"end":{}}],"line":15},"1":{"loc":{"start":{"line":31,"column":8},"end":{"line":35,"column":9}},"type":"if","locations":[{"start":{"line":31,"column":8},"end":{"line":35,"column":9}},{"start":{"line":33,"column":15},"end":{"line":35,"column":9}}],"line":31},"2":{"loc":{"start":{"line":43,"column":89},"end":{"line":43,"column":192}},"type":"cond-expr","locations":[{"start":{"line":43,"column":110},"end":{"line":43,"column":134}},{"start":{"line":43,"column":137},"end":{"line":43,"column":192}}],"line":43},"3":{"loc":{"start":{"line":44,"column":19},"end":{"line":44,"column":98}},"type":"cond-expr","locations":[{"start":{"line":44,"column":40},"end":{"line":44,"column":93}},{"start":{"line":44,"column":96},"end":{"line":44,"column":98}}],"line":44},"4":{"loc":{"start":{"line":46,"column":58},"end":{"line":46,"column":116}},"type":"cond-expr","locations":[{"start":{"line":46,"column":79},"end":{"line":46,"column":81}},{"start":{"line":46,"column":84},"end":{"line":46,"column":116}}],"line":46},"5":{"loc":{"start":{"line":47,"column":23},"end":{"line":47,"column":75}},"type":"cond-expr","locations":[{"start":{"line":47,"column":44},"end":{"line":47,"column":70}},{"start":{"line":47,"column":73},"end":{"line":47,"column":75}}],"line":47},"6":{"loc":{"start":{"line":48,"column":50},"end":{"line":48,"column":122}},"type":"cond-expr","locations":[{"start":{"line":48,"column":71},"end":{"line":48,"column":103}},{"start":{"line":48,"column":106},"end":{"line":48,"column":122}}],"line":48},"7":{"loc":{"start":{"line":82,"column":88},"end":{"line":82,"column":127}},"type":"binary-expr","locations":[{"start":{"line":82,"column":88},"end":{"line":82,"column":119}},{"start":{"line":82,"column":123},"end":{"line":82,"column":127}}],"line":82},"8":{"loc":{"start":{"line":87,"column":102},"end":{"line":87,"column":137}},"type":"binary-expr","locations":[{"start":{"line":87,"column":102},"end":{"line":87,"column":129}},{"start":{"line":87,"column":133},"end":{"line":87,"column":137}}],"line":87},"9":{"loc":{"start":{"line":101,"column":90},"end":{"line":101,"column":133}},"type":"binary-expr","locations":[{"start":{"line":101,"column":90},"end":{"line":101,"column":120}},{"start":{"line":101,"column":124},"end":{"line":101,"column":133}}],"line":101},"10":{"loc":{"start":{"line":109,"column":29},"end":{"line":109,"column":156}},"type":"cond-expr","locations":[{"start":{"line":109,"column":68},"end":{"line":109,"column":149}},{"start":{"line":109,"column":152},"end":{"line":109,"column":156}}],"line":109},"11":{"loc":{"start":{"line":117,"column":25},"end":{"line":117,"column":85}},"type":"binary-expr","locations":[{"start":{"line":117,"column":25},"end":{"line":117,"column":49}},{"start":{"line":117,"column":53},"end":{"line":117,"column":85}}],"line":117}},"s":{"0":0,"1":0,"2":0,"3":0,"4":0,"5":0,"6":0,"7":0,"8":0,"9":0,"10":0,"11":0,"12":0,"13":0,"14":0,"15":0,"16":0},"f":{"0":0,"1":0,"2":0,"3":0,"4":0},"b":{"0":[0,0],"1":[0,0],"2":[0,0],"3":[0,0],"4":[0,0],"5":[0,0],"6":[0,0],"7":[0,0],"8":[0,0],"9":[0,0],"10":[0,0],"11":[0,0]}}
,"/Users/chakirmarine/.gemini/antigravity/playground/thermal-intergalactic/constants/Colors.ts": {"path":"/Users/chakirmarine/.gemini/antigravity/playground/thermal-intergalactic/constants/Colors.ts","statementMap":{"0":{"start":{"line":1,"column":23},"end":{"line":1,"column":32}},"1":{"start":{"line":2,"column":22},"end":{"line":2,"column":28}}},"fnMap":{},"branchMap":{},"s":{"0":1,"1":1},"f":{},"b":{},"_coverageSchema":"1a1c01bbd47fc00a2c39e90264f33305004495a9","hash":"41362ca7a899dac12b3042a066e3931f37e1dedd"}
,"/Users/chakirmarine/.gemini/antigravity/playground/thermal-intergalactic/lib/store.ts": {"path":"/Users/chakirmarine/.gemini/antigravity/playground/thermal-intergalactic/lib/store.ts","statementMap":{"0":{"start":{"line":1,"column":27},"end":{"line":15,"column":1}},"1":{"start":{"line":5,"column":8},"end":{"line":5,"column":33}},"2":{"start":{"line":9,"column":8},"end":{"line":9,"column":35}},"3":{"start":{"line":13,"column":8},"end":{"line":13,"column":35}}},"fnMap":{"0":{"name":"(anonymous_0)","decl":{"start":{"line":4,"column":4},"end":{"line":4,"column":5}},"loc":{"start":{"line":4,"column":31},"end":{"line":6,"column":5}},"line":4},"1":{"name":"(anonymous_1)","decl":{"start":{"line":8,"column":4},"end":{"line":8,"column":5}},"loc":{"start":{"line":8,"column":12},"end":{"line":10,"column":5}},"line":8},"2":{"name":"(anonymous_2)","decl":{"start":{"line":12,"column":4},"end":{"line":12,"column":5}},"loc":{"start":{"line":12,"column":12},"end":{"line":14,"column":5}},"line":12}},"branchMap":{},"s":{"0":0,"1":0,"2":0,"3":0},"f":{"0":0,"1":0,"2":0},"b":{}}
,"/Users/chakirmarine/.gemini/antigravity/playground/thermal-intergalactic/lib/supabase.ts": {"path":"/Users/chakirmarine/.gemini/antigravity/playground/thermal-intergalactic/lib/supabase.ts","statementMap":{"0":{"start":{"line":6,"column":20},"end":{"line":6,"column":62}},"1":{"start":{"line":7,"column":24},"end":{"line":7,"column":71}},"2":{"start":{"line":9,"column":24},"end":{"line":16,"column":2}},"3":{"start":{"line":23,"column":0},"end":{"line":29,"column":2}},"4":{"start":{"line":24,"column":4},"end":{"line":28,"column":5}},"5":{"start":{"line":25,"column":8},"end":{"line":25,"column":40}},"6":{"start":{"line":27,"column":8},"end":{"line":27,"column":39}}},"fnMap":{"0":{"name":"(anonymous_0)","decl":{"start":{"line":23,"column":36},"end":{"line":23,"column":37}},"loc":{"start":{"line":23,"column":47},"end":{"line":29,"column":1}},"line":23}},"branchMap":{"0":{"loc":{"start":{"line":6,"column":20},"end":{"line":6,"column":62}},"type":"binary-expr","locations":[{"start":{"line":6,"column":20},"end":{"line":6,"column":56}},{"start":{"line":6,"column":60},"end":{"line":6,"column":62}}],"line":6},"1":{"loc":{"start":{"line":7,"column":24},"end":{"line":7,"column":71}},"type":"binary-expr","locations":[{"start":{"line":7,"column":24},"end":{"line":7,"column":65}},{"start":{"line":7,"column":69},"end":{"line":7,"column":71}}],"line":7},"2":{"loc":{"start":{"line":24,"column":4},"end":{"line":28,"column":5}},"type":"if","locations":[{"start":{"line":24,"column":4},"end":{"line":28,"column":5}},{"start":{"line":26,"column":11},"end":{"line":28,"column":5}}],"line":24}},"s":{"0":0,"1":0,"2":0,"3":0,"4":0,"5":0,"6":0},"f":{"0":0},"b":{"0":[0,0],"1":[0,0],"2":[0,0]}}
}
