TN:
SF:app.d.ts
FNF:0
FNH:0
LF:0
LH:0
BRF:0
BRH:0
end_of_record
TN:
SF:expo-env.d.ts
FNF:0
FNH:0
LF:0
LH:0
BRF:0
BRH:0
end_of_record
TN:
SF:nativewind-env.d.ts
FNF:0
FNH:0
LF:0
LH:0
BRF:0
BRH:0
end_of_record
TN:
SF:.expo/types/router.d.ts
FNF:0
FNH:0
LF:0
LH:0
BRF:0
BRH:0
end_of_record
TN:
SF:app/+html.tsx
FN:7,Root
FNF:1
FNH:0
FNDA:0,Root
DA:8,0
DA:30,0
LF:2
LH:0
BRF:0
BRH:0
end_of_record
TN:
SF:app/+not-found.tsx
FN:6,NotFoundScreen
FNF:1
FNH:0
FNDA:0,NotFoundScreen
DA:7,0
DA:21,0
LF:2
LH:0
BRF:0
BRH:0
end_of_record
TN:
SF:app/_layout.tsx
FN:25,RootLayout
FN:32,(anonymous_1)
FN:36,(anonymous_2)
FN:52,RootLayoutNav
FN:64,ProtectedLayout
FNF:5
FNH:0
FNDA:0,RootLayout
FNDA:0,(anonymous_1)
FNDA:0,(anonymous_2)
FNDA:0,RootLayoutNav
FNDA:0,ProtectedLayout
DA:17,0
DA:23,0
DA:26,0
DA:32,0
DA:33,0
DA:36,0
DA:37,0
DA:38,0
DA:42,0
DA:43,0
DA:46,0
DA:53,0
DA:55,0
DA:67,0
LF:14
LH:0
BRDA:33,0,0,0
BRDA:33,0,1,0
BRDA:37,1,0,0
BRDA:37,1,1,0
BRDA:42,2,0,0
BRDA:42,2,1,0
BRDA:56,3,0,0
BRDA:56,3,1,0
BRF:8
BRH:0
end_of_record
TN:
SF:app/modal.tsx
FN:7,ModalScreen
FNF:1
FNH:0
FNDA:0,ModalScreen
DA:8,0
DA:20,0
LF:2
LH:0
BRDA:15,0,0,0
BRDA:15,0,1,0
BRF:2
BRH:0
end_of_record
TN:
SF:app/profile.tsx
FN:7,GarageProfileScreen
FN:20,(anonymous_1)
FN:25,(anonymous_2)
FN:30,(anonymous_3)
FN:38,(anonymous_4)
FN:59,(anonymous_5)
FN:92,(anonymous_6)
FN:101,(anonymous_7)
FN:118,(anonymous_8)
FN:151,(anonymous_9)
FN:164,(anonymous_10)
FN:174,(anonymous_11)
FN:216,(anonymous_12)
FN:226,(anonymous_13)
FN:235,(anonymous_14)
FN:242,(anonymous_15)
FN:245,(anonymous_16)
FN:268,(anonymous_17)
FN:278,(anonymous_18)
FN:288,(anonymous_19)
FNF:20
FNH:0
FNDA:0,GarageProfileScreen
FNDA:0,(anonymous_1)
FNDA:0,(anonymous_2)
FNDA:0,(anonymous_3)
FNDA:0,(anonymous_4)
FNDA:0,(anonymous_5)
FNDA:0,(anonymous_6)
FNDA:0,(anonymous_7)
FNDA:0,(anonymous_8)
FNDA:0,(anonymous_9)
FNDA:0,(anonymous_10)
FNDA:0,(anonymous_11)
FNDA:0,(anonymous_12)
FNDA:0,(anonymous_13)
FNDA:0,(anonymous_14)
FNDA:0,(anonymous_15)
FNDA:0,(anonymous_16)
FNDA:0,(anonymous_17)
FNDA:0,(anonymous_18)
FNDA:0,(anonymous_19)
DA:8,0
DA:9,0
DA:10,0
DA:11,0
DA:14,0
DA:15,0
DA:17,0
DA:18,0
DA:20,0
DA:21,0
DA:22,0
DA:25,0
DA:26,0
DA:27,0
DA:30,0
DA:31,0
DA:32,0
DA:33,0
DA:34,0
DA:35,0
DA:38,0
DA:39,0
DA:40,0
DA:41,0
DA:43,0
DA:44,0
DA:45,0
DA:48,0
DA:50,0
DA:51,0
DA:53,0
DA:54,0
DA:55,0
DA:59,0
DA:60,0
DA:61,0
DA:62,0
DA:65,0
DA:66,0
DA:68,0
DA:77,0
DA:78,0
DA:79,0
DA:80,0
DA:82,0
DA:84,0
DA:85,0
DA:88,0
DA:92,0
DA:93,0
DA:102,0
DA:103,0
DA:110,0
DA:118,0
DA:151,0
DA:164,0
DA:175,0
DA:216,0
DA:226,0
DA:235,0
DA:243,0
DA:245,0
DA:268,0
DA:278,0
DA:288,0
LF:65
LH:0
BRDA:33,0,0,0
BRDA:33,0,1,0
BRDA:34,1,0,0
BRDA:34,1,1,0
BRDA:39,2,0,0
BRDA:39,2,1,0
BRDA:43,3,0,0
BRDA:43,3,1,0
BRDA:50,4,0,0
BRDA:50,4,1,0
BRDA:60,5,0,0
BRDA:60,5,1,0
BRDA:60,6,0,0
BRDA:60,6,1,0
BRDA:72,7,0,0
BRDA:72,7,1,0
BRDA:77,8,0,0
BRDA:77,8,1,0
BRDA:79,9,0,0
BRDA:79,9,1,0
BRDA:139,10,0,0
BRDA:139,10,1,0
BRDA:175,11,0,0
BRDA:175,11,1,0
BRDA:188,12,0,0
BRDA:188,12,1,0
BRDA:196,13,0,0
BRDA:196,13,1,0
BRDA:196,13,2,0
BRDA:246,14,0,0
BRDA:246,14,1,0
BRDA:248,15,0,0
BRDA:248,15,1,0
BRF:33
BRH:0
end_of_record
TN:
SF:app/scan.tsx
FN:8,CameraScreen
FN:28,(anonymous_1)
FN:46,(anonymous_2)
FN:50,(anonymous_3)
FN:57,(anonymous_4)
FN:60,(anonymous_5)
FN:65,(anonymous_6)
FN:76,(anonymous_7)
FN:78,(anonymous_8)
FN:85,(anonymous_9)
FN:110,(anonymous_10)
FNF:11
FNH:0
FNDA:0,CameraScreen
FNDA:0,(anonymous_1)
FNDA:0,(anonymous_2)
FNDA:0,(anonymous_3)
FNDA:0,(anonymous_4)
FNDA:0,(anonymous_5)
FNDA:0,(anonymous_6)
FNDA:0,(anonymous_7)
FNDA:0,(anonymous_8)
FNDA:0,(anonymous_9)
FNDA:0,(anonymous_10)
DA:9,0
DA:10,0
DA:11,0
DA:13,0
DA:15,0
DA:18,0
DA:19,0
DA:28,0
DA:29,0
DA:32,0
DA:38,0
DA:40,0
DA:46,0
DA:51,0
DA:56,0
DA:57,0
DA:59,0
DA:60,0
DA:65,0
DA:70,0
DA:78,0
DA:79,0
DA:85,0
DA:93,0
DA:110,0
LF:25
LH:0
BRDA:13,0,0,0
BRDA:13,0,1,0
BRDA:18,1,0,0
BRDA:18,1,1,0
BRDA:38,2,0,0
BRDA:38,2,1,0
BRDA:53,3,0,0
BRDA:53,3,1,0
BRDA:56,4,0,0
BRDA:56,4,1,0
BRDA:59,5,0,0
BRDA:59,5,1,0
BRDA:97,6,0,0
BRDA:97,6,1,0
BRF:14
BRH:0
end_of_record
TN:
SF:app/tracking.tsx
FN:16,TrackingScreen
FN:33,(anonymous_1)
FN:39,(anonymous_2)
FN:54,(anonymous_3)
FN:57,fetchIntervention
FN:97,(anonymous_5)
FN:112,(anonymous_6)
FN:154,(anonymous_7)
FN:155,(anonymous_8)
FN:224,(anonymous_9)
FN:271,(anonymous_10)
FN:290,(anonymous_11)
FN:324,(anonymous_12)
FN:327,(anonymous_13)
FN:347,(anonymous_14)
FN:350,(anonymous_15)
FNF:16
FNH:0
FNDA:0,TrackingScreen
FNDA:0,(anonymous_1)
FNDA:0,(anonymous_2)
FNDA:0,(anonymous_3)
FNDA:0,fetchIntervention
FNDA:0,(anonymous_5)
FNDA:0,(anonymous_6)
FNDA:0,(anonymous_7)
FNDA:0,(anonymous_8)
FNDA:0,(anonymous_9)
FNDA:0,(anonymous_10)
FNDA:0,(anonymous_11)
FNDA:0,(anonymous_12)
FNDA:0,(anonymous_13)
FNDA:0,(anonymous_14)
FNDA:0,(anonymous_15)
DA:10,0
DA:18,0
DA:20,0
DA:24,0
DA:25,0
DA:27,0
DA:28,0
DA:29,0
DA:30,0
DA:33,0
DA:34,0
DA:35,0
DA:39,0
DA:40,0
DA:41,0
DA:42,0
DA:45,0
DA:47,0
DA:54,0
DA:58,0
DA:59,0
DA:60,0
DA:62,0
DA:63,0
DA:64,0
DA:65,0
DA:69,0
DA:81,0
DA:82,0
DA:83,0
DA:86,0
DA:87,0
DA:88,0
DA:91,0
DA:93,0
DA:97,0
DA:98,0
DA:101,0
DA:111,0
DA:112,0
DA:113,0
DA:126,0
DA:127,0
DA:139,0
DA:142,0
DA:143,0
DA:154,0
DA:155,0
DA:156,0
DA:158,0
DA:225,0
DA:226,0
DA:228,0
DA:272,0
DA:291,0
DA:325,0
DA:327,0
DA:347,0
DA:350,0
LF:59
LH:0
BRDA:24,0,0,0
BRDA:24,0,1,0
BRDA:24,0,2,0
BRDA:34,1,0,0
BRDA:34,1,1,0
BRDA:40,2,0,0
BRDA:40,2,1,0
BRDA:60,3,0,0
BRDA:60,3,1,0
BRDA:62,4,0,0
BRDA:62,4,1,0
BRDA:81,5,0,0
BRDA:81,5,1,0
BRDA:86,6,0,0
BRDA:86,6,1,0
BRDA:111,7,0,0
BRDA:111,7,1,0
BRDA:116,8,0,0
BRDA:116,8,1,0
BRDA:116,9,0,0
BRDA:116,9,1,0
BRDA:117,10,0,0
BRDA:117,10,1,0
BRDA:118,11,0,0
BRDA:118,11,1,0
BRDA:119,12,0,0
BRDA:119,12,1,0
BRDA:120,13,0,0
BRDA:120,13,1,0
BRDA:126,14,0,0
BRDA:126,14,1,0
BRDA:142,15,0,0
BRDA:142,15,1,0
BRDA:143,16,0,0
BRDA:143,16,1,0
BRDA:154,17,0,0
BRDA:154,17,1,0
BRDA:155,18,0,0
BRDA:155,18,1,0
BRDA:156,19,0,0
BRDA:156,19,1,0
BRDA:165,20,0,0
BRDA:165,20,1,0
BRDA:166,21,0,0
BRDA:166,21,1,0
BRDA:183,22,0,0
BRDA:183,22,1,0
BRDA:184,23,0,0
BRDA:184,23,1,0
BRDA:191,24,0,0
BRDA:191,24,1,0
BRDA:198,25,0,0
BRDA:198,25,1,0
BRDA:202,26,0,0
BRDA:202,26,1,0
BRDA:213,27,0,0
BRDA:213,27,1,0
BRDA:234,28,0,0
BRDA:234,28,1,0
BRDA:237,29,0,0
BRDA:237,29,1,0
BRDA:239,30,0,0
BRDA:239,30,1,0
BRDA:243,31,0,0
BRDA:243,31,1,0
BRDA:246,32,0,0
BRDA:246,32,1,0
BRDA:264,33,0,0
BRDA:264,33,1,0
BRDA:271,34,0,0
BRDA:271,34,1,0
BRDA:290,35,0,0
BRDA:290,35,1,0
BRDA:317,36,0,0
BRDA:317,36,1,0
BRDA:355,37,0,0
BRDA:355,37,1,0
BRF:77
BRH:0
end_of_record
TN:
SF:app/(auth)/login.tsx
FN:7,LoginScreen
FN:13,signInWithEmail
FN:32,signUpWithEmail
FN:76,(anonymous_3)
FN:91,(anonymous_4)
FNF:5
FNH:0
FNDA:0,LoginScreen
FNDA:0,signInWithEmail
FNDA:0,signUpWithEmail
FNDA:0,(anonymous_3)
FNDA:0,(anonymous_4)
DA:8,0
DA:9,0
DA:10,0
DA:11,0
DA:14,0
DA:15,0
DA:20,0
DA:21,0
DA:22,0
DA:27,0
DA:29,0
DA:33,0
DA:34,0
DA:35,0
DA:37,0
DA:38,0
DA:43,0
DA:44,0
DA:46,0
DA:48,0
DA:51,0
DA:54,0
DA:57,0
DA:76,0
DA:91,0
LF:25
LH:0
BRDA:20,0,0,0
BRDA:20,0,1,0
BRDA:33,1,0,0
BRDA:33,1,1,0
BRDA:33,2,0,0
BRDA:33,2,1,0
BRDA:43,3,0,0
BRDA:43,3,1,0
BRDA:46,4,0,0
BRDA:46,4,1,0
BRDA:59,5,0,0
BRDA:59,5,1,0
BRDA:102,6,0,0
BRDA:102,6,1,0
BRDA:106,7,0,0
BRDA:106,7,1,0
BRF:16
BRH:0
end_of_record
TN:
SF:app/(tabs)/_layout.tsx
FN:6,TabBarIcon
FN:14,TabLayout
FN:43,(anonymous_2)
FN:50,(anonymous_3)
FN:57,(anonymous_4)
FN:64,(anonymous_5)
FN:71,(anonymous_6)
FNF:7
FNH:0
FNDA:0,TabBarIcon
FNDA:0,TabLayout
FNDA:0,(anonymous_2)
FNDA:0,(anonymous_3)
FNDA:0,(anonymous_4)
FNDA:0,(anonymous_5)
FNDA:0,(anonymous_6)
DA:10,0
DA:11,0
DA:15,0
DA:17,0
DA:43,0
DA:50,0
DA:57,0
DA:64,0
DA:71,0
LF:9
LH:0
BRF:0
BRH:0
end_of_record
TN:
SF:app/(tabs)/index.tsx
FN:12,DashboardScreen
FN:23,(anonymous_1)
FN:45,(anonymous_2)
FN:49,(anonymous_3)
FN:76,(anonymous_4)
FN:114,(anonymous_5)
FN:126,(anonymous_6)
FN:140,(anonymous_7)
FN:149,(anonymous_8)
FN:157,(anonymous_9)
FN:165,(anonymous_10)
FN:173,(anonymous_11)
FN:183,(anonymous_12)
FN:195,(anonymous_13)
FN:202,(anonymous_14)
FNF:15
FNH:0
FNDA:0,DashboardScreen
FNDA:0,(anonymous_1)
FNDA:0,(anonymous_2)
FNDA:0,(anonymous_3)
FNDA:0,(anonymous_4)
FNDA:0,(anonymous_5)
FNDA:0,(anonymous_6)
FNDA:0,(anonymous_7)
FNDA:0,(anonymous_8)
FNDA:0,(anonymous_9)
FNDA:0,(anonymous_10)
FNDA:0,(anonymous_11)
FNDA:0,(anonymous_12)
FNDA:0,(anonymous_13)
FNDA:0,(anonymous_14)
DA:10,0
DA:13,0
DA:14,0
DA:15,0
DA:16,0
DA:23,0
DA:24,0
DA:27,0
DA:30,0
DA:33,0
DA:35,0
DA:41,0
DA:42,0
DA:45,0
DA:46,0
DA:49,0
DA:50,0
DA:76,0
DA:77,0
DA:78,0
DA:80,0
DA:81,0
DA:84,0
DA:85,0
DA:88,0
DA:89,0
DA:92,0
DA:94,0
DA:95,0
DA:97,0
DA:99,0
DA:103,0
DA:114,0
DA:126,0
DA:140,0
DA:149,0
DA:157,0
DA:165,0
DA:174,0
DA:184,0
DA:195,0
DA:202,0
LF:42
LH:0
BRDA:36,0,0,0
BRDA:36,0,1,0
BRDA:37,1,0,0
BRDA:37,1,1,0
BRDA:38,2,0,0
BRDA:38,2,1,0
BRDA:81,3,0,0
BRDA:81,3,1,0
BRDA:85,4,0,0
BRDA:85,4,1,0
BRDA:89,5,0,0
BRDA:89,5,1,0
BRF:12
BRH:0
end_of_record
TN:
SF:app/(tabs)/interventions.tsx
FN:10,InterventionsScreen
FN:25,(anonymous_1)
FN:29,(anonymous_2)
FN:49,(anonymous_3)
FN:59,(anonymous_4)
FN:66,(anonymous_5)
FN:127,(anonymous_6)
FN:128,(anonymous_7)
FN:130,(anonymous_8)
FN:149,(anonymous_9)
FN:152,(anonymous_10)
FN:154,(anonymous_11)
FN:155,(anonymous_12)
FN:155,(anonymous_13)
FN:162,(anonymous_14)
FN:164,(anonymous_15)
FN:165,(anonymous_16)
FN:165,(anonymous_17)
FN:172,(anonymous_18)
FN:174,(anonymous_19)
FN:175,(anonymous_20)
FN:175,(anonymous_21)
FN:193,(anonymous_22)
FNF:23
FNH:0
FNDA:0,InterventionsScreen
FNDA:0,(anonymous_1)
FNDA:0,(anonymous_2)
FNDA:0,(anonymous_3)
FNDA:0,(anonymous_4)
FNDA:0,(anonymous_5)
FNDA:0,(anonymous_6)
FNDA:0,(anonymous_7)
FNDA:0,(anonymous_8)
FNDA:0,(anonymous_9)
FNDA:0,(anonymous_10)
FNDA:0,(anonymous_11)
FNDA:0,(anonymous_12)
FNDA:0,(anonymous_13)
FNDA:0,(anonymous_14)
FNDA:0,(anonymous_15)
FNDA:0,(anonymous_16)
FNDA:0,(anonymous_17)
FNDA:0,(anonymous_18)
FNDA:0,(anonymous_19)
FNDA:0,(anonymous_20)
FNDA:0,(anonymous_21)
FNDA:0,(anonymous_22)
DA:11,0
DA:12,0
DA:13,0
DA:14,0
DA:15,0
DA:16,0
DA:18,0
DA:25,0
DA:26,0
DA:29,0
DA:31,0
DA:33,0
DA:42,0
DA:43,0
DA:45,0
DA:46,0
DA:49,0
DA:50,0
DA:51,0
DA:52,0
DA:53,0
DA:54,0
DA:55,0
DA:59,0
DA:60,0
DA:61,0
DA:62,0
DA:64,0
DA:66,0
DA:99,0
DA:127,0
DA:129,0
DA:130,0
DA:149,0
DA:152,0
DA:154,0
DA:155,0
DA:156,0
DA:162,0
DA:164,0
DA:165,0
DA:166,0
DA:172,0
DA:174,0
DA:175,0
DA:176,0
DA:193,0
LF:47
LH:0
BRDA:31,0,0,0
BRDA:31,0,1,0
BRDA:42,1,0,0
BRDA:42,1,1,0
BRDA:42,2,0,0
BRDA:42,2,1,0
BRDA:50,3,0,0
BRDA:50,3,1,0
BRDA:50,3,2,0
BRDA:50,3,3,0
BRDA:50,3,4,0
BRDA:61,4,0,0
BRDA:61,4,1,0
BRDA:61,5,0,0
BRDA:61,5,1,0
BRDA:62,6,0,0
BRDA:62,6,1,0
BRDA:87,7,0,0
BRDA:87,7,1,0
BRDA:92,8,0,0
BRDA:92,8,1,0
BRDA:131,9,0,0
BRDA:131,9,1,0
BRDA:133,10,0,0
BRDA:133,10,1,0
BRDA:142,11,0,0
BRDA:142,11,1,0
BRDA:152,12,0,0
BRDA:152,12,1,0
BRDA:152,12,2,0
BRDA:152,12,3,0
BRDA:162,13,0,0
BRDA:162,13,1,0
BRDA:162,13,2,0
BRDA:162,13,3,0
BRDA:172,14,0,0
BRDA:172,14,1,0
BRDA:172,14,2,0
BRDA:172,14,3,0
BRDA:181,15,0,0
BRDA:181,15,1,0
BRF:41
BRH:0
end_of_record
TN:
SF:app/(tabs)/leads.tsx
FN:9,LeadsScreen
FN:15,(anonymous_1)
FN:20,(anonymous_2)
FN:25,(anonymous_3)
FN:28,(anonymous_4)
FN:40,(anonymous_5)
FN:44,(anonymous_6)
FN:49,(anonymous_7)
FN:59,(anonymous_8)
FN:98,(anonymous_9)
FN:105,(anonymous_10)
FN:116,(anonymous_11)
FN:141,(anonymous_12)
FN:144,(anonymous_13)
FNF:14
FNH:0
FNDA:0,LeadsScreen
FNDA:0,(anonymous_1)
FNDA:0,(anonymous_2)
FNDA:0,(anonymous_3)
FNDA:0,(anonymous_4)
FNDA:0,(anonymous_5)
FNDA:0,(anonymous_6)
FNDA:0,(anonymous_7)
FNDA:0,(anonymous_8)
FNDA:0,(anonymous_9)
FNDA:0,(anonymous_10)
FNDA:0,(anonymous_11)
FNDA:0,(anonymous_12)
FNDA:0,(anonymous_13)
DA:10,0
DA:11,0
DA:12,0
DA:13,0
DA:15,0
DA:16,0
DA:18,0
DA:21,0
DA:25,0
DA:28,0
DA:29,0
DA:30,0
DA:35,0
DA:36,0
DA:37,0
DA:40,0
DA:41,0
DA:44,0
DA:45,0
DA:46,0
DA:49,0
DA:50,0
DA:51,0
DA:52,0
DA:53,0
DA:54,0
DA:55,0
DA:59,0
DA:60,0
DA:62,0
DA:98,0
DA:105,0
DA:116,0
DA:117,0
DA:121,0
DA:141,0
DA:144,0
LF:37
LH:0
BRDA:35,0,0,0
BRDA:35,0,1,0
BRDA:50,1,0,0
BRDA:50,1,1,0
BRDA:50,1,2,0
BRDA:50,1,3,0
BRDA:50,1,4,0
BRDA:69,2,0,0
BRDA:69,2,1,0
BRDA:69,3,0,0
BRDA:69,3,1,0
BRDA:87,4,0,0
BRDA:87,4,1,0
BRDA:117,5,0,0
BRDA:117,5,1,0
BRDA:117,6,0,0
BRDA:117,6,1,0
BRDA:118,7,0,0
BRDA:118,7,1,0
BRF:19
BRH:0
end_of_record
TN:
SF:app/(tabs)/planning.tsx
FN:7,PlanningScreen
FN:10,(anonymous_1)
FN:34,(anonymous_2)
FN:43,(anonymous_3)
FN:52,(anonymous_4)
FN:63,(anonymous_5)
FN:72,(anonymous_6)
FN:88,(anonymous_7)
FN:109,(anonymous_8)
FN:115,(anonymous_9)
FN:137,(anonymous_10)
FN:143,(anonymous_11)
FN:148,(anonymous_12)
FN:153,(anonymous_13)
FN:154,(anonymous_14)
FN:156,(anonymous_15)
FN:163,(anonymous_16)
FN:171,(anonymous_17)
FN:222,(anonymous_18)
FN:249,(anonymous_19)
FN:269,(anonymous_20)
FN:270,(anonymous_21)
FN:276,(anonymous_22)
FN:297,(anonymous_23)
FN:302,(anonymous_24)
FN:316,(anonymous_25)
FN:320,(anonymous_26)
FN:323,(anonymous_27)
FN:352,(anonymous_28)
FN:362,(anonymous_29)
FN:369,(anonymous_30)
FN:369,(anonymous_31)
FN:373,(anonymous_32)
FN:373,(anonymous_33)
FN:380,(anonymous_34)
FN:390,(anonymous_35)
FN:394,(anonymous_36)
FN:396,(anonymous_37)
FN:403,(anonymous_38)
FN:447,(anonymous_39)
FN:454,(anonymous_40)
FN:462,(anonymous_41)
FN:462,(anonymous_42)
FN:465,(anonymous_43)
FN:471,(anonymous_44)
FN:478,(anonymous_45)
FN:481,(anonymous_46)
FN:504,(anonymous_47)
FNF:48
FNH:0
FNDA:0,PlanningScreen
FNDA:0,(anonymous_1)
FNDA:0,(anonymous_2)
FNDA:0,(anonymous_3)
FNDA:0,(anonymous_4)
FNDA:0,(anonymous_5)
FNDA:0,(anonymous_6)
FNDA:0,(anonymous_7)
FNDA:0,(anonymous_8)
FNDA:0,(anonymous_9)
FNDA:0,(anonymous_10)
FNDA:0,(anonymous_11)
FNDA:0,(anonymous_12)
FNDA:0,(anonymous_13)
FNDA:0,(anonymous_14)
FNDA:0,(anonymous_15)
FNDA:0,(anonymous_16)
FNDA:0,(anonymous_17)
FNDA:0,(anonymous_18)
FNDA:0,(anonymous_19)
FNDA:0,(anonymous_20)
FNDA:0,(anonymous_21)
FNDA:0,(anonymous_22)
FNDA:0,(anonymous_23)
FNDA:0,(anonymous_24)
FNDA:0,(anonymous_25)
FNDA:0,(anonymous_26)
FNDA:0,(anonymous_27)
FNDA:0,(anonymous_28)
FNDA:0,(anonymous_29)
FNDA:0,(anonymous_30)
FNDA:0,(anonymous_31)
FNDA:0,(anonymous_32)
FNDA:0,(anonymous_33)
FNDA:0,(anonymous_34)
FNDA:0,(anonymous_35)
FNDA:0,(anonymous_36)
FNDA:0,(anonymous_37)
FNDA:0,(anonymous_38)
FNDA:0,(anonymous_39)
FNDA:0,(anonymous_40)
FNDA:0,(anonymous_41)
FNDA:0,(anonymous_42)
FNDA:0,(anonymous_43)
FNDA:0,(anonymous_44)
FNDA:0,(anonymous_45)
FNDA:0,(anonymous_46)
FNDA:0,(anonymous_47)
DA:9,0
DA:10,0
DA:13,0
DA:14,0
DA:15,0
DA:16,0
DA:19,0
DA:20,0
DA:23,0
DA:24,0
DA:25,0
DA:26,0
DA:29,0
DA:30,0
DA:31,0
DA:34,0
DA:35,0
DA:36,0
DA:37,0
DA:38,0
DA:39,0
DA:43,0
DA:44,0
DA:45,0
DA:46,0
DA:47,0
DA:48,0
DA:52,0
DA:53,0
DA:54,0
DA:55,0
DA:56,0
DA:57,0
DA:63,0
DA:64,0
DA:65,0
DA:66,0
DA:71,0
DA:72,0
DA:73,0
DA:74,0
DA:75,0
DA:77,0
DA:80,0
DA:81,0
DA:83,0
DA:84,0
DA:88,0
DA:89,0
DA:91,0
DA:92,0
DA:95,0
DA:96,0
DA:101,0
DA:103,0
DA:109,0
DA:110,0
DA:111,0
DA:112,0
DA:115,0
DA:116,0
DA:118,0
DA:119,0
DA:120,0
DA:122,0
DA:129,0
DA:130,0
DA:133,0
DA:137,0
DA:138,0
DA:139,0
DA:143,0
DA:144,0
DA:146,0
DA:148,0
DA:149,0
DA:150,0
DA:153,0
DA:154,0
DA:155,0
DA:156,0
DA:158,0
DA:163,0
DA:164,0
DA:165,0
DA:166,0
DA:168,0
DA:169,0
DA:170,0
DA:171,0
DA:173,0
DA:174,0
DA:175,0
DA:176,0
DA:177,0
DA:181,0
DA:182,0
DA:189,0
DA:191,0
DA:192,0
DA:193,0
DA:195,0
DA:200,0
DA:204,0
DA:205,0
DA:206,0
DA:208,0
DA:209,0
DA:211,0
DA:212,0
DA:214,0
DA:216,0
DA:222,0
DA:223,0
DA:224,0
DA:225,0
DA:228,0
DA:229,0
DA:234,0
DA:236,0
DA:237,0
DA:238,0
DA:239,0
DA:240,0
DA:242,0
DA:243,0
DA:249,0
DA:250,0
DA:251,0
DA:255,0
DA:270,0
DA:271,0
DA:273,0
DA:276,0
DA:298,0
DA:299,0
DA:302,0
DA:316,0
DA:321,0
DA:323,0
DA:352,0
DA:362,0
DA:369,0
DA:373,0
DA:381,0
DA:391,0
DA:395,0
DA:396,0
DA:397,0
DA:398,0
DA:400,0
DA:403,0
DA:447,0
DA:454,0
DA:462,0
DA:463,0
DA:465,0
DA:471,0
DA:479,0
DA:481,0
DA:504,0
LF:161
LH:0
BRDA:35,0,0,0
BRDA:35,0,1,0
BRDA:35,0,2,0
BRDA:35,0,3,0
BRDA:44,1,0,0
BRDA:44,1,1,0
BRDA:44,1,2,0
BRDA:44,1,3,0
BRDA:53,2,0,0
BRDA:53,2,1,0
BRDA:53,2,2,0
BRDA:53,2,3,0
BRDA:71,3,0,0
BRDA:71,3,1,0
BRDA:73,4,0,0
BRDA:73,4,1,0
BRDA:75,5,0,0
BRDA:75,5,1,0
BRDA:92,6,0,0
BRDA:92,6,1,0
BRDA:101,7,0,0
BRDA:101,7,1,0
BRDA:116,8,0,0
BRDA:116,8,1,0
BRDA:129,9,0,0
BRDA:129,9,1,0
BRDA:138,10,0,0
BRDA:138,10,1,0
BRDA:138,11,0,0
BRDA:138,11,1,0
BRDA:144,12,0,0
BRDA:144,12,1,0
BRDA:149,13,0,0
BRDA:149,13,1,0
BRDA:150,14,0,0
BRDA:150,14,1,0
BRDA:155,15,0,0
BRDA:155,15,1,0
BRDA:156,16,0,0
BRDA:156,16,1,0
BRDA:164,17,0,0
BRDA:164,17,1,0
BRDA:173,18,0,0
BRDA:173,18,1,0
BRDA:189,19,0,0
BRDA:189,19,1,0
BRDA:191,20,0,0
BRDA:191,20,1,0
BRDA:193,21,0,0
BRDA:193,21,1,0
BRDA:200,22,0,0
BRDA:200,22,1,0
BRDA:209,23,0,0
BRDA:209,23,1,0
BRDA:211,24,0,0
BRDA:211,24,1,0
BRDA:212,25,0,0
BRDA:212,25,1,0
BRDA:223,26,0,0
BRDA:223,26,1,0
BRDA:223,27,0,0
BRDA:223,27,1,0
BRDA:234,28,0,0
BRDA:234,28,1,0
BRDA:262,29,0,0
BRDA:262,29,1,0
BRDA:271,30,0,0
BRDA:271,30,1,0
BRDA:277,31,0,0
BRDA:277,31,1,0
BRDA:279,32,0,0
BRDA:279,32,1,0
BRDA:280,33,0,0
BRDA:280,33,1,0
BRDA:283,34,0,0
BRDA:283,34,1,0
BRDA:284,35,0,0
BRDA:284,35,1,0
BRDA:285,36,0,0
BRDA:285,36,1,0
BRDA:303,37,0,0
BRDA:303,37,1,0
BRDA:305,38,0,0
BRDA:305,38,1,0
BRDA:306,39,0,0
BRDA:306,39,1,0
BRDA:323,40,0,0
BRDA:323,40,1,0
BRDA:327,41,0,0
BRDA:327,41,1,0
BRDA:330,42,0,0
BRDA:330,42,1,0
BRDA:341,43,0,0
BRDA:341,43,1,0
BRDA:341,43,2,0
BRDA:348,44,0,0
BRDA:348,44,1,0
BRDA:348,44,2,0
BRDA:397,45,0,0
BRDA:397,45,1,0
BRDA:404,46,0,0
BRDA:404,46,1,0
BRDA:406,47,0,0
BRDA:406,47,1,0
BRDA:430,48,0,0
BRDA:430,48,1,0
BRDA:443,49,0,0
BRDA:443,49,1,0
BRDA:466,50,0,0
BRDA:466,50,1,0
BRDA:468,51,0,0
BRDA:468,51,1,0
BRDA:471,52,0,0
BRDA:471,52,1,0
BRDA:482,53,0,0
BRDA:482,53,1,0
BRDA:484,54,0,0
BRDA:484,54,1,0
BRDA:491,55,0,0
BRDA:491,55,1,0
BRDA:491,56,0,0
BRDA:491,56,1,0
BRDA:492,57,0,0
BRDA:492,57,1,0
BRF:124
BRH:0
end_of_record
TN:
SF:app/(tabs)/stock.tsx
FN:8,StockScreen
FN:16,(anonymous_1)
FN:21,(anonymous_2)
FN:64,(anonymous_3)
FN:76,(anonymous_4)
FN:89,(anonymous_5)
FN:90,(anonymous_6)
FN:92,(anonymous_7)
FN:108,(anonymous_8)
FN:110,(anonymous_9)
FN:117,(anonymous_10)
FN:119,(anonymous_11)
FNF:12
FNH:0
FNDA:0,StockScreen
FNDA:0,(anonymous_1)
FNDA:0,(anonymous_2)
FNDA:0,(anonymous_3)
FNDA:0,(anonymous_4)
FNDA:0,(anonymous_5)
FNDA:0,(anonymous_6)
FNDA:0,(anonymous_7)
FNDA:0,(anonymous_8)
FNDA:0,(anonymous_9)
FNDA:0,(anonymous_10)
FNDA:0,(anonymous_11)
DA:9,0
DA:10,0
DA:11,0
DA:12,0
DA:13,0
DA:15,0
DA:17,0
DA:21,0
DA:22,0
DA:23,0
DA:28,0
DA:30,0
DA:33,0
DA:34,0
DA:57,0
DA:58,0
DA:59,0
DA:62,0
DA:64,0
DA:66,0
DA:68,0
DA:76,0
DA:89,0
DA:91,0
DA:92,0
DA:108,0
DA:110,0
DA:118,0
DA:119,0
LF:29
LH:0
BRDA:28,0,0,0
BRDA:28,0,1,0
BRDA:30,1,0,0
BRDA:30,1,1,0
BRDA:33,2,0,0
BRDA:33,2,1,0
BRDA:62,3,0,0
BRDA:62,3,1,0
BRDA:93,4,0,0
BRDA:93,4,1,0
BRDA:95,5,0,0
BRDA:95,5,1,0
BRDA:101,6,0,0
BRDA:101,6,1,0
BRDA:127,7,0,0
BRDA:127,7,1,0
BRDA:134,8,0,0
BRDA:134,8,1,0
BRDA:134,9,0,0
BRDA:134,9,1,0
BRDA:135,10,0,0
BRDA:135,10,1,0
BRDA:135,11,0,0
BRDA:135,11,1,0
BRDA:140,12,0,0
BRDA:140,12,1,0
BRDA:145,13,0,0
BRDA:145,13,1,0
BRF:28
BRH:0
end_of_record
TN:
SF:app/interventions/[id].tsx
FN:10,InterventionDetailScreen
FN:21,(anonymous_1)
FN:30,(anonymous_2)
FN:43,(anonymous_3)
FN:83,(anonymous_4)
FN:111,(anonymous_5)
FN:115,(anonymous_6)
FN:117,(anonymous_7)
FN:140,(anonymous_8)
FN:142,(anonymous_9)
FN:165,(anonymous_10)
FN:187,(anonymous_11)
FN:196,(anonymous_12)
FN:198,(anonymous_13)
FN:237,(anonymous_14)
FN:243,(anonymous_15)
FN:248,(anonymous_16)
FN:251,(anonymous_17)
FNF:18
FNH:0
FNDA:0,InterventionDetailScreen
FNDA:0,(anonymous_1)
FNDA:0,(anonymous_2)
FNDA:0,(anonymous_3)
FNDA:0,(anonymous_4)
FNDA:0,(anonymous_5)
FNDA:0,(anonymous_6)
FNDA:0,(anonymous_7)
FNDA:0,(anonymous_8)
FNDA:0,(anonymous_9)
FNDA:0,(anonymous_10)
FNDA:0,(anonymous_11)
FNDA:0,(anonymous_12)
FNDA:0,(anonymous_13)
FNDA:0,(anonymous_14)
FNDA:0,(anonymous_15)
FNDA:0,(anonymous_16)
FNDA:0,(anonymous_17)
DA:11,0
DA:12,0
DA:13,0
DA:14,0
DA:15,0
DA:18,0
DA:19,0
DA:21,0
DA:22,0
DA:23,0
DA:24,0
DA:26,0
DA:30,0
DA:31,0
DA:32,0
DA:33,0
DA:35,0
DA:43,0
DA:44,0
DA:47,0
DA:80,0
DA:81,0
DA:83,0
DA:84,0
DA:85,0
DA:87,0
DA:90,0
DA:101,0
DA:102,0
DA:104,0
DA:106,0
DA:108,0
DA:111,0
DA:113,0
DA:114,0
DA:115,0
DA:116,0
DA:117,0
DA:123,0
DA:124,0
DA:127,0
DA:132,0
DA:133,0
DA:134,0
DA:136,0
DA:140,0
DA:141,0
DA:142,0
DA:165,0
DA:187,0
DA:188,0
DA:189,0
DA:190,0
DA:191,0
DA:192,0
DA:196,0
DA:197,0
DA:198,0
DA:206,0
DA:207,0
DA:214,0
DA:237,0
DA:243,0
DA:249,0
DA:251,0
LF:65
LH:0
BRDA:22,0,0,0
BRDA:22,0,1,0
BRDA:32,1,0,0
BRDA:32,1,1,0
BRDA:32,2,0,0
BRDA:32,2,1,0
BRDA:80,3,0,0
BRDA:80,3,1,0
BRDA:81,4,0,0
BRDA:81,4,1,0
BRDA:81,5,0,0
BRDA:81,5,1,0
BRDA:101,6,0,0
BRDA:101,6,1,0
BRDA:113,7,0,0
BRDA:113,7,1,0
BRDA:114,8,0,0
BRDA:114,8,1,0
BRDA:114,9,0,0
BRDA:114,9,1,0
BRDA:116,10,0,0
BRDA:116,10,1,0
BRDA:132,11,0,0
BRDA:132,11,1,0
BRDA:174,12,0,0
BRDA:174,12,1,0
BRDA:188,13,0,0
BRDA:188,13,1,0
BRDA:188,13,2,0
BRDA:188,13,3,0
BRDA:199,14,0,0
BRDA:199,14,1,0
BRDA:201,15,0,0
BRDA:201,15,1,0
BRDA:202,16,0,0
BRDA:202,16,1,0
BRDA:206,17,0,0
BRDA:206,17,1,0
BRDA:227,18,0,0
BRDA:227,18,1,0
BRDA:228,19,0,0
BRDA:228,19,1,0
BRDA:229,20,0,0
BRDA:229,20,1,0
BRDA:252,21,0,0
BRDA:252,21,1,0
BRDA:258,22,0,0
BRDA:258,22,1,0
BRDA:261,23,0,0
BRDA:261,23,1,0
BRDA:263,24,0,0
BRDA:263,24,1,0
BRF:52
BRH:0
end_of_record
TN:
SF:app/interventions/new.tsx
FN:10,NewInterventionScreen
FN:28,(anonymous_1)
FN:31,(anonymous_2)
FN:43,(anonymous_3)
FN:137,(anonymous_4)
FN:148,(anonymous_5)
FN:170,(anonymous_6)
FN:173,(anonymous_7)
FN:193,(anonymous_8)
FN:198,(anonymous_9)
FN:214,(anonymous_10)
FN:217,(anonymous_11)
FN:240,(anonymous_12)
FN:250,(anonymous_13)
FN:262,(anonymous_14)
FN:274,(anonymous_15)
FN:293,(anonymous_16)
FN:303,(anonymous_17)
FN:316,(anonymous_18)
FN:327,(anonymous_19)
FN:360,(anonymous_20)
FN:364,(anonymous_21)
FNF:22
FNH:0
FNDA:0,NewInterventionScreen
FNDA:0,(anonymous_1)
FNDA:0,(anonymous_2)
FNDA:0,(anonymous_3)
FNDA:0,(anonymous_4)
FNDA:0,(anonymous_5)
FNDA:0,(anonymous_6)
FNDA:0,(anonymous_7)
FNDA:0,(anonymous_8)
FNDA:0,(anonymous_9)
FNDA:0,(anonymous_10)
FNDA:0,(anonymous_11)
FNDA:0,(anonymous_12)
FNDA:0,(anonymous_13)
FNDA:0,(anonymous_14)
FNDA:0,(anonymous_15)
FNDA:0,(anonymous_16)
FNDA:0,(anonymous_17)
FNDA:0,(anonymous_18)
FNDA:0,(anonymous_19)
FNDA:0,(anonymous_20)
FNDA:0,(anonymous_21)
DA:11,0
DA:12,0
DA:15,0
DA:16,0
DA:17,0
DA:18,0
DA:19,0
DA:22,0
DA:23,0
DA:25,0
DA:28,0
DA:29,0
DA:31,0
DA:32,0
DA:38,0
DA:39,0
DA:43,0
DA:44,0
DA:45,0
DA:46,0
DA:49,0
DA:50,0
DA:52,0
DA:63,0
DA:66,0
DA:78,0
DA:81,0
DA:82,0
DA:83,0
DA:85,0
DA:98,0
DA:101,0
DA:102,0
DA:103,0
DA:109,0
DA:110,0
DA:114,0
DA:115,0
DA:116,0
DA:117,0
DA:126,0
DA:127,0
DA:130,0
DA:131,0
DA:133,0
DA:137,0
DA:138,0
DA:139,0
DA:140,0
DA:143,0
DA:148,0
DA:171,0
DA:173,0
DA:194,0
DA:195,0
DA:198,0
DA:215,0
DA:217,0
DA:240,0
DA:250,0
DA:262,0
DA:274,0
DA:293,0
DA:303,0
DA:316,0
DA:327,0
DA:361,0
DA:364,0
LF:68
LH:0
BRDA:38,0,0,0
BRDA:38,0,1,0
BRDA:44,1,0,0
BRDA:44,1,1,0
BRDA:44,2,0,0
BRDA:44,2,1,0
BRDA:63,3,0,0
BRDA:63,3,1,0
BRDA:73,4,0,0
BRDA:73,4,1,0
BRDA:78,5,0,0
BRDA:78,5,1,0
BRDA:98,6,0,0
BRDA:98,6,1,0
BRDA:114,7,0,0
BRDA:114,7,1,0
BRDA:116,8,0,0
BRDA:116,8,1,0
BRDA:131,9,0,0
BRDA:131,9,1,0
BRDA:158,10,0,0
BRDA:158,10,1,0
BRDA:174,11,0,0
BRDA:174,11,1,0
BRDA:176,12,0,0
BRDA:176,12,1,0
BRDA:199,13,0,0
BRDA:199,13,1,0
BRDA:201,14,0,0
BRDA:201,14,1,0
BRDA:204,15,0,0
BRDA:204,15,1,0
BRDA:218,16,0,0
BRDA:218,16,1,0
BRDA:220,17,0,0
BRDA:220,17,1,0
BRDA:371,18,0,0
BRDA:371,18,1,0
BRDA:387,19,0,0
BRDA:387,19,1,0
BRDA:389,20,0,0
BRDA:389,20,1,0
BRF:42
BRH:0
end_of_record
TN:
SF:app/performance/index.tsx
FN:10,PerformanceScreen
FN:32,(anonymous_1)
FN:39,(anonymous_2)
FN:66,(anonymous_3)
FNF:4
FNH:0
FNDA:0,PerformanceScreen
FNDA:0,(anonymous_1)
FNDA:0,(anonymous_2)
FNDA:0,(anonymous_3)
DA:8,0
DA:11,0
DA:12,0
DA:13,0
DA:22,0
DA:32,0
DA:34,0
DA:39,0
DA:67,0
LF:9
LH:0
BRF:0
BRH:0
end_of_record
TN:
SF:app/portal/index.tsx
FN:8,ClientLoginScreen
FN:13,handleSearch
FN:116,(anonymous_2)
FNF:3
FNH:0
FNDA:0,ClientLoginScreen
FNDA:0,handleSearch
FNDA:0,(anonymous_2)
DA:9,0
DA:10,0
DA:11,0
DA:14,0
DA:15,0
DA:16,0
DA:19,0
DA:21,0
DA:26,0
DA:27,0
DA:28,0
DA:29,0
DA:32,0
DA:33,0
DA:34,0
DA:35,0
DA:40,0
DA:42,0
DA:43,0
DA:51,0
DA:52,0
DA:53,0
DA:57,0
DA:58,0
DA:59,0
DA:60,0
DA:64,0
DA:67,0
DA:68,0
DA:71,0
DA:116,0
LF:31
LH:0
BRDA:14,0,0,0
BRDA:14,0,1,0
BRDA:26,1,0,0
BRDA:26,1,1,0
BRDA:32,2,0,0
BRDA:32,2,1,0
BRDA:32,3,0,0
BRDA:32,3,1,0
BRDA:51,4,0,0
BRDA:51,4,1,0
BRDA:57,5,0,0
BRDA:57,5,1,0
BRDA:74,6,0,0
BRDA:74,6,1,0
BRDA:105,7,0,0
BRDA:105,7,1,0
BRF:16
BRH:0
end_of_record
TN:
SF:app/products/[id].tsx
FN:7,ProductDetailScreen
FN:15,(anonymous_1)
FN:24,(anonymous_2)
FN:63,(anonymous_3)
FN:73,(anonymous_4)
FN:81,(anonymous_5)
FN:142,(anonymous_6)
FN:171,(anonymous_7)
FN:171,(anonymous_8)
FN:185,(anonymous_9)
FN:185,(anonymous_10)
FN:227,(anonymous_11)
FNF:12
FNH:0
FNDA:0,ProductDetailScreen
FNDA:0,(anonymous_1)
FNDA:0,(anonymous_2)
FNDA:0,(anonymous_3)
FNDA:0,(anonymous_4)
FNDA:0,(anonymous_5)
FNDA:0,(anonymous_6)
FNDA:0,(anonymous_7)
FNDA:0,(anonymous_8)
FNDA:0,(anonymous_9)
FNDA:0,(anonymous_10)
FNDA:0,(anonymous_11)
DA:8,0
DA:9,0
DA:10,0
DA:11,0
DA:12,0
DA:13,0
DA:15,0
DA:16,0
DA:17,0
DA:18,0
DA:20,0
DA:24,0
DA:25,0
DA:28,0
DA:41,0
DA:42,0
DA:43,0
DA:44,0
DA:45,0
DA:48,0
DA:54,0
DA:55,0
DA:56,0
DA:58,0
DA:60,0
DA:63,0
DA:64,0
DA:70,0
DA:73,0
DA:74,0
DA:76,0
DA:79,0
DA:81,0
DA:84,0
DA:93,0
DA:95,0
DA:96,0
DA:97,0
DA:101,0
DA:107,0
DA:109,0
DA:111,0
DA:121,0
DA:122,0
DA:123,0
DA:124,0
DA:126,0
DA:130,0
DA:131,0
DA:138,0
DA:142,0
DA:171,0
DA:185,0
DA:228,0
LF:54
LH:0
BRDA:16,0,0,0
BRDA:16,0,1,0
BRDA:41,1,0,0
BRDA:41,1,1,0
BRDA:42,2,0,0
BRDA:42,2,1,0
BRDA:42,3,0,0
BRDA:42,3,1,0
BRDA:54,4,0,0
BRDA:54,4,1,0
BRDA:70,5,0,0
BRDA:70,5,1,0
BRDA:70,6,0,0
BRDA:70,6,1,0
BRDA:74,7,0,0
BRDA:74,7,1,0
BRDA:76,8,0,0
BRDA:76,8,1,0
BRDA:79,9,0,0
BRDA:79,9,1,0
BRDA:86,10,0,0
BRDA:86,10,1,0
BRDA:107,11,0,0
BRDA:107,11,1,0
BRDA:113,12,0,0
BRDA:113,12,1,0
BRDA:130,13,0,0
BRDA:130,13,1,0
BRDA:149,14,0,0
BRDA:149,14,1,0
BRDA:161,15,0,0
BRDA:161,15,1,0
BRDA:162,16,0,0
BRDA:162,16,1,0
BRDA:178,17,0,0
BRDA:178,17,1,0
BRDA:178,18,0,0
BRDA:178,18,1,0
BRDA:179,19,0,0
BRDA:179,19,1,0
BRDA:194,20,0,0
BRDA:194,20,1,0
BRDA:194,21,0,0
BRDA:194,21,1,0
BRDA:199,22,0,0
BRDA:199,22,1,0
BRDA:214,23,0,0
BRDA:214,23,1,0
BRDA:218,24,0,0
BRDA:218,24,1,0
BRDA:224,25,0,0
BRDA:224,25,1,0
BRDA:229,26,0,0
BRDA:229,26,1,0
BRDA:230,27,0,0
BRDA:230,27,1,0
BRDA:235,28,0,0
BRDA:235,28,1,0
BRDA:237,29,0,0
BRDA:237,29,1,0
BRDA:238,30,0,0
BRDA:238,30,1,0
BRDA:242,31,0,0
BRDA:242,31,1,0
BRF:64
BRH:0
end_of_record
TN:
SF:app/products/new.tsx
FN:8,NewProductScreen
FN:33,(anonymous_1)
FN:39,(anonymous_2)
FN:45,(anonymous_3)
FN:57,(anonymous_4)
FN:74,(anonymous_5)
FN:99,(anonymous_6)
FN:112,(anonymous_7)
FN:134,(anonymous_8)
FN:146,(anonymous_9)
FN:162,(anonymous_10)
FN:174,(anonymous_11)
FN:197,(anonymous_12)
FN:213,(anonymous_13)
FN:228,(anonymous_14)
FNF:15
FNH:0
FNDA:0,NewProductScreen
FNDA:0,(anonymous_1)
FNDA:0,(anonymous_2)
FNDA:0,(anonymous_3)
FNDA:0,(anonymous_4)
FNDA:0,(anonymous_5)
FNDA:0,(anonymous_6)
FNDA:0,(anonymous_7)
FNDA:0,(anonymous_8)
FNDA:0,(anonymous_9)
FNDA:0,(anonymous_10)
FNDA:0,(anonymous_11)
FNDA:0,(anonymous_12)
FNDA:0,(anonymous_13)
FNDA:0,(anonymous_14)
DA:9,0
DA:10,0
DA:11,0
DA:13,0
DA:14,0
DA:27,0
DA:33,0
DA:34,0
DA:35,0
DA:39,0
DA:40,0
DA:41,0
DA:43,0
DA:44,0
DA:45,0
DA:46,0
DA:47,0
DA:48,0
DA:52,0
DA:53,0
DA:55,0
DA:56,0
DA:57,0
DA:62,0
DA:68,0
DA:70,0
DA:74,0
DA:75,0
DA:76,0
DA:77,0
DA:80,0
DA:81,0
DA:82,0
DA:96,0
DA:98,0
DA:99,0
DA:102,0
DA:103,0
DA:105,0
DA:109,0
DA:112,0
DA:134,0
DA:146,0
DA:162,0
DA:174,0
DA:197,0
DA:213,0
DA:228,0
LF:48
LH:0
BRDA:11,0,0,0
BRDA:11,0,1,0
BRDA:11,1,0,0
BRDA:11,1,1,0
BRDA:34,2,0,0
BRDA:34,2,1,0
BRDA:43,3,0,0
BRDA:43,3,1,0
BRDA:55,4,0,0
BRDA:55,4,1,0
BRDA:59,5,0,0
BRDA:59,5,1,0
BRDA:59,5,2,0
BRDA:60,6,0,0
BRDA:60,6,1,0
BRDA:75,7,0,0
BRDA:75,7,1,0
BRDA:75,8,0,0
BRDA:75,8,1,0
BRDA:88,9,0,0
BRDA:88,9,1,0
BRDA:89,10,0,0
BRDA:89,10,1,0
BRDA:90,11,0,0
BRDA:90,11,1,0
BRDA:91,12,0,0
BRDA:91,12,1,0
BRDA:96,13,0,0
BRDA:96,13,1,0
BRDA:113,14,0,0
BRDA:113,14,1,0
BRDA:119,15,0,0
BRDA:119,15,1,0
BRDA:240,16,0,0
BRDA:240,16,1,0
BRDA:242,17,0,0
BRDA:242,17,1,0
BRF:37
BRH:0
end_of_record
TN:
SF:components/AuthContext.tsx
FN:21,(anonymous_0)
FN:23,(anonymous_1)
FN:28,(anonymous_2)
FN:29,(anonymous_3)
FN:36,(anonymous_4)
FN:43,(anonymous_5)
FN:46,(anonymous_6)
FNF:7
FNH:0
FNDA:0,(anonymous_0)
FNDA:0,(anonymous_1)
FNDA:0,(anonymous_2)
FNDA:0,(anonymous_3)
FNDA:0,(anonymous_4)
FNDA:0,(anonymous_5)
FNDA:0,(anonymous_6)
DA:13,0
DA:21,0
DA:23,0
DA:24,0
DA:25,0
DA:26,0
DA:28,0
DA:29,0
DA:30,0
DA:31,0
DA:32,0
DA:35,0
DA:37,0
DA:38,0
DA:39,0
DA:43,0
DA:46,0
DA:47,0
DA:48,0
DA:49,0
DA:58,0
DA:61,0
LF:22
LH:0
BRDA:47,0,0,0
BRDA:47,0,1,0
BRDA:65,1,0,0
BRDA:65,1,1,0
BRF:4
BRH:0
end_of_record
TN:
SF:components/EditScreenInfo.tsx
FN:10,EditScreenInfo
FNF:1
FNH:0
FNDA:0,EditScreenInfo
DA:11,0
DA:49,0
LF:2
LH:0
BRF:0
BRH:0
end_of_record
TN:
SF:components/ExternalLink.tsx
FN:6,ExternalLink
FN:15,(anonymous_1)
FNF:2
FNH:0
FNDA:0,ExternalLink
FNDA:0,(anonymous_1)
DA:9,0
DA:16,0
DA:18,0
DA:20,0
LF:4
LH:0
BRDA:16,0,0,0
BRDA:16,0,1,0
BRF:2
BRH:0
end_of_record
TN:
SF:components/StyledText.tsx
FN:3,MonoText
FNF:1
FNH:0
FNDA:0,MonoText
DA:4,0
LF:1
LH:0
BRF:0
BRH:0
end_of_record
TN:
SF:components/Themed.tsx
FN:19,useThemeColor
FN:33,Text
FN:40,View
FNF:3
FNH:0
FNDA:0,useThemeColor
FNDA:0,Text
FNDA:0,View
DA:23,0
DA:24,0
DA:26,0
DA:27,0
DA:29,0
DA:34,0
DA:35,0
DA:37,0
DA:41,0
DA:42,0
DA:44,0
LF:11
LH:0
BRDA:23,0,0,0
BRDA:23,0,1,0
BRDA:26,1,0,0
BRDA:26,1,1,0
BRF:4
BRH:0
end_of_record
TN:
SF:components/useClientOnlyValue.ts
FN:2,useClientOnlyValue
FNF:1
FNH:0
FNDA:0,useClientOnlyValue
DA:3,0
LF:1
LH:0
BRF:0
BRH:0
end_of_record
TN:
SF:components/useClientOnlyValue.web.ts
FN:5,useClientOnlyValue
FN:7,(anonymous_1)
FNF:2
FNH:0
FNDA:0,useClientOnlyValue
FNDA:0,(anonymous_1)
DA:6,0
DA:7,0
DA:8,0
DA:11,0
LF:4
LH:0
BRF:0
BRH:0
end_of_record
TN:
SF:components/useColorScheme.ts
FNF:0
FNH:0
LF:0
LH:0
BRF:0
BRH:0
end_of_record
TN:
SF:components/useColorScheme.web.ts
FN:6,useColorScheme
FNF:1
FNH:0
FNDA:0,useColorScheme
DA:7,0
LF:1
LH:0
BRF:0
BRH:0
end_of_record
TN:
SF:components/useProtectedRoute.ts
FN:5,useProtectedRoute
FN:10,(anonymous_1)
FNF:2
FNH:0
FNDA:0,useProtectedRoute
FNDA:0,(anonymous_1)
DA:6,0
DA:7,0
DA:8,0
DA:10,0
DA:11,0
DA:13,0
DA:14,0
DA:15,0
DA:17,0
DA:19,0
DA:20,0
DA:22,0
LF:12
LH:0
BRDA:11,0,0,0
BRDA:11,0,1,0
BRDA:17,1,0,0
BRDA:17,1,1,0
BRDA:17,2,0,0
BRDA:17,2,1,0
BRDA:17,2,2,0
BRDA:17,2,3,0
BRDA:20,3,0,0
BRDA:20,3,1,0
BRDA:20,4,0,0
BRDA:20,4,1,0
BRF:12
BRH:0
end_of_record
TN:
SF:components/intervention/InterventionParts.tsx
FN:6,InterventionParts
FN:19,(anonymous_1)
FN:28,(anonymous_2)
FN:31,(anonymous_3)
FN:50,(anonymous_4)
FN:93,(anonymous_5)
FN:99,(anonymous_6)
FN:105,(anonymous_7)
FN:108,(anonymous_8)
FN:119,(anonymous_9)
FN:132,(anonymous_10)
FN:161,(anonymous_11)
FN:176,(anonymous_12)
FN:185,(anonymous_13)
FN:193,(anonymous_14)
FN:199,(anonymous_15)
FN:213,(anonymous_16)
FN:226,(anonymous_17)
FN:237,(anonymous_18)
FNF:19
FNH:0
FNDA:0,InterventionParts
FNDA:0,(anonymous_1)
FNDA:0,(anonymous_2)
FNDA:0,(anonymous_3)
FNDA:0,(anonymous_4)
FNDA:0,(anonymous_5)
FNDA:0,(anonymous_6)
FNDA:0,(anonymous_7)
FNDA:0,(anonymous_8)
FNDA:0,(anonymous_9)
FNDA:0,(anonymous_10)
FNDA:0,(anonymous_11)
FNDA:0,(anonymous_12)
FNDA:0,(anonymous_13)
FNDA:0,(anonymous_14)
FNDA:0,(anonymous_15)
FNDA:0,(anonymous_16)
FNDA:0,(anonymous_17)
FNDA:0,(anonymous_18)
DA:7,0
DA:8,0
DA:9,0
DA:12,0
DA:19,0
DA:20,0
DA:23,0
DA:28,0
DA:31,0
DA:33,0
DA:36,0
DA:37,0
DA:40,0
DA:45,0
DA:46,0
DA:47,0
DA:50,0
DA:51,0
DA:52,0
DA:53,0
DA:57,0
DA:58,0
DA:67,0
DA:68,0
DA:69,0
DA:70,0
DA:73,0
DA:82,0
DA:83,0
DA:84,0
DA:86,0
DA:87,0
DA:89,0
DA:93,0
DA:99,0
DA:100,0
DA:107,0
DA:108,0
DA:109,0
DA:112,0
DA:113,0
DA:119,0
DA:120,0
DA:132,0
DA:139,0
DA:161,0
DA:176,0
DA:185,0
DA:193,0
DA:199,0
DA:213,0
DA:226,0
DA:237,0
LF:53
LH:0
BRDA:33,0,0,0
BRDA:33,0,1,0
BRDA:45,1,0,0
BRDA:45,1,1,0
BRDA:46,2,0,0
BRDA:46,2,1,0
BRDA:51,3,0,0
BRDA:51,3,1,0
BRDA:51,4,0,0
BRDA:51,4,1,0
BRDA:57,5,0,0
BRDA:57,5,1,0
BRDA:82,6,0,0
BRDA:82,6,1,0
BRDA:107,7,0,0
BRDA:107,7,1,0
BRDA:122,8,0,0
BRDA:122,8,1,0
BRDA:123,9,0,0
BRDA:123,9,1,0
BRDA:147,10,0,0
BRDA:147,10,1,0
BRDA:149,11,0,0
BRDA:149,11,1,0
BRDA:149,11,2,0
BRDA:179,12,0,0
BRDA:179,12,1,0
BRDA:194,13,0,0
BRDA:194,13,1,0
BRDA:196,14,0,0
BRDA:196,14,1,0
BRDA:200,15,0,0
BRDA:200,15,1,0
BRDA:202,16,0,0
BRDA:202,16,1,0
BRDA:210,17,0,0
BRDA:210,17,1,0
BRF:37
BRH:0
end_of_record
TN:
SF:components/intervention/InterventionPhotos.tsx
FN:7,InterventionPhotos
FN:12,(anonymous_1)
FN:19,(anonymous_2)
FN:22,(anonymous_3)
FN:40,(anonymous_4)
FN:54,(anonymous_5)
FN:72,(anonymous_6)
FN:86,(anonymous_7)
FN:112,(anonymous_8)
FN:118,(anonymous_9)
FN:121,(anonymous_10)
FN:142,(anonymous_11)
FN:150,(anonymous_12)
FNF:13
FNH:0
FNDA:0,InterventionPhotos
FNDA:0,(anonymous_1)
FNDA:0,(anonymous_2)
FNDA:0,(anonymous_3)
FNDA:0,(anonymous_4)
FNDA:0,(anonymous_5)
FNDA:0,(anonymous_6)
FNDA:0,(anonymous_7)
FNDA:0,(anonymous_8)
FNDA:0,(anonymous_9)
FNDA:0,(anonymous_10)
FNDA:0,(anonymous_11)
FNDA:0,(anonymous_12)
DA:8,0
DA:9,0
DA:10,0
DA:12,0
DA:13,0
DA:14,0
DA:19,0
DA:22,0
DA:24,0
DA:25,0
DA:26,0
DA:29,0
DA:35,0
DA:36,0
DA:37,0
DA:40,0
DA:42,0
DA:49,0
DA:50,0
DA:54,0
DA:55,0
DA:56,0
DA:57,0
DA:58,0
DA:61,0
DA:67,0
DA:68,0
DA:72,0
DA:73,0
DA:76,0
DA:77,0
DA:86,0
DA:87,0
DA:88,0
DA:90,0
DA:97,0
DA:104,0
DA:105,0
DA:106,0
DA:109,0
DA:112,0
DA:113,0
DA:120,0
DA:121,0
DA:122,0
DA:125,0
DA:131,0
DA:143,0
DA:150,0
LF:49
LH:0
BRDA:24,0,0,0
BRDA:24,0,1,0
BRDA:35,1,0,0
BRDA:35,1,1,0
BRDA:36,2,0,0
BRDA:36,2,1,0
BRDA:49,3,0,0
BRDA:49,3,1,0
BRDA:56,4,0,0
BRDA:56,4,1,0
BRDA:67,5,0,0
BRDA:67,5,1,0
BRDA:76,6,0,0
BRDA:76,6,1,0
BRDA:104,7,0,0
BRDA:104,7,1,0
BRDA:120,8,0,0
BRDA:120,8,1,0
BRDA:138,9,0,0
BRDA:138,9,1,0
BRDA:163,10,0,0
BRDA:163,10,1,0
BRDA:163,10,2,0
BRDA:178,11,0,0
BRDA:178,11,1,0
BRF:25
BRH:0
end_of_record
TN:
SF:components/intervention/InterventionSummary.tsx
FN:8,InterventionSummary
FN:11,(anonymous_1)
FN:17,(anonymous_2)
FN:39,(anonymous_3)
FN:42,(anonymous_4)
FNF:5
FNH:0
FNDA:0,InterventionSummary
FNDA:0,(anonymous_1)
FNDA:0,(anonymous_2)
FNDA:0,(anonymous_3)
FNDA:0,(anonymous_4)
DA:9,0
DA:11,0
DA:12,0
DA:15,0
DA:17,0
DA:18,0
DA:21,0
DA:23,0
DA:26,0
DA:31,0
DA:32,0
DA:34,0
DA:36,0
DA:39,0
DA:40,0
DA:42,0
DA:54,0
LF:17
LH:0
BRDA:15,0,0,0
BRDA:15,0,1,0
BRDA:31,1,0,0
BRDA:31,1,1,0
BRDA:43,2,0,0
BRDA:43,2,1,0
BRDA:44,3,0,0
BRDA:44,3,1,0
BRDA:46,4,0,0
BRDA:46,4,1,0
BRDA:47,5,0,0
BRDA:47,5,1,0
BRDA:48,6,0,0
BRDA:48,6,1,0
BRDA:82,7,0,0
BRDA:82,7,1,0
BRDA:87,8,0,0
BRDA:87,8,1,0
BRDA:101,9,0,0
BRDA:101,9,1,0
BRDA:109,10,0,0
BRDA:109,10,1,0
BRDA:117,11,0,0
BRDA:117,11,1,0
BRF:24
BRH:0
end_of_record
TN:
SF:constants/Colors.ts
FNF:0
FNH:0
DA:1,1
DA:2,1
LF:2
LH:2
BRF:0
BRH:0
end_of_record
TN:
SF:lib/store.ts
FN:4,(anonymous_0)
FN:8,(anonymous_1)
FN:12,(anonymous_2)
FNF:3
FNH:0
FNDA:0,(anonymous_0)
FNDA:0,(anonymous_1)
FNDA:0,(anonymous_2)
DA:1,0
DA:5,0
DA:9,0
DA:13,0
LF:4
LH:0
BRF:0
BRH:0
end_of_record
TN:
SF:lib/supabase.ts
FN:23,(anonymous_0)
FNF:1
FNH:0
FNDA:0,(anonymous_0)
DA:6,0
DA:7,0
DA:9,0
DA:23,0
DA:24,0
DA:25,0
DA:27,0
LF:7
LH:0
BRDA:6,0,0,0
BRDA:6,0,1,0
BRDA:7,1,0,0
BRDA:7,1,1,0
BRDA:24,2,0,0
BRDA:24,2,1,0
BRF:6
BRH:0
end_of_record
